<?xml version="1.0" encoding="UTF-8"?>
<testsuite xmlns:xsi="http://www.w3.org/2001/XMLSchema-instance" xsi:noNamespaceSchemaLocation="https://maven.apache.org/surefire/maven-surefire-plugin/xsd/surefire-test-report-3.0.xsd" version="3.0" name="com.example.blogapp.BlogAppApplicationTests" time="3.501" tests="1" errors="0" skipped="0" failures="0">
  <properties>
[...]
</properties>
  <testcase name="contextLoads" classname="com.example.blogapp.BlogAppApplicationTests" time="0.01">
    <system-out><![CDATA[2023-07-24T16:46:29.521+01:00 DEBUG 45596 --- [           main] .b.t.c.SpringBootTestContextBootstrapper : Neither @ContextConfiguration nor @ContextHierarchy found for test class [BlogAppApplicationTests]: using SpringBootContextLoader
2023-07-24T16:46:29.522+01:00 DEBUG 45596 --- [           main] o.s.t.c.support.AbstractContextLoader    : Could not detect default resource locations for test class [com.example.blogapp.BlogAppApplicationTests]: no resource found for suffixes {-context.xml, Context.groovy}.
2023-07-24T16:46:29.522+01:00  INFO 45596 --- [           main] t.c.s.AnnotationConfigContextLoaderUtils : Could not detect default configuration classes for test class [com.example.blogapp.BlogAppApplicationTests]: BlogAppApplicationTests does not declare any static, non-private, non-final, nested classes annotated with @Configuration.
2023-07-24T16:46:29.523+01:00 DEBUG 45596 --- [           main] .b.t.c.SpringBootTestContextBootstrapper : Using ContextCustomizers for test class [BlogAppApplicationTests]: [ExcludeFilterContextCustomizer, DuplicateJsonObjectContextCustomizer, MockitoContextCustomizer, TestRestTemplateContextCustomizer, DisableObservabilityContextCustomizer, PropertyMappingContextCustomizer, Customizer]
2023-07-24T16:46:29.530+01:00 DEBUG 45596 --- [           main] ssPathScanningCandidateComponentProvider : Identified candidate component class: file [/Users/decagon/Desktop/BlogApi/target/classes/com/example/blogapp/BlogAppApplication.class]
2023-07-24T16:46:29.530+01:00  INFO 45596 --- [           main] .b.t.c.SpringBootTestContextBootstrapper : Found @SpringBootConfiguration com.example.blogapp.BlogAppApplication for test class com.example.blogapp.BlogAppApplicationTests
2023-07-24T16:46:29.534+01:00 DEBUG 45596 --- [           main] .s.t.c.u.TestContextSpringFactoriesUtils : Skipping candidate TestExecutionListener [org.springframework.test.context.observation.MicrometerObservationRegistryTestExecutionListener] due to a missing dependency. Specify custom TestExecutionListener classes or make the default TestExecutionListener classes and their required dependencies available. Offending class: [Could not initialize class org.springframework.test.context.observation.MicrometerObservationRegistryTestExecutionListener]
2023-07-24T16:46:29.534+01:00 DEBUG 45596 --- [           main] .b.t.c.SpringBootTestContextBootstrapper : Using TestExecutionListeners for test class [BlogAppApplicationTests]: [ServletTestExecutionListener, DirtiesContextBeforeModesTestExecutionListener, ApplicationEventsTestExecutionListener, MockitoTestExecutionListener, DependencyInjectionTestExecutionListener, DirtiesContextTestExecutionListener, TransactionalTestExecutionListener, SqlScriptsTestExecutionListener, EventPublishingTestExecutionListener, ResetMocksTestExecutionListener, RestDocsTestExecutionListener, MockRestServiceServerResetTestExecutionListener, MockMvcPrintOnlyOnFailureTestExecutionListener, WebDriverTestExecutionListener, MockWebServiceServerTestExecutionListener]
2023-07-24T16:46:29.534+01:00 DEBUG 45596 --- [           main] sContextBeforeModesTestExecutionListener : Before test class: class [BlogAppApplicationTests], class annotated with @DirtiesContext [false] with mode [null]
2023-07-24T16:46:29.576+01:00 DEBUG 45596 --- [           main] .s.b.w.s.c.ApplicationServletEnvironment : Activating profiles [dev]

  .   ____          _            __ _ _
 /\\ / ___'_ __ _ _(_)_ __  __ _ \ \ \ \
( ( )\___ | '_ | '_| | '_ \/ _` | \ \ \ \
 \\/  ___)| |_)| | | | | || (_| |  ) ) ) )
  '  |____| .__|_| |_|_| |_\__, | / / / /
 =========|_|==============|___/=/_/_/_/
 :: Spring Boot ::                (v3.1.1)

2023-07-24T16:46:29.599+01:00  INFO 45596 --- [           main] c.e.blogapp.BlogAppApplicationTests      : Starting BlogAppApplicationTests using Java 20.0.1 with PID 45596 (started by decagon in /Users/decagon/Desktop/BlogApi)
2023-07-24T16:46:29.599+01:00 DEBUG 45596 --- [           main] c.e.blogapp.BlogAppApplicationTests      : Running with Spring Boot v3.1.1, Spring v6.0.10
2023-07-24T16:46:29.600+01:00  INFO 45596 --- [           main] c.e.blogapp.BlogAppApplicationTests      : The following 1 profile is active: "dev"
2023-07-24T16:46:29.600+01:00 DEBUG 45596 --- [           main] o.s.boot.SpringApplication               : Loading source class com.example.blogapp.BlogAppApplication
2023-07-24T16:46:29.604+01:00 DEBUG 45596 --- [           main] o.s.w.c.s.GenericWebApplicationContext   : Refreshing org.springframework.web.context.support.GenericWebApplicationContext@30a1b9b0
2023-07-24T16:46:29.605+01:00 DEBUG 45596 --- [           main] o.s.b.f.s.DefaultListableBeanFactory     : Creating shared instance of singleton bean 'org.springframework.context.annotation.internalConfigurationAnnotationProcessor'
2023-07-24T16:46:29.605+01:00 DEBUG 45596 --- [           main] o.s.b.f.s.DefaultListableBeanFactory     : Creating shared instance of singleton bean 'org.springframework.boot.autoconfigure.internalCachingMetadataReaderFactory'
2023-07-24T16:46:29.619+01:00 DEBUG 45596 --- [           main] o.s.c.a.ClassPathBeanDefinitionScanner   : Identified candidate component class: file [/Users/decagon/Desktop/BlogApi/target/classes/com/example/blogapp/controller/BlogUserController.class]
2023-07-24T16:46:29.619+01:00 DEBUG 45596 --- [           main] o.s.c.a.ClassPathBeanDefinitionScanner   : Identified candidate component class: file [/Users/decagon/Desktop/BlogApi/target/classes/com/example/blogapp/controller/CommentController.class]
2023-07-24T16:46:29.620+01:00 DEBUG 45596 --- [           main] o.s.c.a.ClassPathBeanDefinitionScanner   : Identified candidate component class: file [/Users/decagon/Desktop/BlogApi/target/classes/com/example/blogapp/controller/LikeController.class]
2023-07-24T16:46:29.621+01:00 DEBUG 45596 --- [           main] o.s.c.a.ClassPathBeanDefinitionScanner   : Identified candidate component class: file [/Users/decagon/Desktop/BlogApi/target/classes/com/example/blogapp/controller/SuperuserController.class]
2023-07-24T16:46:29.641+01:00 DEBUG 45596 --- [           main] o.s.c.a.ClassPathBeanDefinitionScanner   : Identified candidate component class: file [/Users/decagon/Desktop/BlogApi/target/classes/com/example/blogapp/exceptions/BlogExceptionHandler.class]
2023-07-24T16:46:29.641+01:00 DEBUG 45596 --- [           main] o.s.c.a.ClassPathBeanDefinitionScanner   : Ignored because not a concrete top-level class: file [/Users/decagon/Desktop/BlogApi/target/classes/com/example/blogapp/repository/BlogUserRepository.class]
2023-07-24T16:46:29.642+01:00 DEBUG 45596 --- [           main] o.s.c.a.ClassPathBeanDefinitionScanner   : Ignored because not a concrete top-level class: file [/Users/decagon/Desktop/BlogApi/target/classes/com/example/blogapp/repository/CommentRepository.class]
2023-07-24T16:46:29.643+01:00 DEBUG 45596 --- [           main] o.s.c.a.ClassPathBeanDefinitionScanner   : Ignored because not a concrete top-level class: file [/Users/decagon/Desktop/BlogApi/target/classes/com/example/blogapp/repository/PostRepository.class]
2023-07-24T16:46:29.643+01:00 DEBUG 45596 --- [           main] o.s.c.a.ClassPathBeanDefinitionScanner   : Ignored because not a concrete top-level class: file [/Users/decagon/Desktop/BlogApi/target/classes/com/example/blogapp/repository/SuperUserRepository.class]
2023-07-24T16:46:29.644+01:00 DEBUG 45596 --- [           main] o.s.c.a.ClassPathBeanDefinitionScanner   : Identified candidate component class: file [/Users/decagon/Desktop/BlogApi/target/classes/com/example/blogapp/services/implementation/AdminService.class]
2023-07-24T16:46:29.645+01:00 DEBUG 45596 --- [           main] o.s.c.a.ClassPathBeanDefinitionScanner   : Identified candidate component class: file [/Users/decagon/Desktop/BlogApi/target/classes/com/example/blogapp/services/implementation/BlogUserServices.class]
2023-07-24T16:46:29.645+01:00 DEBUG 45596 --- [           main] o.s.c.a.ClassPathBeanDefinitionScanner   : Identified candidate component class: file [/Users/decagon/Desktop/BlogApi/target/classes/com/example/blogapp/utils/EntityMapper.class]
2023-07-24T16:46:29.891+01:00  INFO 45596 --- [           main] .s.d.r.c.RepositoryConfigurationDelegate : Bootstrapping Spring Data JPA repositories in DEFAULT mode.
2023-07-24T16:46:29.892+01:00 DEBUG 45596 --- [           main] o.s.b.f.s.DefaultListableBeanFactory     : Creating shared instance of singleton bean 'org.springframework.boot.autoconfigure.AutoConfigurationPackages'
2023-07-24T16:46:29.892+01:00 DEBUG 45596 --- [           main] o.s.b.a.AutoConfigurationPackages        : @EnableAutoConfiguration was declared on a class in the package 'com.example.blogapp'. Automatic @Repository and @Entity scanning is enabled.
2023-07-24T16:46:29.892+01:00 DEBUG 45596 --- [           main] .s.d.r.c.RepositoryConfigurationDelegate : Scanning for JPA repositories in packages com.example.blogapp.
2023-07-24T16:46:29.923+01:00 DEBUG 45596 --- [           main] o.s.d.r.c.RepositoryComponentProvider    : Identified candidate component class: file [/Users/decagon/Desktop/BlogApi/target/classes/com/example/blogapp/repository/BlogUserRepository.class]
2023-07-24T16:46:29.923+01:00 DEBUG 45596 --- [           main] o.s.d.r.c.RepositoryComponentProvider    : Identified candidate component class: file [/Users/decagon/Desktop/BlogApi/target/classes/com/example/blogapp/repository/CommentRepository.class]
2023-07-24T16:46:29.923+01:00 DEBUG 45596 --- [           main] o.s.d.r.c.RepositoryComponentProvider    : Identified candidate component class: file [/Users/decagon/Desktop/BlogApi/target/classes/com/example/blogapp/repository/LikeRepository.class]
2023-07-24T16:46:29.923+01:00 DEBUG 45596 --- [           main] o.s.d.r.c.RepositoryComponentProvider    : Identified candidate component class: file [/Users/decagon/Desktop/BlogApi/target/classes/com/example/blogapp/repository/PostRepository.class]
2023-07-24T16:46:29.923+01:00 DEBUG 45596 --- [           main] o.s.d.r.c.RepositoryComponentProvider    : Identified candidate component class: file [/Users/decagon/Desktop/BlogApi/target/classes/com/example/blogapp/repository/SuperUserRepository.class]
2023-07-24T16:46:29.938+01:00  INFO 45596 --- [           main] .s.d.r.c.RepositoryConfigurationDelegate : Finished Spring Data repository scanning in 45 ms. Found 5 JPA repository interfaces.
2023-07-24T16:46:29.992+01:00 DEBUG 45596 --- [           main] o.s.b.f.s.DefaultListableBeanFactory     : Creating shared instance of singleton bean 'propertySourcesPlaceholderConfigurer'
2023-07-24T16:46:29.994+01:00 DEBUG 45596 --- [           main] o.s.b.f.s.DefaultListableBeanFactory     : Creating shared instance of singleton bean 'org.springframework.boot.test.mock.mockito.MockitoPostProcessor'
2023-07-24T16:46:29.994+01:00 DEBUG 45596 --- [           main] o.s.b.f.s.DefaultListableBeanFactory     : Creating shared instance of singleton bean 'emBeanDefinitionRegistrarPostProcessor'
2023-07-24T16:46:29.995+01:00 DEBUG 45596 --- [           main] o.s.b.f.s.DefaultListableBeanFactory     : Creating shared instance of singleton bean 'org.springframework.boot.sql.init.dependency.DatabaseInitializationDependencyConfigurer$DependsOnDatabaseInitializationPostProcessor'
2023-07-24T16:46:30.007+01:00 DEBUG 45596 --- [           main] o.s.b.f.s.DefaultListableBeanFactory     : Creating shared instance of singleton bean 'org.springframework.context.event.internalEventListenerProcessor'
2023-07-24T16:46:30.008+01:00 DEBUG 45596 --- [           main] o.s.b.f.s.DefaultListableBeanFactory     : Creating shared instance of singleton bean 'preserveErrorControllerTargetClassPostProcessor'
2023-07-24T16:46:30.009+01:00 DEBUG 45596 --- [           main] o.s.b.f.s.DefaultListableBeanFactory     : Creating shared instance of singleton bean 'org.springframework.context.event.internalEventListenerFactory'
2023-07-24T16:46:30.009+01:00 DEBUG 45596 --- [           main] o.s.b.f.s.DefaultListableBeanFactory     : Creating shared instance of singleton bean 'org.springframework.transaction.config.internalTransactionalEventListenerFactory'
2023-07-24T16:46:30.011+01:00 DEBUG 45596 --- [           main] o.s.b.f.s.DefaultListableBeanFactory     : Creating shared instance of singleton bean 'org.springframework.boot.test.mock.mockito.MockitoPostProcessor$SpyPostProcessor'
2023-07-24T16:46:30.012+01:00 DEBUG 45596 --- [           main] o.s.b.f.s.DefaultListableBeanFactory     : Creating shared instance of singleton bean 'org.springframework.context.annotation.internalAutowiredAnnotationProcessor'
2023-07-24T16:46:30.012+01:00 DEBUG 45596 --- [           main] o.s.b.f.s.DefaultListableBeanFactory     : Creating shared instance of singleton bean 'org.springframework.context.annotation.internalCommonAnnotationProcessor'
2023-07-24T16:46:30.013+01:00 DEBUG 45596 --- [           main] o.s.b.f.s.DefaultListableBeanFactory     : Creating shared instance of singleton bean 'org.springframework.context.annotation.internalPersistenceAnnotationProcessor'
2023-07-24T16:46:30.013+01:00 DEBUG 45596 --- [           main] o.s.b.f.s.DefaultListableBeanFactory     : Creating shared instance of singleton bean 'org.springframework.boot.context.properties.ConfigurationPropertiesBindingPostProcessor'
2023-07-24T16:46:30.013+01:00 DEBUG 45596 --- [           main] o.s.b.f.s.DefaultListableBeanFactory     : Creating shared instance of singleton bean 'org.springframework.boot.context.internalConfigurationPropertiesBinder'
2023-07-24T16:46:30.014+01:00 DEBUG 45596 --- [           main] o.s.b.f.s.DefaultListableBeanFactory     : Creating shared instance of singleton bean 'jdbcConnectionDetailsHikariBeanPostProcessor'
2023-07-24T16:46:30.014+01:00 DEBUG 45596 --- [           main] o.s.b.f.s.DefaultListableBeanFactory     : Creating shared instance of singleton bean 'methodValidationPostProcessor'
2023-07-24T16:46:30.018+01:00 DEBUG 45596 --- [           main] o.s.b.f.s.DefaultListableBeanFactory     : Autowiring by type from bean name 'methodValidationPostProcessor' via factory method to bean named 'environment'
2023-07-24T16:46:30.019+01:00 DEBUG 45596 --- [           main] o.s.b.f.s.DefaultListableBeanFactory     : Creating shared instance of singleton bean 'org.springframework.boot.context.properties.EnableConfigurationPropertiesRegistrar.methodValidationExcludeFilter'
2023-07-24T16:46:30.020+01:00 DEBUG 45596 --- [           main] o.s.b.f.s.DefaultListableBeanFactory     : Creating shared instance of singleton bean 'org.springframework.aop.config.internalAutoProxyCreator'
2023-07-24T16:46:30.022+01:00 DEBUG 45596 --- [           main] o.s.b.f.s.DefaultListableBeanFactory     : Creating shared instance of singleton bean 'persistenceExceptionTranslationPostProcessor'
2023-07-24T16:46:30.023+01:00 DEBUG 45596 --- [           main] o.s.b.f.s.DefaultListableBeanFactory     : Autowiring by type from bean name 'persistenceExceptionTranslationPostProcessor' via factory method to bean named 'environment'
2023-07-24T16:46:30.024+01:00 DEBUG 45596 --- [           main] o.s.b.f.s.DefaultListableBeanFactory     : Creating shared instance of singleton bean 'annotationActionEndpointMapping'
2023-07-24T16:46:30.024+01:00 DEBUG 45596 --- [           main] o.s.b.f.s.DefaultListableBeanFactory     : Creating shared instance of singleton bean 'org.springframework.ws.config.annotation.DelegatingWsConfiguration'
2023-07-24T16:46:30.027+01:00  INFO 45596 --- [           main] trationDelegate$BeanPostProcessorChecker : Bean 'org.springframework.ws.config.annotation.DelegatingWsConfiguration' of type [org.springframework.ws.config.annotation.DelegatingWsConfiguration$$SpringCGLIB$$0] is not eligible for getting processed by all BeanPostProcessors (for example: not eligible for auto-proxying)
2023-07-24T16:46:30.029+01:00  INFO 45596 --- [           main] .w.s.a.s.AnnotationActionEndpointMapping : Supporting [WS-Addressing August 2004, WS-Addressing 1.0]
2023-07-24T16:46:30.030+01:00 DEBUG 45596 --- [           main] o.s.b.f.s.DefaultListableBeanFactory     : Creating shared instance of singleton bean 'webServerFactoryCustomizerBeanPostProcessor'
2023-07-24T16:46:30.030+01:00 DEBUG 45596 --- [           main] o.s.b.f.s.DefaultListableBeanFactory     : Creating shared instance of singleton bean 'errorPageRegistrarBeanPostProcessor'
2023-07-24T16:46:30.030+01:00 DEBUG 45596 --- [           main] o.s.b.f.s.DefaultListableBeanFactory     : Creating shared instance of singleton bean 'projectingArgumentResolverBeanPostProcessor'
2023-07-24T16:46:30.031+01:00 DEBUG 45596 --- [           main] o.s.b.f.s.DefaultListableBeanFactory     : Creating shared instance of singleton bean 'org.springframework.transaction.config.internalTransactionAdvisor'
2023-07-24T16:46:30.031+01:00 DEBUG 45596 --- [           main] o.s.b.f.s.DefaultListableBeanFactory     : Creating shared instance of singleton bean 'org.springframework.transaction.annotation.ProxyTransactionManagementConfiguration'
2023-07-24T16:46:30.038+01:00 DEBUG 45596 --- [           main] o.s.b.f.s.DefaultListableBeanFactory     : Creating shared instance of singleton bean 'transactionAttributeSource'
2023-07-24T16:46:30.039+01:00 DEBUG 45596 --- [           main] o.s.b.f.s.DefaultListableBeanFactory     : Creating shared instance of singleton bean 'transactionInterceptor'
2023-07-24T16:46:30.040+01:00 DEBUG 45596 --- [           main] o.s.b.f.s.DefaultListableBeanFactory     : Autowiring by type from bean name 'transactionInterceptor' via factory method to bean named 'transactionAttributeSource'
2023-07-24T16:46:30.041+01:00 DEBUG 45596 --- [           main] o.s.b.f.s.DefaultListableBeanFactory     : Autowiring by type from bean name 'org.springframework.transaction.config.internalTransactionAdvisor' via factory method to bean named 'transactionAttributeSource'
2023-07-24T16:46:30.041+01:00 DEBUG 45596 --- [           main] o.s.b.f.s.DefaultListableBeanFactory     : Autowiring by type from bean name 'org.springframework.transaction.config.internalTransactionAdvisor' via factory method to bean named 'transactionInterceptor'
2023-07-24T16:46:30.042+01:00 DEBUG 45596 --- [           main] o.s.u.c.s.UiApplicationContextUtils      : Unable to locate ThemeSource with name 'themeSource': using default [org.springframework.ui.context.support.ResourceBundleThemeSource@6311898c]
2023-07-24T16:46:30.043+01:00 DEBUG 45596 --- [           main] o.s.b.f.s.DefaultListableBeanFactory     : Creating shared instance of singleton bean 'dataSourceScriptDatabaseInitializer'
2023-07-24T16:46:30.043+01:00 DEBUG 45596 --- [           main] o.s.b.f.s.DefaultListableBeanFactory     : Creating shared instance of singleton bean 'org.springframework.boot.autoconfigure.sql.init.DataSourceInitializationConfiguration'
2023-07-24T16:46:30.045+01:00 DEBUG 45596 --- [           main] o.s.b.f.s.DefaultListableBeanFactory     : Creating shared instance of singleton bean 'dataSource'
2023-07-24T16:46:30.045+01:00 DEBUG 45596 --- [           main] o.s.b.f.s.DefaultListableBeanFactory     : Creating shared instance of singleton bean 'org.springframework.boot.autoconfigure.jdbc.DataSourceConfiguration$Hikari'
2023-07-24T16:46:30.046+01:00 DEBUG 45596 --- [           main] o.s.b.f.s.DefaultListableBeanFactory     : Creating shared instance of singleton bean 'spring.datasource-org.springframework.boot.autoconfigure.jdbc.DataSourceProperties'
2023-07-24T16:46:30.046+01:00 DEBUG 45596 --- [           main] o.s.b.f.s.DefaultListableBeanFactory     : Creating shared instance of singleton bean 'org.springframework.boot.context.properties.BoundConfigurationProperties'
2023-07-24T16:46:30.068+01:00 DEBUG 45596 --- [           main] o.s.b.f.s.DefaultListableBeanFactory     : Creating shared instance of singleton bean 'jdbcConnectionDetails'
2023-07-24T16:46:30.068+01:00 DEBUG 45596 --- [           main] o.s.b.f.s.DefaultListableBeanFactory     : Creating shared instance of singleton bean 'org.springframework.boot.autoconfigure.jdbc.DataSourceAutoConfiguration$PooledDataSourceConfiguration'
2023-07-24T16:46:30.070+01:00 DEBUG 45596 --- [           main] o.s.b.f.s.DefaultListableBeanFactory     : Autowiring by type from bean name 'jdbcConnectionDetails' via factory method to bean named 'spring.datasource-org.springframework.boot.autoconfigure.jdbc.DataSourceProperties'
2023-07-24T16:46:30.074+01:00 DEBUG 45596 --- [           main] o.s.b.f.s.DefaultListableBeanFactory     : Autowiring by type from bean name 'dataSource' via factory method to bean named 'spring.datasource-org.springframework.boot.autoconfigure.jdbc.DataSourceProperties'
2023-07-24T16:46:30.074+01:00 DEBUG 45596 --- [           main] o.s.b.f.s.DefaultListableBeanFactory     : Autowiring by type from bean name 'dataSource' via factory method to bean named 'jdbcConnectionDetails'
2023-07-24T16:46:30.098+01:00 DEBUG 45596 --- [           main] com.zaxxer.hikari.HikariConfig           : Driver class org.postgresql.Driver found in Thread context class loader jdk.internal.loader.ClassLoaders$AppClassLoader@7e32c033
2023-07-24T16:46:30.131+01:00 DEBUG 45596 --- [           main] o.s.b.f.s.DefaultListableBeanFactory     : Creating shared instance of singleton bean 'spring.sql.init-org.springframework.boot.autoconfigure.sql.init.SqlInitializationProperties'
2023-07-24T16:46:30.137+01:00 DEBUG 45596 --- [           main] o.s.b.f.s.DefaultListableBeanFactory     : Autowiring by type from bean name 'dataSourceScriptDatabaseInitializer' via factory method to bean named 'dataSource'
2023-07-24T16:46:30.137+01:00 DEBUG 45596 --- [           main] o.s.b.f.s.DefaultListableBeanFactory     : Autowiring by type from bean name 'dataSourceScriptDatabaseInitializer' via factory method to bean named 'spring.sql.init-org.springframework.boot.autoconfigure.sql.init.SqlInitializationProperties'
2023-07-24T16:46:30.140+01:00 DEBUG 45596 --- [           main] o.s.b.f.s.DefaultListableBeanFactory     : Creating shared instance of singleton bean 'entityManagerFactory'
2023-07-24T16:46:30.141+01:00 DEBUG 45596 --- [           main] o.s.b.f.s.DefaultListableBeanFactory     : Creating shared instance of singleton bean 'org.springframework.boot.autoconfigure.orm.jpa.HibernateJpaConfiguration'
2023-07-24T16:46:30.143+01:00 DEBUG 45596 --- [           main] o.s.b.f.s.DefaultListableBeanFactory     : Creating shared instance of singleton bean 'spring.jpa-org.springframework.boot.autoconfigure.orm.jpa.JpaProperties'
2023-07-24T16:46:30.154+01:00 DEBUG 45596 --- [           main] o.s.b.f.s.DefaultListableBeanFactory     : Creating shared instance of singleton bean 'spring.jpa.hibernate-org.springframework.boot.autoconfigure.orm.jpa.HibernateProperties'
2023-07-24T16:46:30.161+01:00 DEBUG 45596 --- [           main] o.s.b.f.s.DefaultListableBeanFactory     : Autowiring by type from bean name 'org.springframework.boot.autoconfigure.orm.jpa.HibernateJpaConfiguration' via constructor to bean named 'dataSource'
2023-07-24T16:46:30.161+01:00 DEBUG 45596 --- [           main] o.s.b.f.s.DefaultListableBeanFactory     : Autowiring by type from bean name 'org.springframework.boot.autoconfigure.orm.jpa.HibernateJpaConfiguration' via constructor to bean named 'spring.jpa-org.springframework.boot.autoconfigure.orm.jpa.JpaProperties'
2023-07-24T16:46:30.161+01:00 DEBUG 45596 --- [           main] o.s.b.f.s.DefaultListableBeanFactory     : Autowiring by type from bean name 'org.springframework.boot.autoconfigure.orm.jpa.HibernateJpaConfiguration' via constructor to bean named 'org.springframework.beans.factory.support.DefaultListableBeanFactory@7c5c53e5'
2023-07-24T16:46:30.161+01:00 DEBUG 45596 --- [           main] o.s.b.f.s.DefaultListableBeanFactory     : Autowiring by type from bean name 'org.springframework.boot.autoconfigure.orm.jpa.HibernateJpaConfiguration' via constructor to bean named 'spring.jpa.hibernate-org.springframework.boot.autoconfigure.orm.jpa.HibernateProperties'
2023-07-24T16:46:30.164+01:00 DEBUG 45596 --- [           main] o.s.b.f.s.DefaultListableBeanFactory     : Creating shared instance of singleton bean 'hikariPoolDataSourceMetadataProvider'
2023-07-24T16:46:30.164+01:00 DEBUG 45596 --- [           main] o.s.b.f.s.DefaultListableBeanFactory     : Creating shared instance of singleton bean 'org.springframework.boot.autoconfigure.jdbc.metadata.DataSourcePoolMetadataProvidersConfiguration$HikariPoolDataSourceMetadataProviderConfiguration'
2023-07-24T16:46:30.171+01:00 DEBUG 45596 --- [           main] o.s.b.f.s.DefaultListableBeanFactory     : Creating shared instance of singleton bean 'entityManagerFactoryBuilder'
2023-07-24T16:46:30.172+01:00 DEBUG 45596 --- [           main] o.s.b.f.s.DefaultListableBeanFactory     : Creating shared instance of singleton bean 'jpaVendorAdapter'
2023-07-24T16:46:30.190+01:00 DEBUG 45596 --- [           main] o.s.b.f.s.DefaultListableBeanFactory     : Autowiring by type from bean name 'entityManagerFactoryBuilder' via factory method to bean named 'jpaVendorAdapter'
2023-07-24T16:46:30.195+01:00 DEBUG 45596 --- [           main] o.s.b.f.s.DefaultListableBeanFactory     : Creating shared instance of singleton bean 'persistenceManagedTypes'
2023-07-24T16:46:30.197+01:00 DEBUG 45596 --- [           main] o.s.b.f.s.DefaultListableBeanFactory     : Autowiring by type from bean name 'persistenceManagedTypes' via factory method to bean named 'org.springframework.beans.factory.support.DefaultListableBeanFactory@7c5c53e5'
2023-07-24T16:46:30.197+01:00 DEBUG 45596 --- [           main] o.s.b.f.s.DefaultListableBeanFactory     : Autowiring by type from bean name 'persistenceManagedTypes' via factory method to bean named 'org.springframework.web.context.support.GenericWebApplicationContext@30a1b9b0'
2023-07-24T16:46:30.212+01:00 DEBUG 45596 --- [           main] o.s.b.f.s.DefaultListableBeanFactory     : Autowiring by type from bean name 'entityManagerFactory' via factory method to bean named 'entityManagerFactoryBuilder'
2023-07-24T16:46:30.212+01:00 DEBUG 45596 --- [           main] o.s.b.f.s.DefaultListableBeanFactory     : Autowiring by type from bean name 'entityManagerFactory' via factory method to bean named 'persistenceManagedTypes'
2023-07-24T16:46:30.216+01:00 DEBUG 45596 --- [           main] j.LocalContainerEntityManagerFactoryBean : Building JPA container EntityManagerFactory for persistence unit 'default'
2023-07-24T16:46:30.222+01:00 DEBUG 45596 --- [           main] o.hibernate.jpa.internal.util.LogHelper  : PersistenceUnitInfo [
	name: default
	persistence provider classname: null
	classloader: jdk.internal.loader.ClassLoaders$AppClassLoader@7e32c033
	excludeUnlistedClasses: true
	JTA datasource: null
	Non JTA datasource: HikariDataSource (null)
	Transaction type: RESOURCE_LOCAL
	PU root URL: file:/Users/decagon/Desktop/BlogApi/target/test-classes/
	Shared Cache Mode: UNSPECIFIED
	Validation Mode: AUTO
	Jar files URLs []
	Managed classes names [
		com.example.blogapp.entities.BlogUser
		com.example.blogapp.entities.Comment
		com.example.blogapp.entities.Likes
		com.example.blogapp.entities.Post
		com.example.blogapp.entities.SuperUser]
	Mapping files names []
	Properties []
2023-07-24T16:46:30.223+01:00 DEBUG 45596 --- [           main] o.h.i.internal.IntegratorServiceImpl     : Adding Integrator [org.hibernate.boot.beanvalidation.BeanValidationIntegrator].
2023-07-24T16:46:30.223+01:00 DEBUG 45596 --- [           main] o.h.i.internal.IntegratorServiceImpl     : Adding Integrator [org.hibernate.cache.internal.CollectionCacheInvalidator].
2023-07-24T16:46:30.225+01:00 DEBUG 45596 --- [           main] org.hibernate.orm.idgen.factory          : Registering IdentifierGenerator strategy [uuid2] -> [org.hibernate.id.UUIDGenerator]
2023-07-24T16:46:30.225+01:00 DEBUG 45596 --- [           main] org.hibernate.orm.idgen.factory          : Registering IdentifierGenerator strategy [guid] -> [org.hibernate.id.GUIDGenerator]
2023-07-24T16:46:30.225+01:00 DEBUG 45596 --- [           main] org.hibernate.orm.idgen.factory          : Registering IdentifierGenerator strategy [uuid] -> [org.hibernate.id.UUIDHexGenerator]
2023-07-24T16:46:30.225+01:00 DEBUG 45596 --- [           main] org.hibernate.orm.idgen.factory          : Registering IdentifierGenerator strategy [uuid.hex] -> [org.hibernate.id.UUIDHexGenerator]
2023-07-24T16:46:30.225+01:00 DEBUG 45596 --- [           main] org.hibernate.orm.idgen.factory          : Registering IdentifierGenerator strategy [assigned] -> [org.hibernate.id.Assigned]
2023-07-24T16:46:30.225+01:00 DEBUG 45596 --- [           main] org.hibernate.orm.idgen.factory          : Registering IdentifierGenerator strategy [identity] -> [org.hibernate.id.IdentityGenerator]
2023-07-24T16:46:30.226+01:00 DEBUG 45596 --- [           main] org.hibernate.orm.idgen.factory          : Registering IdentifierGenerator strategy [select] -> [org.hibernate.id.SelectGenerator]
2023-07-24T16:46:30.226+01:00 DEBUG 45596 --- [           main] org.hibernate.orm.idgen.factory          : Registering IdentifierGenerator strategy [sequence] -> [org.hibernate.id.enhanced.SequenceStyleGenerator]
2023-07-24T16:46:30.226+01:00 DEBUG 45596 --- [           main] org.hibernate.orm.idgen.factory          : Registering IdentifierGenerator strategy [increment] -> [org.hibernate.id.IncrementGenerator]
2023-07-24T16:46:30.226+01:00 DEBUG 45596 --- [           main] org.hibernate.orm.idgen.factory          : Registering IdentifierGenerator strategy [foreign] -> [org.hibernate.id.ForeignGenerator]
2023-07-24T16:46:30.226+01:00 DEBUG 45596 --- [           main] org.hibernate.orm.idgen.factory          : Registering IdentifierGenerator strategy [enhanced-sequence] -> [org.hibernate.id.enhanced.SequenceStyleGenerator]
2023-07-24T16:46:30.226+01:00 DEBUG 45596 --- [           main] org.hibernate.orm.idgen.factory          : Registering IdentifierGenerator strategy [enhanced-table] -> [org.hibernate.id.enhanced.TableGenerator]
2023-07-24T16:46:30.226+01:00 DEBUG 45596 --- [           main] o.h.c.internal.RegionFactoryInitiator    : Cannot default RegionFactory based on registered strategies as `[]` RegionFactory strategies were registered
2023-07-24T16:46:30.226+01:00 DEBUG 45596 --- [           main] o.h.c.internal.RegionFactoryInitiator    : Cache region factory : org.hibernate.cache.internal.NoCachingRegionFactory
2023-07-24T16:46:30.227+01:00 DEBUG 45596 --- [           main] org.hibernate.type.BasicTypeRegistry     : Adding type registration boolean -> org.hibernate.type.BasicTypeReference@5e905f2c
2023-07-24T16:46:30.227+01:00 DEBUG 45596 --- [           main] org.hibernate.type.BasicTypeRegistry     : Adding type registration boolean -> org.hibernate.type.BasicTypeReference@5e905f2c
2023-07-24T16:46:30.227+01:00 DEBUG 45596 --- [           main] org.hibernate.type.BasicTypeRegistry     : Adding type registration java.lang.Boolean -> org.hibernate.type.BasicTypeReference@5e905f2c
2023-07-24T16:46:30.227+01:00 DEBUG 45596 --- [           main] org.hibernate.type.BasicTypeRegistry     : Adding type registration numeric_boolean -> org.hibernate.type.BasicTypeReference@fddd7ae
2023-07-24T16:46:30.227+01:00 DEBUG 45596 --- [           main] org.hibernate.type.BasicTypeRegistry     : Adding type registration org.hibernate.type.NumericBooleanConverter -> org.hibernate.type.BasicTypeReference@fddd7ae
2023-07-24T16:46:30.227+01:00 DEBUG 45596 --- [           main] org.hibernate.type.BasicTypeRegistry     : Adding type registration true_false -> org.hibernate.type.BasicTypeReference@3f6cce7f
2023-07-24T16:46:30.227+01:00 DEBUG 45596 --- [           main] org.hibernate.type.BasicTypeRegistry     : Adding type registration org.hibernate.type.TrueFalseConverter -> org.hibernate.type.BasicTypeReference@3f6cce7f
2023-07-24T16:46:30.227+01:00 DEBUG 45596 --- [           main] org.hibernate.type.BasicTypeRegistry     : Adding type registration yes_no -> org.hibernate.type.BasicTypeReference@2725ca05
2023-07-24T16:46:30.227+01:00 DEBUG 45596 --- [           main] org.hibernate.type.BasicTypeRegistry     : Adding type registration org.hibernate.type.YesNoConverter -> org.hibernate.type.BasicTypeReference@2725ca05
2023-07-24T16:46:30.227+01:00 DEBUG 45596 --- [           main] org.hibernate.type.BasicTypeRegistry     : Adding type registration byte -> org.hibernate.type.BasicTypeReference@7b9088f2
2023-07-24T16:46:30.227+01:00 DEBUG 45596 --- [           main] org.hibernate.type.BasicTypeRegistry     : Adding type registration byte -> org.hibernate.type.BasicTypeReference@7b9088f2
2023-07-24T16:46:30.227+01:00 DEBUG 45596 --- [           main] org.hibernate.type.BasicTypeRegistry     : Adding type registration java.lang.Byte -> org.hibernate.type.BasicTypeReference@7b9088f2
2023-07-24T16:46:30.227+01:00 DEBUG 45596 --- [           main] org.hibernate.type.BasicTypeRegistry     : Adding type registration binary -> org.hibernate.type.BasicTypeReference@1a914089
2023-07-24T16:46:30.227+01:00 DEBUG 45596 --- [           main] org.hibernate.type.BasicTypeRegistry     : Adding type registration byte[] -> org.hibernate.type.BasicTypeReference@1a914089
2023-07-24T16:46:30.227+01:00 DEBUG 45596 --- [           main] org.hibernate.type.BasicTypeRegistry     : Adding type registration [B -> org.hibernate.type.BasicTypeReference@1a914089
2023-07-24T16:46:30.227+01:00 DEBUG 45596 --- [           main] org.hibernate.type.BasicTypeRegistry     : Adding type registration binary_wrapper -> org.hibernate.type.BasicTypeReference@43d76a92
2023-07-24T16:46:30.227+01:00 DEBUG 45596 --- [           main] org.hibernate.type.BasicTypeRegistry     : Adding type registration wrapper-binary -> org.hibernate.type.BasicTypeReference@43d76a92
2023-07-24T16:46:30.227+01:00 DEBUG 45596 --- [           main] org.hibernate.type.BasicTypeRegistry     : Adding type registration image -> org.hibernate.type.BasicTypeReference@4a2bf50f
2023-07-24T16:46:30.227+01:00 DEBUG 45596 --- [           main] org.hibernate.type.BasicTypeRegistry     : Adding type registration blob -> org.hibernate.type.BasicTypeReference@350323a0
2023-07-24T16:46:30.227+01:00 DEBUG 45596 --- [           main] org.hibernate.type.BasicTypeRegistry     : Adding type registration java.sql.Blob -> org.hibernate.type.BasicTypeReference@350323a0
2023-07-24T16:46:30.227+01:00 DEBUG 45596 --- [           main] org.hibernate.type.BasicTypeRegistry     : Adding type registration materialized_blob -> org.hibernate.type.BasicTypeReference@2506b881
2023-07-24T16:46:30.227+01:00 DEBUG 45596 --- [           main] org.hibernate.type.BasicTypeRegistry     : Adding type registration materialized_blob_wrapper -> org.hibernate.type.BasicTypeReference@5d7dd549
2023-07-24T16:46:30.227+01:00 DEBUG 45596 --- [           main] org.hibernate.type.BasicTypeRegistry     : Adding type registration short -> org.hibernate.type.BasicTypeReference@486bd064
2023-07-24T16:46:30.228+01:00 DEBUG 45596 --- [           main] org.hibernate.type.BasicTypeRegistry     : Adding type registration short -> org.hibernate.type.BasicTypeReference@486bd064
2023-07-24T16:46:30.228+01:00 DEBUG 45596 --- [           main] org.hibernate.type.BasicTypeRegistry     : Adding type registration java.lang.Short -> org.hibernate.type.BasicTypeReference@486bd064
2023-07-24T16:46:30.228+01:00 DEBUG 45596 --- [           main] org.hibernate.type.BasicTypeRegistry     : Adding type registration integer -> org.hibernate.type.BasicTypeReference@6459f4ea
2023-07-24T16:46:30.228+01:00 DEBUG 45596 --- [           main] org.hibernate.type.BasicTypeRegistry     : Adding type registration int -> org.hibernate.type.BasicTypeReference@6459f4ea
2023-07-24T16:46:30.228+01:00 DEBUG 45596 --- [           main] org.hibernate.type.BasicTypeRegistry     : Adding type registration java.lang.Integer -> org.hibernate.type.BasicTypeReference@6459f4ea
2023-07-24T16:46:30.228+01:00 DEBUG 45596 --- [           main] org.hibernate.type.BasicTypeRegistry     : Adding type registration long -> org.hibernate.type.BasicTypeReference@740b9a50
2023-07-24T16:46:30.228+01:00 DEBUG 45596 --- [           main] org.hibernate.type.BasicTypeRegistry     : Adding type registration long -> org.hibernate.type.BasicTypeReference@740b9a50
2023-07-24T16:46:30.228+01:00 DEBUG 45596 --- [           main] org.hibernate.type.BasicTypeRegistry     : Adding type registration java.lang.Long -> org.hibernate.type.BasicTypeReference@740b9a50
2023-07-24T16:46:30.228+01:00 DEBUG 45596 --- [           main] org.hibernate.type.BasicTypeRegistry     : Adding type registration float -> org.hibernate.type.BasicTypeReference@476fde05
2023-07-24T16:46:30.228+01:00 DEBUG 45596 --- [           main] org.hibernate.type.BasicTypeRegistry     : Adding type registration float -> org.hibernate.type.BasicTypeReference@476fde05
2023-07-24T16:46:30.228+01:00 DEBUG 45596 --- [           main] org.hibernate.type.BasicTypeRegistry     : Adding type registration java.lang.Float -> org.hibernate.type.BasicTypeReference@476fde05
2023-07-24T16:46:30.228+01:00 DEBUG 45596 --- [           main] org.hibernate.type.BasicTypeRegistry     : Adding type registration double -> org.hibernate.type.BasicTypeReference@5111de7c
2023-07-24T16:46:30.228+01:00 DEBUG 45596 --- [           main] org.hibernate.type.BasicTypeRegistry     : Adding type registration double -> org.hibernate.type.BasicTypeReference@5111de7c
2023-07-24T16:46:30.228+01:00 DEBUG 45596 --- [           main] org.hibernate.type.BasicTypeRegistry     : Adding type registration java.lang.Double -> org.hibernate.type.BasicTypeReference@5111de7c
2023-07-24T16:46:30.228+01:00 DEBUG 45596 --- [           main] org.hibernate.type.BasicTypeRegistry     : Adding type registration big_integer -> org.hibernate.type.BasicTypeReference@7ac48e10
2023-07-24T16:46:30.228+01:00 DEBUG 45596 --- [           main] org.hibernate.type.BasicTypeRegistry     : Adding type registration java.math.BigInteger -> org.hibernate.type.BasicTypeReference@7ac48e10
2023-07-24T16:46:30.228+01:00 DEBUG 45596 --- [           main] org.hibernate.type.BasicTypeRegistry     : Adding type registration big_decimal -> org.hibernate.type.BasicTypeReference@52354202
2023-07-24T16:46:30.228+01:00 DEBUG 45596 --- [           main] org.hibernate.type.BasicTypeRegistry     : Adding type registration java.math.BigDecimal -> org.hibernate.type.BasicTypeReference@52354202
2023-07-24T16:46:30.228+01:00 DEBUG 45596 --- [           main] org.hibernate.type.BasicTypeRegistry     : Adding type registration character -> org.hibernate.type.BasicTypeReference@6b1321b7
2023-07-24T16:46:30.228+01:00 DEBUG 45596 --- [           main] org.hibernate.type.BasicTypeRegistry     : Adding type registration char -> org.hibernate.type.BasicTypeReference@6b1321b7
2023-07-24T16:46:30.229+01:00 DEBUG 45596 --- [           main] org.hibernate.type.BasicTypeRegistry     : Adding type registration java.lang.Character -> org.hibernate.type.BasicTypeReference@6b1321b7
2023-07-24T16:46:30.229+01:00 DEBUG 45596 --- [           main] org.hibernate.type.BasicTypeRegistry     : Adding type registration character_nchar -> org.hibernate.type.BasicTypeReference@342ee097
2023-07-24T16:46:30.229+01:00 DEBUG 45596 --- [           main] org.hibernate.type.BasicTypeRegistry     : Adding type registration string -> org.hibernate.type.BasicTypeReference@6ac45c0c
2023-07-24T16:46:30.229+01:00 DEBUG 45596 --- [           main] org.hibernate.type.BasicTypeRegistry     : Adding type registration java.lang.String -> org.hibernate.type.BasicTypeReference@6ac45c0c
2023-07-24T16:46:30.229+01:00 DEBUG 45596 --- [           main] org.hibernate.type.BasicTypeRegistry     : Adding type registration nstring -> org.hibernate.type.BasicTypeReference@12192604
2023-07-24T16:46:30.229+01:00 DEBUG 45596 --- [           main] org.hibernate.type.BasicTypeRegistry     : Adding type registration characters -> org.hibernate.type.BasicTypeReference@6075b369
2023-07-24T16:46:30.229+01:00 DEBUG 45596 --- [           main] org.hibernate.type.BasicTypeRegistry     : Adding type registration char[] -> org.hibernate.type.BasicTypeReference@6075b369
2023-07-24T16:46:30.229+01:00 DEBUG 45596 --- [           main] org.hibernate.type.BasicTypeRegistry     : Adding type registration [C -> org.hibernate.type.BasicTypeReference@6075b369
2023-07-24T16:46:30.229+01:00 DEBUG 45596 --- [           main] org.hibernate.type.BasicTypeRegistry     : Adding type registration wrapper-characters -> org.hibernate.type.BasicTypeReference@231cdda8
2023-07-24T16:46:30.229+01:00 DEBUG 45596 --- [           main] org.hibernate.type.BasicTypeRegistry     : Adding type registration text -> org.hibernate.type.BasicTypeReference@6b70d1fb
2023-07-24T16:46:30.229+01:00 DEBUG 45596 --- [           main] org.hibernate.type.BasicTypeRegistry     : Adding type registration ntext -> org.hibernate.type.BasicTypeReference@3002e397
2023-07-24T16:46:30.229+01:00 DEBUG 45596 --- [           main] org.hibernate.type.BasicTypeRegistry     : Adding type registration clob -> org.hibernate.type.BasicTypeReference@7da1e005
2023-07-24T16:46:30.229+01:00 DEBUG 45596 --- [           main] org.hibernate.type.BasicTypeRegistry     : Adding type registration java.sql.Clob -> org.hibernate.type.BasicTypeReference@7da1e005
2023-07-24T16:46:30.230+01:00 DEBUG 45596 --- [           main] org.hibernate.type.BasicTypeRegistry     : Adding type registration nclob -> org.hibernate.type.BasicTypeReference@38159384
2023-07-24T16:46:30.230+01:00 DEBUG 45596 --- [           main] org.hibernate.type.BasicTypeRegistry     : Adding type registration java.sql.NClob -> org.hibernate.type.BasicTypeReference@38159384
2023-07-24T16:46:30.230+01:00 DEBUG 45596 --- [           main] org.hibernate.type.BasicTypeRegistry     : Adding type registration materialized_clob -> org.hibernate.type.BasicTypeReference@55877274
2023-07-24T16:46:30.231+01:00 DEBUG 45596 --- [           main] org.hibernate.type.BasicTypeRegistry     : Adding type registration materialized_clob_char_array -> org.hibernate.type.BasicTypeReference@723e2d08
2023-07-24T16:46:30.231+01:00 DEBUG 45596 --- [           main] org.hibernate.type.BasicTypeRegistry     : Adding type registration materialized_clob_character_array -> org.hibernate.type.BasicTypeReference@6d4a82
2023-07-24T16:46:30.231+01:00 DEBUG 45596 --- [           main] org.hibernate.type.BasicTypeRegistry     : Adding type registration materialized_nclob -> org.hibernate.type.BasicTypeReference@14f060b8
2023-07-24T16:46:30.231+01:00 DEBUG 45596 --- [           main] org.hibernate.type.BasicTypeRegistry     : Adding type registration materialized_nclob_character_array -> org.hibernate.type.BasicTypeReference@7a0ab480
2023-07-24T16:46:30.231+01:00 DEBUG 45596 --- [           main] org.hibernate.type.BasicTypeRegistry     : Adding type registration materialized_nclob_char_array -> org.hibernate.type.BasicTypeReference@79df80a4
2023-07-24T16:46:30.231+01:00 DEBUG 45596 --- [           main] org.hibernate.type.BasicTypeRegistry     : Adding type registration Duration -> org.hibernate.type.BasicTypeReference@130cfc47
2023-07-24T16:46:30.231+01:00 DEBUG 45596 --- [           main] org.hibernate.type.BasicTypeRegistry     : Adding type registration java.time.Duration -> org.hibernate.type.BasicTypeReference@130cfc47
2023-07-24T16:46:30.231+01:00 DEBUG 45596 --- [           main] org.hibernate.type.BasicTypeRegistry     : Adding type registration LocalDateTime -> org.hibernate.type.BasicTypeReference@4eeab3e
2023-07-24T16:46:30.231+01:00 DEBUG 45596 --- [           main] org.hibernate.type.BasicTypeRegistry     : Adding type registration java.time.LocalDateTime -> org.hibernate.type.BasicTypeReference@4eeab3e
2023-07-24T16:46:30.231+01:00 DEBUG 45596 --- [           main] org.hibernate.type.BasicTypeRegistry     : Adding type registration LocalDate -> org.hibernate.type.BasicTypeReference@2b6fb197
2023-07-24T16:46:30.231+01:00 DEBUG 45596 --- [           main] org.hibernate.type.BasicTypeRegistry     : Adding type registration java.time.LocalDate -> org.hibernate.type.BasicTypeReference@2b6fb197
2023-07-24T16:46:30.231+01:00 DEBUG 45596 --- [           main] org.hibernate.type.BasicTypeRegistry     : Adding type registration LocalTime -> org.hibernate.type.BasicTypeReference@2eb0cefe
2023-07-24T16:46:30.231+01:00 DEBUG 45596 --- [           main] org.hibernate.type.BasicTypeRegistry     : Adding type registration java.time.LocalTime -> org.hibernate.type.BasicTypeReference@2eb0cefe
2023-07-24T16:46:30.232+01:00 DEBUG 45596 --- [           main] org.hibernate.type.BasicTypeRegistry     : Adding type registration OffsetDateTime -> org.hibernate.type.BasicTypeReference@5a2ae1ab
2023-07-24T16:46:30.232+01:00 DEBUG 45596 --- [           main] org.hibernate.type.BasicTypeRegistry     : Adding type registration java.time.OffsetDateTime -> org.hibernate.type.BasicTypeReference@5a2ae1ab
2023-07-24T16:46:30.232+01:00 DEBUG 45596 --- [           main] org.hibernate.type.BasicTypeRegistry     : Adding type registration OffsetDateTimeWithTimezone -> org.hibernate.type.BasicTypeReference@2bec068b
2023-07-24T16:46:30.233+01:00 DEBUG 45596 --- [           main] org.hibernate.type.BasicTypeRegistry     : Adding type registration OffsetDateTimeWithoutTimezone -> org.hibernate.type.BasicTypeReference@7d59e968
2023-07-24T16:46:30.233+01:00 DEBUG 45596 --- [           main] org.hibernate.type.BasicTypeRegistry     : Adding type registration OffsetTime -> org.hibernate.type.BasicTypeReference@55361f03
2023-07-24T16:46:30.233+01:00 DEBUG 45596 --- [           main] org.hibernate.type.BasicTypeRegistry     : Adding type registration java.time.OffsetTime -> org.hibernate.type.BasicTypeReference@55361f03
2023-07-24T16:46:30.233+01:00 DEBUG 45596 --- [           main] org.hibernate.type.BasicTypeRegistry     : Adding type registration OffsetTimeUtc -> org.hibernate.type.BasicTypeReference@581c9bb7
2023-07-24T16:46:30.233+01:00 DEBUG 45596 --- [           main] org.hibernate.type.BasicTypeRegistry     : Adding type registration OffsetTimeWithTimezone -> org.hibernate.type.BasicTypeReference@138f0661
2023-07-24T16:46:30.233+01:00 DEBUG 45596 --- [           main] org.hibernate.type.BasicTypeRegistry     : Adding type registration OffsetTimeWithoutTimezone -> org.hibernate.type.BasicTypeReference@212fafd1
2023-07-24T16:46:30.233+01:00 DEBUG 45596 --- [           main] org.hibernate.type.BasicTypeRegistry     : Adding type registration ZonedDateTime -> org.hibernate.type.BasicTypeReference@448462f0
2023-07-24T16:46:30.233+01:00 DEBUG 45596 --- [           main] org.hibernate.type.BasicTypeRegistry     : Adding type registration java.time.ZonedDateTime -> org.hibernate.type.BasicTypeReference@448462f0
2023-07-24T16:46:30.233+01:00 DEBUG 45596 --- [           main] org.hibernate.type.BasicTypeRegistry     : Adding type registration ZonedDateTimeWithTimezone -> org.hibernate.type.BasicTypeReference@787988f4
2023-07-24T16:46:30.233+01:00 DEBUG 45596 --- [           main] org.hibernate.type.BasicTypeRegistry     : Adding type registration ZonedDateTimeWithoutTimezone -> org.hibernate.type.BasicTypeReference@132e3594
2023-07-24T16:46:30.233+01:00 DEBUG 45596 --- [           main] org.hibernate.type.BasicTypeRegistry     : Adding type registration date -> org.hibernate.type.BasicTypeReference@4f235107
2023-07-24T16:46:30.233+01:00 DEBUG 45596 --- [           main] org.hibernate.type.BasicTypeRegistry     : Adding type registration java.sql.Date -> org.hibernate.type.BasicTypeReference@4f235107
2023-07-24T16:46:30.233+01:00 DEBUG 45596 --- [           main] org.hibernate.type.BasicTypeRegistry     : Adding type registration time -> org.hibernate.type.BasicTypeReference@28d739f1
2023-07-24T16:46:30.233+01:00 DEBUG 45596 --- [           main] org.hibernate.type.BasicTypeRegistry     : Adding type registration java.sql.Time -> org.hibernate.type.BasicTypeReference@28d739f1
2023-07-24T16:46:30.233+01:00 DEBUG 45596 --- [           main] org.hibernate.type.BasicTypeRegistry     : Adding type registration timestamp -> org.hibernate.type.BasicTypeReference@1c5d3a37
2023-07-24T16:46:30.233+01:00 DEBUG 45596 --- [           main] org.hibernate.type.BasicTypeRegistry     : Adding type registration java.sql.Timestamp -> org.hibernate.type.BasicTypeReference@1c5d3a37
2023-07-24T16:46:30.233+01:00 DEBUG 45596 --- [           main] org.hibernate.type.BasicTypeRegistry     : Adding type registration java.util.Date -> org.hibernate.type.BasicTypeReference@1c5d3a37
2023-07-24T16:46:30.233+01:00 DEBUG 45596 --- [           main] org.hibernate.type.BasicTypeRegistry     : Adding type registration calendar -> org.hibernate.type.BasicTypeReference@7e3d2ebd
2023-07-24T16:46:30.233+01:00 DEBUG 45596 --- [           main] org.hibernate.type.BasicTypeRegistry     : Adding type registration java.util.Calendar -> org.hibernate.type.BasicTypeReference@7e3d2ebd
2023-07-24T16:46:30.233+01:00 DEBUG 45596 --- [           main] org.hibernate.type.BasicTypeRegistry     : Adding type registration java.util.GregorianCalendar -> org.hibernate.type.BasicTypeReference@7e3d2ebd
2023-07-24T16:46:30.233+01:00 DEBUG 45596 --- [           main] org.hibernate.type.BasicTypeRegistry     : Adding type registration calendar_date -> org.hibernate.type.BasicTypeReference@3a4a5f3c
2023-07-24T16:46:30.233+01:00 DEBUG 45596 --- [           main] org.hibernate.type.BasicTypeRegistry     : Adding type registration calendar_time -> org.hibernate.type.BasicTypeReference@4f3356c0
2023-07-24T16:46:30.233+01:00 DEBUG 45596 --- [           main] org.hibernate.type.BasicTypeRegistry     : Adding type registration instant -> org.hibernate.type.BasicTypeReference@586cc15d
2023-07-24T16:46:30.233+01:00 DEBUG 45596 --- [           main] org.hibernate.type.BasicTypeRegistry     : Adding type registration java.time.Instant -> org.hibernate.type.BasicTypeReference@586cc15d
2023-07-24T16:46:30.234+01:00 DEBUG 45596 --- [           main] org.hibernate.type.BasicTypeRegistry     : Adding type registration uuid -> org.hibernate.type.BasicTypeReference@6c835217
2023-07-24T16:46:30.234+01:00 DEBUG 45596 --- [           main] org.hibernate.type.BasicTypeRegistry     : Adding type registration java.util.UUID -> org.hibernate.type.BasicTypeReference@6c835217
2023-07-24T16:46:30.234+01:00 DEBUG 45596 --- [           main] org.hibernate.type.BasicTypeRegistry     : Adding type registration pg-uuid -> org.hibernate.type.BasicTypeReference@6c835217
2023-07-24T16:46:30.234+01:00 DEBUG 45596 --- [           main] org.hibernate.type.BasicTypeRegistry     : Adding type registration uuid-binary -> org.hibernate.type.BasicTypeReference@4584304
2023-07-24T16:46:30.234+01:00 DEBUG 45596 --- [           main] org.hibernate.type.BasicTypeRegistry     : Adding type registration uuid-char -> org.hibernate.type.BasicTypeReference@51888019
2023-07-24T16:46:30.234+01:00 DEBUG 45596 --- [           main] org.hibernate.type.BasicTypeRegistry     : Adding type registration class -> org.hibernate.type.BasicTypeReference@6f50d55c
2023-07-24T16:46:30.234+01:00 DEBUG 45596 --- [           main] org.hibernate.type.BasicTypeRegistry     : Adding type registration java.lang.Class -> org.hibernate.type.BasicTypeReference@6f50d55c
2023-07-24T16:46:30.234+01:00 DEBUG 45596 --- [           main] org.hibernate.type.BasicTypeRegistry     : Adding type registration currency -> org.hibernate.type.BasicTypeReference@19b5214b
2023-07-24T16:46:30.234+01:00 DEBUG 45596 --- [           main] org.hibernate.type.BasicTypeRegistry     : Adding type registration Currency -> org.hibernate.type.BasicTypeReference@19b5214b
2023-07-24T16:46:30.234+01:00 DEBUG 45596 --- [           main] org.hibernate.type.BasicTypeRegistry     : Adding type registration java.util.Currency -> org.hibernate.type.BasicTypeReference@19b5214b
2023-07-24T16:46:30.234+01:00 DEBUG 45596 --- [           main] org.hibernate.type.BasicTypeRegistry     : Adding type registration locale -> org.hibernate.type.BasicTypeReference@5fb3111a
2023-07-24T16:46:30.234+01:00 DEBUG 45596 --- [           main] org.hibernate.type.BasicTypeRegistry     : Adding type registration java.util.Locale -> org.hibernate.type.BasicTypeReference@5fb3111a
2023-07-24T16:46:30.234+01:00 DEBUG 45596 --- [           main] org.hibernate.type.BasicTypeRegistry     : Adding type registration serializable -> org.hibernate.type.BasicTypeReference@4aaecabd
2023-07-24T16:46:30.234+01:00 DEBUG 45596 --- [           main] org.hibernate.type.BasicTypeRegistry     : Adding type registration java.io.Serializable -> org.hibernate.type.BasicTypeReference@4aaecabd
2023-07-24T16:46:30.234+01:00 DEBUG 45596 --- [           main] org.hibernate.type.BasicTypeRegistry     : Adding type registration timezone -> org.hibernate.type.BasicTypeReference@23bd0c81
2023-07-24T16:46:30.234+01:00 DEBUG 45596 --- [           main] org.hibernate.type.BasicTypeRegistry     : Adding type registration java.util.TimeZone -> org.hibernate.type.BasicTypeReference@23bd0c81
2023-07-24T16:46:30.234+01:00 DEBUG 45596 --- [           main] org.hibernate.type.BasicTypeRegistry     : Adding type registration ZoneOffset -> org.hibernate.type.BasicTypeReference@1332dec4
2023-07-24T16:46:30.234+01:00 DEBUG 45596 --- [           main] org.hibernate.type.BasicTypeRegistry     : Adding type registration java.time.ZoneOffset -> org.hibernate.type.BasicTypeReference@1332dec4
2023-07-24T16:46:30.234+01:00 DEBUG 45596 --- [           main] org.hibernate.type.BasicTypeRegistry     : Adding type registration url -> org.hibernate.type.BasicTypeReference@544e3679
2023-07-24T16:46:30.234+01:00 DEBUG 45596 --- [           main] org.hibernate.type.BasicTypeRegistry     : Adding type registration java.net.URL -> org.hibernate.type.BasicTypeReference@544e3679
2023-07-24T16:46:30.234+01:00 DEBUG 45596 --- [           main] org.hibernate.type.BasicTypeRegistry     : Adding type registration row_version -> org.hibernate.type.BasicTypeReference@6889f56f
2023-07-24T16:46:30.234+01:00 DEBUG 45596 --- [           main] org.hibernate.type.BasicTypeRegistry     : Adding type registration object -> org.hibernate.type.JavaObjectType@27ec8754
2023-07-24T16:46:30.234+01:00 DEBUG 45596 --- [           main] org.hibernate.type.BasicTypeRegistry     : Adding type registration java.lang.Object -> org.hibernate.type.JavaObjectType@27ec8754
2023-07-24T16:46:30.234+01:00 DEBUG 45596 --- [           main] org.hibernate.type.BasicTypeRegistry     : Adding type registration null -> org.hibernate.type.NullType@7a606260
2023-07-24T16:46:30.234+01:00 DEBUG 45596 --- [           main] org.hibernate.type.BasicTypeRegistry     : Adding type registration imm_date -> org.hibernate.type.BasicTypeReference@7432cb37
2023-07-24T16:46:30.234+01:00 DEBUG 45596 --- [           main] org.hibernate.type.BasicTypeRegistry     : Adding type registration imm_time -> org.hibernate.type.BasicTypeReference@7602da1a
2023-07-24T16:46:30.234+01:00 DEBUG 45596 --- [           main] org.hibernate.type.BasicTypeRegistry     : Adding type registration imm_timestamp -> org.hibernate.type.BasicTypeReference@6d985720
2023-07-24T16:46:30.234+01:00 DEBUG 45596 --- [           main] org.hibernate.type.BasicTypeRegistry     : Adding type registration imm_calendar -> org.hibernate.type.BasicTypeReference@2d1dbf4f
2023-07-24T16:46:30.235+01:00 DEBUG 45596 --- [           main] org.hibernate.type.BasicTypeRegistry     : Adding type registration imm_calendar_date -> org.hibernate.type.BasicTypeReference@4f94b2a8
2023-07-24T16:46:30.235+01:00 DEBUG 45596 --- [           main] org.hibernate.type.BasicTypeRegistry     : Adding type registration imm_calendar_time -> org.hibernate.type.BasicTypeReference@2f26634a
2023-07-24T16:46:30.235+01:00 DEBUG 45596 --- [           main] org.hibernate.type.BasicTypeRegistry     : Adding type registration imm_binary -> org.hibernate.type.BasicTypeReference@2810d9
2023-07-24T16:46:30.235+01:00 DEBUG 45596 --- [           main] org.hibernate.type.BasicTypeRegistry     : Adding type registration imm_serializable -> org.hibernate.type.BasicTypeReference@408f3054
2023-07-24T16:46:30.237+01:00 DEBUG 45596 --- [           main] o.h.boot.internal.BootstrapContextImpl   : Injecting JPA temp ClassLoader [org.springframework.instrument.classloading.SimpleThrowawayClassLoader@3644d12a] into BootstrapContext; was [null]
2023-07-24T16:46:30.237+01:00 DEBUG 45596 --- [           main] o.h.boot.internal.ClassLoaderAccessImpl  : ClassLoaderAccessImpl#injectTempClassLoader(org.springframework.instrument.classloading.SimpleThrowawayClassLoader@3644d12a) [was null]
2023-07-24T16:46:30.237+01:00 DEBUG 45596 --- [           main] o.h.boot.internal.BootstrapContextImpl   : Injecting ScanEnvironment [org.hibernate.jpa.boot.internal.StandardJpaScanEnvironmentImpl@76aab1e3] into BootstrapContext; was [null]
2023-07-24T16:46:30.237+01:00 DEBUG 45596 --- [           main] o.h.boot.internal.BootstrapContextImpl   : Injecting ScanOptions [org.hibernate.boot.archive.scan.internal.StandardScanOptions@4f9e32f2] into BootstrapContext; was [org.hibernate.boot.archive.scan.internal.StandardScanOptions@432e242d]
2023-07-24T16:46:30.239+01:00  INFO 45596 --- [           main] o.h.b.i.BytecodeProviderInitiator        : HHH000021: Bytecode provider name : bytebuddy
2023-07-24T16:46:30.239+01:00  INFO 45596 --- [           main] o.s.o.j.p.SpringPersistenceUnitInfo      : No LoadTimeWeaver setup: ignoring JPA class transformer
2023-07-24T16:46:30.239+01:00 DEBUG 45596 --- [           main] o.h.boot.internal.BootstrapContextImpl   : Injecting JPA temp ClassLoader [null] into BootstrapContext; was [org.springframework.instrument.classloading.SimpleThrowawayClassLoader@3644d12a]
2023-07-24T16:46:30.239+01:00 DEBUG 45596 --- [           main] o.h.boot.internal.ClassLoaderAccessImpl  : ClassLoaderAccessImpl#injectTempClassLoader(null) [was org.springframework.instrument.classloading.SimpleThrowawayClassLoader@3644d12a]
2023-07-24T16:46:30.242+01:00 DEBUG 45596 --- [           main] com.zaxxer.hikari.HikariConfig           : HikariPool-1 - configuration:
2023-07-24T16:46:30.247+01:00 DEBUG 45596 --- [           main] com.zaxxer.hikari.HikariConfig           : allowPoolSuspension.............false
2023-07-24T16:46:30.247+01:00 DEBUG 45596 --- [           main] com.zaxxer.hikari.HikariConfig           : autoCommit......................true
2023-07-24T16:46:30.247+01:00 DEBUG 45596 --- [           main] com.zaxxer.hikari.HikariConfig           : catalog.........................none
2023-07-24T16:46:30.248+01:00 DEBUG 45596 --- [           main] com.zaxxer.hikari.HikariConfig           : connectionInitSql...............none
2023-07-24T16:46:30.248+01:00 DEBUG 45596 --- [           main] com.zaxxer.hikari.HikariConfig           : connectionTestQuery.............none
2023-07-24T16:46:30.249+01:00 DEBUG 45596 --- [           main] com.zaxxer.hikari.HikariConfig           : connectionTimeout...............30000
2023-07-24T16:46:30.249+01:00 DEBUG 45596 --- [           main] com.zaxxer.hikari.HikariConfig           : dataSource......................none
2023-07-24T16:46:30.249+01:00 DEBUG 45596 --- [           main] com.zaxxer.hikari.HikariConfig           : dataSourceClassName.............none
2023-07-24T16:46:30.249+01:00 DEBUG 45596 --- [           main] com.zaxxer.hikari.HikariConfig           : dataSourceJNDI..................none
2023-07-24T16:46:30.250+01:00 DEBUG 45596 --- [           main] com.zaxxer.hikari.HikariConfig           : dataSourceProperties............{password=<masked>}
2023-07-24T16:46:30.251+01:00 DEBUG 45596 --- [           main] com.zaxxer.hikari.HikariConfig           : driverClassName................."org.postgresql.Driver"
2023-07-24T16:46:30.251+01:00 DEBUG 45596 --- [           main] com.zaxxer.hikari.HikariConfig           : exceptionOverrideClassName......none
2023-07-24T16:46:30.251+01:00 DEBUG 45596 --- [           main] com.zaxxer.hikari.HikariConfig           : healthCheckProperties...........{}
2023-07-24T16:46:30.251+01:00 DEBUG 45596 --- [           main] com.zaxxer.hikari.HikariConfig           : healthCheckRegistry.............none
2023-07-24T16:46:30.252+01:00 DEBUG 45596 --- [           main] com.zaxxer.hikari.HikariConfig           : idleTimeout.....................600000
2023-07-24T16:46:30.252+01:00 DEBUG 45596 --- [           main] com.zaxxer.hikari.HikariConfig           : initializationFailTimeout.......1
2023-07-24T16:46:30.252+01:00 DEBUG 45596 --- [           main] com.zaxxer.hikari.HikariConfig           : isolateInternalQueries..........false
2023-07-24T16:46:30.252+01:00 DEBUG 45596 --- [           main] com.zaxxer.hikari.HikariConfig           : jdbcUrl.........................jdbc:postgresql://localhost:5432/blogapp
2023-07-24T16:46:30.252+01:00 DEBUG 45596 --- [           main] com.zaxxer.hikari.HikariConfig           : keepaliveTime...................0
2023-07-24T16:46:30.253+01:00 DEBUG 45596 --- [           main] com.zaxxer.hikari.HikariConfig           : leakDetectionThreshold..........0
2023-07-24T16:46:30.253+01:00 DEBUG 45596 --- [           main] com.zaxxer.hikari.HikariConfig           : maxLifetime.....................1800000
2023-07-24T16:46:30.253+01:00 DEBUG 45596 --- [           main] com.zaxxer.hikari.HikariConfig           : maximumPoolSize.................10
2023-07-24T16:46:30.253+01:00 DEBUG 45596 --- [           main] com.zaxxer.hikari.HikariConfig           : metricRegistry..................none
2023-07-24T16:46:30.253+01:00 DEBUG 45596 --- [           main] com.zaxxer.hikari.HikariConfig           : metricsTrackerFactory...........none
2023-07-24T16:46:30.253+01:00 DEBUG 45596 --- [           main] com.zaxxer.hikari.HikariConfig           : minimumIdle.....................10
2023-07-24T16:46:30.254+01:00 DEBUG 45596 --- [           main] com.zaxxer.hikari.HikariConfig           : password........................<masked>
2023-07-24T16:46:30.254+01:00 DEBUG 45596 --- [           main] com.zaxxer.hikari.HikariConfig           : poolName........................"HikariPool-1"
2023-07-24T16:46:30.254+01:00 DEBUG 45596 --- [           main] com.zaxxer.hikari.HikariConfig           : readOnly........................false
2023-07-24T16:46:30.254+01:00 DEBUG 45596 --- [           main] com.zaxxer.hikari.HikariConfig           : registerMbeans..................false
2023-07-24T16:46:30.254+01:00 DEBUG 45596 --- [           main] com.zaxxer.hikari.HikariConfig           : scheduledExecutor...............none
2023-07-24T16:46:30.254+01:00 DEBUG 45596 --- [           main] com.zaxxer.hikari.HikariConfig           : schema..........................none
2023-07-24T16:46:30.254+01:00 DEBUG 45596 --- [           main] com.zaxxer.hikari.HikariConfig           : threadFactory...................internal
2023-07-24T16:46:30.254+01:00 DEBUG 45596 --- [           main] com.zaxxer.hikari.HikariConfig           : transactionIsolation............default
2023-07-24T16:46:30.255+01:00 DEBUG 45596 --- [           main] com.zaxxer.hikari.HikariConfig           : username........................"postgres"
2023-07-24T16:46:30.255+01:00 DEBUG 45596 --- [           main] com.zaxxer.hikari.HikariConfig           : validationTimeout...............5000
2023-07-24T16:46:30.255+01:00  INFO 45596 --- [           main] com.zaxxer.hikari.HikariDataSource       : HikariPool-1 - Starting...
2023-07-24T16:46:30.283+01:00 DEBUG 45596 --- [           main] org.postgresql.Driver                    : Loading driver configuration via classloader jdk.internal.loader.ClassLoaders$AppClassLoader@7e32c033
2023-07-24T16:46:30.284+01:00 DEBUG 45596 --- [           main] org.postgresql.Driver                    : Connecting with URL: jdbc:postgresql://localhost:5432/blogapp
2023-07-24T16:46:30.295+01:00 DEBUG 45596 --- [           main] org.postgresql.jdbc.PgConnection         : PostgreSQL JDBC Driver 42.6.0
2023-07-24T16:46:30.297+01:00 DEBUG 45596 --- [           main] org.postgresql.jdbc.PgConnection         :   setDefaultFetchSize = 0
2023-07-24T16:46:30.297+01:00 DEBUG 45596 --- [           main] org.postgresql.jdbc.PgConnection         :   setPrepareThreshold = 5
2023-07-24T16:46:30.312+01:00 DEBUG 45596 --- [           main] o.p.core.v3.ConnectionFactoryImpl        : Trying to establish a protocol version 3 connection to localhost:5432
2023-07-24T16:46:30.374+01:00 DEBUG 45596 --- [           main] o.p.core.v3.ConnectionFactoryImpl        : Receive Buffer Size is 408,300
2023-07-24T16:46:30.375+01:00 DEBUG 45596 --- [           main] o.p.core.v3.ConnectionFactoryImpl        : Send Buffer Size is 146,988
2023-07-24T16:46:30.482+01:00  INFO 45596 --- [           main] com.zaxxer.hikari.pool.HikariPool        : HikariPool-1 - Added connection org.postgresql.jdbc.PgConnection@c4f6d5b
2023-07-24T16:46:30.488+01:00  INFO 45596 --- [           main] com.zaxxer.hikari.HikariDataSource       : HikariPool-1 - Start completed.
2023-07-24T16:46:30.501+01:00 DEBUG 45596 --- [           main] o.h.e.j.e.i.JdbcEnvironmentInitiator     : Database ->
       name : PostgreSQL
    version : 15.3
      major : 15
      minor : 3
2023-07-24T16:46:30.501+01:00 DEBUG 45596 --- [           main] o.h.e.j.e.i.JdbcEnvironmentInitiator     : Driver ->
       name : PostgreSQL JDBC Driver
    version : 42.6.0
      major : 42
      minor : 6
2023-07-24T16:46:30.502+01:00 DEBUG 45596 --- [           main] o.h.e.j.e.i.JdbcEnvironmentInitiator     : JDBC version : 4.2
2023-07-24T16:46:30.538+01:00 DEBUG 45596 --- [           main] org.hibernate.orm.dialect                : HHH035001: Using dialect: org.hibernate.dialect.PostgreSQLDialect, version: org.hibernate.engine.jdbc.env.internal.JdbcEnvironmentInitiator$DialectResolutionInfoImpl@650ee893
2023-07-24T16:46:30.539+01:00 DEBUG 45596 --- [           main] o.h.e.j.env.spi.IdentifierHelperBuilder  : JDBC driver metadata reported database stores quoted identifiers in neither upper, lower nor mixed case
2023-07-24T16:46:30.544+01:00 DEBUG 45596 --- [           main] org.hibernate.orm.jdbc.lob               : HHH10010004: Disabling contextual LOB creation as Dialect reported it is not supported
2023-07-24T16:46:30.552+01:00 DEBUG 45596 --- [           main] o.h.t.d.sql.spi.DdlTypeRegistry          : addDescriptor(6, org.hibernate.type.descriptor.sql.internal.CapacityDependentDdlType@24e63b9f) replaced previous registration(org.hibernate.type.descriptor.sql.internal.DdlTypeImpl@31eb5ed6)
2023-07-24T16:46:30.554+01:00 DEBUG 45596 --- [           main] o.h.t.d.jdbc.spi.JdbcTypeRegistry        : addDescriptor(2004, BlobTypeDescriptor(BLOB_BINDING)) replaced previous registration(BlobTypeDescriptor(DEFAULT))
2023-07-24T16:46:30.554+01:00 DEBUG 45596 --- [           main] o.h.t.d.jdbc.spi.JdbcTypeRegistry        : addDescriptor(2005, ClobTypeDescriptor(CLOB_BINDING)) replaced previous registration(ClobTypeDescriptor(DEFAULT))
2023-07-24T16:46:30.564+01:00 DEBUG 45596 --- [           main] org.hibernate.type.BasicTypeRegistry     : Adding type registration JAVA_OBJECT -> org.hibernate.type.JavaObjectType@473048f9
2023-07-24T16:46:30.564+01:00 DEBUG 45596 --- [           main] org.hibernate.type.BasicTypeRegistry     : Adding type registration java.lang.Object -> org.hibernate.type.JavaObjectType@473048f9
2023-07-24T16:46:30.564+01:00 DEBUG 45596 --- [           main] org.hibernate.type.BasicTypeRegistry     : Type registration key [java.lang.Object] overrode previous entry : `org.hibernate.type.JavaObjectType@27ec8754`
2023-07-24T16:46:30.564+01:00 DEBUG 45596 --- [           main] o.h.t.d.jdbc.spi.JdbcTypeRegistry        : addDescriptor(3100, NumericTypeDescriptor) replaced previous registration(org.hibernate.dialect.PostgreSQLIntervalSecondJdbcType@35f79e6d)
2023-07-24T16:46:30.565+01:00 DEBUG 45596 --- [           main] org.hibernate.type.BasicTypeRegistry     : Adding type registration org.hibernate.type.OffsetDateTimeType -> basicType@49(java.time.OffsetDateTime,3003)
2023-07-24T16:46:30.566+01:00 DEBUG 45596 --- [           main] org.hibernate.type.BasicTypeRegistry     : Adding type registration OffsetDateTime -> basicType@49(java.time.OffsetDateTime,3003)
2023-07-24T16:46:30.566+01:00 DEBUG 45596 --- [           main] org.hibernate.type.BasicTypeRegistry     : Adding type registration java.time.OffsetDateTime -> basicType@49(java.time.OffsetDateTime,3003)
2023-07-24T16:46:30.566+01:00 DEBUG 45596 --- [           main] org.hibernate.type.BasicTypeRegistry     : Adding type registration org.hibernate.type.ZonedDateTimeType -> basicType@50(java.time.ZonedDateTime,3003)
2023-07-24T16:46:30.566+01:00 DEBUG 45596 --- [           main] org.hibernate.type.BasicTypeRegistry     : Adding type registration ZonedDateTime -> basicType@50(java.time.ZonedDateTime,3003)
2023-07-24T16:46:30.566+01:00 DEBUG 45596 --- [           main] org.hibernate.type.BasicTypeRegistry     : Adding type registration java.time.ZonedDateTime -> basicType@50(java.time.ZonedDateTime,3003)
2023-07-24T16:46:30.567+01:00 DEBUG 45596 --- [           main] org.hibernate.type.BasicTypeRegistry     : Adding type registration org.hibernate.type.OffsetTimeType -> basicType@51(java.time.OffsetTime,3007)
2023-07-24T16:46:30.567+01:00 DEBUG 45596 --- [           main] org.hibernate.type.BasicTypeRegistry     : Adding type registration OffsetTime -> basicType@51(java.time.OffsetTime,3007)
2023-07-24T16:46:30.567+01:00 DEBUG 45596 --- [           main] org.hibernate.type.BasicTypeRegistry     : Adding type registration java.time.OffsetTime -> basicType@51(java.time.OffsetTime,3007)
2023-07-24T16:46:30.567+01:00 DEBUG 45596 --- [           main] o.h.type.spi.TypeConfiguration$Scope     : Scoping TypeConfiguration [org.hibernate.type.spi.TypeConfiguration@54da9644] to MetadataBuildingContext [org.hibernate.boot.internal.MetadataBuildingContextRootImpl@5796ae15]
2023-07-24T16:46:30.568+01:00 DEBUG 45596 --- [           main] o.h.boot.model.relational.Namespace      : Created database namespace [logicalName=Name{catalog=null, schema=null}, physicalName=Name{catalog=null, schema=null}]
2023-07-24T16:46:30.568+01:00 DEBUG 45596 --- [           main] o.h.boot.model.internal.EntityBinder     : Binding entity from annotated class: com.example.blogapp.entities.BlogUser
2023-07-24T16:46:30.568+01:00 DEBUG 45596 --- [           main] o.h.boot.model.internal.EntityBinder     : Import with entity name BlogUser
2023-07-24T16:46:30.569+01:00 DEBUG 45596 --- [           main] o.h.boot.model.internal.EntityBinder     : Bind entity com.example.blogapp.entities.BlogUser on table blog_user
2023-07-24T16:46:30.569+01:00 DEBUG 45596 --- [           main] o.h.boot.model.internal.AnnotatedColumn  : Binding column: AnnotatedDiscriminatorColumn(column='DTYPE')
2023-07-24T16:46:30.570+01:00 DEBUG 45596 --- [           main] o.h.boot.model.internal.AnnotatedColumn  : Binding column: AnnotatedColumn()
2023-07-24T16:46:30.570+01:00 DEBUG 45596 --- [           main] o.h.boot.internal.ClassLoaderAccessImpl  : Not known whether passed class name [com.example.blogapp.entities.BlogUser] is safe
2023-07-24T16:46:30.570+01:00 DEBUG 45596 --- [           main] o.h.boot.internal.ClassLoaderAccessImpl  : No temp ClassLoader provided; using live ClassLoader for loading potentially unsafe class : com.example.blogapp.entities.BlogUser
2023-07-24T16:46:30.571+01:00 DEBUG 45596 --- [           main] o.h.boot.model.internal.PropertyBinder   : MetadataSourceProcessor property id with lazy=false
2023-07-24T16:46:30.571+01:00 DEBUG 45596 --- [           main] o.h.b.m.internal.AbstractPropertyHolder  : Attempting to locate auto-apply AttributeConverter for property [com.example.blogapp.entities.BlogUser:id]
2023-07-24T16:46:30.571+01:00 DEBUG 45596 --- [           main] o.h.b.model.internal.BasicValueBinder    : building BasicValue for id
2023-07-24T16:46:30.571+01:00 DEBUG 45596 --- [           main] org.hibernate.mapping.BasicValue         : Skipping column re-registration: blog_user.id
2023-07-24T16:46:30.571+01:00 DEBUG 45596 --- [           main] o.h.boot.model.internal.PropertyBinder   : Building property id
2023-07-24T16:46:30.571+01:00 DEBUG 45596 --- [           main] o.h.boot.model.internal.BinderHelper     : #makeIdGenerator(BasicValue([Column(id)]), id, org.hibernate.id.enhanced.SequenceStyleGenerator, , ...)
2023-07-24T16:46:30.572+01:00 DEBUG 45596 --- [           main] o.h.boot.model.internal.AnnotatedColumn  : Binding column: AnnotatedJoinColumn()
2023-07-24T16:46:30.572+01:00 DEBUG 45596 --- [           main] o.h.boot.model.internal.AnnotatedColumn  : Binding column: AnnotatedColumn()
2023-07-24T16:46:30.572+01:00 DEBUG 45596 --- [           main] o.h.boot.model.internal.AnnotatedColumn  : Binding column: IndexColumn(column='comments_ORDER')
2023-07-24T16:46:30.573+01:00 DEBUG 45596 --- [           main] o.h.boot.model.internal.AnnotatedColumn  : Binding column: AnnotatedColumn()
2023-07-24T16:46:30.573+01:00 DEBUG 45596 --- [           main] o.h.boot.model.internal.AnnotatedColumn  : Binding column: AnnotatedColumn(column='comments_KEY')
2023-07-24T16:46:30.573+01:00 DEBUG 45596 --- [           main] o.h.boot.model.internal.AnnotatedColumn  : Binding column: AnnotatedJoinColumn(column='comments_KEY')
2023-07-24T16:46:30.574+01:00 DEBUG 45596 --- [           main] o.h.boot.model.internal.AnnotatedColumn  : Binding column: AnnotatedJoinColumn()
2023-07-24T16:46:30.574+01:00 DEBUG 45596 --- [           main] o.h.boot.model.internal.AnnotatedColumn  : Binding column: AnnotatedJoinColumn()
2023-07-24T16:46:30.574+01:00 DEBUG 45596 --- [           main] o.h.b.model.internal.CollectionBinder    : Collection role: com.example.blogapp.entities.BlogUser.comments
2023-07-24T16:46:30.574+01:00 DEBUG 45596 --- [           main] o.h.boot.model.internal.PropertyBinder   : Building property comments
2023-07-24T16:46:30.574+01:00 DEBUG 45596 --- [           main] o.h.boot.model.internal.AnnotatedColumn  : Binding column: AnnotatedJoinColumn()
2023-07-24T16:46:30.575+01:00 DEBUG 45596 --- [           main] o.h.boot.model.internal.AnnotatedColumn  : Binding column: AnnotatedColumn()
2023-07-24T16:46:30.575+01:00 DEBUG 45596 --- [           main] o.h.boot.model.internal.AnnotatedColumn  : Binding column: IndexColumn(column='likes_ORDER')
2023-07-24T16:46:30.576+01:00 DEBUG 45596 --- [           main] o.h.boot.model.internal.AnnotatedColumn  : Binding column: AnnotatedColumn()
2023-07-24T16:46:30.577+01:00 DEBUG 45596 --- [           main] o.h.boot.model.internal.AnnotatedColumn  : Binding column: AnnotatedColumn(column='likes_KEY')
2023-07-24T16:46:30.577+01:00 DEBUG 45596 --- [           main] o.h.boot.model.internal.AnnotatedColumn  : Binding column: AnnotatedJoinColumn(column='likes_KEY')
2023-07-24T16:46:30.577+01:00 DEBUG 45596 --- [           main] o.h.boot.model.internal.AnnotatedColumn  : Binding column: AnnotatedJoinColumn()
2023-07-24T16:46:30.577+01:00 DEBUG 45596 --- [           main] o.h.boot.model.internal.AnnotatedColumn  : Binding column: AnnotatedJoinColumn()
2023-07-24T16:46:30.578+01:00 DEBUG 45596 --- [           main] o.h.b.model.internal.CollectionBinder    : Collection role: com.example.blogapp.entities.BlogUser.likes
2023-07-24T16:46:30.578+01:00 DEBUG 45596 --- [           main] o.h.boot.model.internal.PropertyBinder   : Building property likes
2023-07-24T16:46:30.578+01:00 DEBUG 45596 --- [           main] o.h.boot.model.internal.AnnotatedColumn  : Binding column: AnnotatedColumn(column='password')
2023-07-24T16:46:30.578+01:00 DEBUG 45596 --- [           main] o.h.boot.model.internal.PropertyBinder   : MetadataSourceProcessor property password with lazy=false
2023-07-24T16:46:30.578+01:00 DEBUG 45596 --- [           main] o.h.b.m.internal.AbstractPropertyHolder  : Attempting to locate auto-apply AttributeConverter for property [com.example.blogapp.entities.BlogUser:password]
2023-07-24T16:46:30.578+01:00 DEBUG 45596 --- [           main] o.h.b.model.internal.BasicValueBinder    : building BasicValue for password
2023-07-24T16:46:30.579+01:00 DEBUG 45596 --- [           main] org.hibernate.mapping.BasicValue         : Skipping column re-registration: blog_user.password
2023-07-24T16:46:30.579+01:00 DEBUG 45596 --- [           main] o.h.boot.model.internal.PropertyBinder   : Building property password
2023-07-24T16:46:30.579+01:00 DEBUG 45596 --- [           main] o.h.boot.model.internal.AnnotatedColumn  : Binding column: AnnotatedColumn(column='username')
2023-07-24T16:46:30.579+01:00 DEBUG 45596 --- [           main] o.h.boot.model.internal.PropertyBinder   : MetadataSourceProcessor property username with lazy=false
2023-07-24T16:46:30.579+01:00 DEBUG 45596 --- [           main] o.h.b.m.internal.AbstractPropertyHolder  : Attempting to locate auto-apply AttributeConverter for property [com.example.blogapp.entities.BlogUser:username]
2023-07-24T16:46:30.579+01:00 DEBUG 45596 --- [           main] o.h.b.model.internal.BasicValueBinder    : building BasicValue for username
2023-07-24T16:46:30.579+01:00 DEBUG 45596 --- [           main] org.hibernate.mapping.BasicValue         : Skipping column re-registration: blog_user.username
2023-07-24T16:46:30.580+01:00 DEBUG 45596 --- [           main] o.h.boot.model.internal.PropertyBinder   : Building property username
2023-07-24T16:46:30.583+01:00 DEBUG 45596 --- [           main] o.h.boot.model.internal.EntityBinder     : Binding entity from annotated class: com.example.blogapp.entities.Comment
2023-07-24T16:46:30.583+01:00 DEBUG 45596 --- [           main] o.h.boot.model.internal.EntityBinder     : Import with entity name Comment
2023-07-24T16:46:30.584+01:00 DEBUG 45596 --- [           main] o.h.boot.model.internal.EntityBinder     : Bind entity com.example.blogapp.entities.Comment on table comment
2023-07-24T16:46:30.584+01:00 DEBUG 45596 --- [           main] o.h.boot.model.internal.AnnotatedColumn  : Binding column: AnnotatedDiscriminatorColumn(column='DTYPE')
2023-07-24T16:46:30.586+01:00 DEBUG 45596 --- [           main] o.h.boot.model.internal.AnnotatedColumn  : Binding column: AnnotatedColumn()
2023-07-24T16:46:30.586+01:00 DEBUG 45596 --- [           main] o.h.boot.internal.ClassLoaderAccessImpl  : Not known whether passed class name [com.example.blogapp.entities.Comment] is safe
2023-07-24T16:46:30.587+01:00 DEBUG 45596 --- [           main] o.h.boot.internal.ClassLoaderAccessImpl  : No temp ClassLoader provided; using live ClassLoader for loading potentially unsafe class : com.example.blogapp.entities.Comment
2023-07-24T16:46:30.587+01:00 DEBUG 45596 --- [           main] o.h.boot.model.internal.PropertyBinder   : MetadataSourceProcessor property comment_Id with lazy=false
2023-07-24T16:46:30.588+01:00 DEBUG 45596 --- [           main] o.h.b.m.internal.AbstractPropertyHolder  : Attempting to locate auto-apply AttributeConverter for property [com.example.blogapp.entities.Comment:comment_Id]
2023-07-24T16:46:30.588+01:00 DEBUG 45596 --- [           main] o.h.b.model.internal.BasicValueBinder    : building BasicValue for comment_Id
2023-07-24T16:46:30.588+01:00 DEBUG 45596 --- [           main] org.hibernate.mapping.BasicValue         : Skipping column re-registration: comment.comment_id
2023-07-24T16:46:30.588+01:00 DEBUG 45596 --- [           main] o.h.boot.model.internal.PropertyBinder   : Building property comment_Id
2023-07-24T16:46:30.588+01:00 DEBUG 45596 --- [           main] o.h.boot.model.internal.BinderHelper     : #makeIdGenerator(BasicValue([Column(comment_id)]), comment_Id, org.hibernate.id.enhanced.SequenceStyleGenerator, , ...)
[...]

   MustacheAutoConfiguration:
      Did not match:
         - @ConditionalOnClass did not find required class 'com.samskivert.mustache.Mustache' (OnClassCondition)

   Neo4jAutoConfiguration:
      Did not match:
         - @ConditionalOnClass did not find required class 'org.neo4j.driver.Driver' (OnClassCondition)

   Neo4jDataAutoConfiguration:
      Did not match:
         - @ConditionalOnClass did not find required class 'org.neo4j.driver.Driver' (OnClassCondition)

   Neo4jReactiveDataAutoConfiguration:
      Did not match:
         - @ConditionalOnClass did not find required class 'org.neo4j.driver.Driver' (OnClassCondition)

   Neo4jReactiveRepositoriesAutoConfiguration:
      Did not match:
         - @ConditionalOnClass did not find required class 'org.neo4j.driver.Driver' (OnClassCondition)

   Neo4jRepositoriesAutoConfiguration:
      Did not match:
         - @ConditionalOnClass did not find required class 'org.neo4j.driver.Driver' (OnClassCondition)

   NettyAutoConfiguration:
      Did not match:
         - @ConditionalOnClass did not find required class 'io.netty.util.NettyRuntime' (OnClassCondition)

   OAuth2AuthorizationServerAutoConfiguration:
      Did not match:
         - @ConditionalOnClass did not find required class 'org.springframework.security.oauth2.server.authorization.OAuth2Authorization' (OnClassCondition)

   OAuth2AuthorizationServerJwtAutoConfiguration:
      Did not match:
         - @ConditionalOnClass did not find required class 'org.springframework.security.oauth2.server.authorization.OAuth2Authorization' (OnClassCondition)

   OAuth2ClientAutoConfiguration:
      Did not match:
         - @ConditionalOnClass did not find required class 'org.springframework.security.config.annotation.web.configuration.EnableWebSecurity' (OnClassCondition)

   OAuth2ResourceServerAutoConfiguration:
      Did not match:
         - @ConditionalOnClass did not find required class 'org.springframework.security.oauth2.server.resource.authentication.BearerTokenAuthenticationToken' (OnClassCondition)

   ProjectInfoAutoConfiguration#buildProperties:
      Did not match:
         - @ConditionalOnResource did not find resource '${spring.info.build.location:classpath:META-INF/build-info.properties}' (OnResourceCondition)

   ProjectInfoAutoConfiguration#gitProperties:
      Did not match:
         - GitResource did not find git info at classpath:git.properties (ProjectInfoAutoConfiguration.GitResourceAvailableCondition)

   QuartzAutoConfiguration:
      Did not match:
         - @ConditionalOnClass did not find required class 'org.quartz.Scheduler' (OnClassCondition)

   R2dbcAutoConfiguration:
      Did not match:
         - @ConditionalOnClass did not find required class 'io.r2dbc.spi.ConnectionFactory' (OnClassCondition)

   R2dbcDataAutoConfiguration:
      Did not match:
         - @ConditionalOnClass did not find required class 'org.springframework.data.r2dbc.core.R2dbcEntityTemplate' (OnClassCondition)

   R2dbcInitializationConfiguration:
      Did not match:
         - @ConditionalOnClass did not find required classes 'io.r2dbc.spi.ConnectionFactory', 'org.springframework.r2dbc.connection.init.DatabasePopulator' (OnClassCondition)

   R2dbcRepositoriesAutoConfiguration:
      Did not match:
         - @ConditionalOnClass did not find required class 'io.r2dbc.spi.ConnectionFactory' (OnClassCondition)

   R2dbcTransactionManagerAutoConfiguration:
      Did not match:
         - @ConditionalOnClass did not find required class 'org.springframework.r2dbc.connection.R2dbcTransactionManager' (OnClassCondition)

   RSocketGraphQlClientAutoConfiguration:
      Did not match:
         - @ConditionalOnClass did not find required class 'graphql.GraphQL' (OnClassCondition)

   RSocketMessagingAutoConfiguration:
      Did not match:
         - @ConditionalOnClass did not find required class 'io.rsocket.RSocket' (OnClassCondition)

   RSocketRequesterAutoConfiguration:
      Did not match:
         - @ConditionalOnClass did not find required class 'io.rsocket.RSocket' (OnClassCondition)

   RSocketSecurityAutoConfiguration:
      Did not match:
         - @ConditionalOnClass did not find required class 'org.springframework.security.rsocket.core.SecuritySocketAcceptorInterceptor' (OnClassCondition)

   RSocketServerAutoConfiguration:
      Did not match:
         - @ConditionalOnClass did not find required class 'io.rsocket.core.RSocketServer' (OnClassCondition)

   RSocketStrategiesAutoConfiguration:
      Did not match:
         - @ConditionalOnClass did not find required class 'io.netty.buffer.PooledByteBufAllocator' (OnClassCondition)

   RabbitAutoConfiguration:
      Did not match:
         - @ConditionalOnClass did not find required class 'com.rabbitmq.client.Channel' (OnClassCondition)

   ReactiveElasticsearchClientAutoConfiguration:
      Did not match:
         - @ConditionalOnClass did not find required class 'co.elastic.clients.transport.ElasticsearchTransport' (OnClassCondition)

   ReactiveElasticsearchRepositoriesAutoConfiguration:
      Did not match:
         - @ConditionalOnClass did not find required class 'org.springframework.data.elasticsearch.client.elc.ReactiveElasticsearchClient' (OnClassCondition)

   ReactiveMultipartAutoConfiguration:
      Did not match:
         - @ConditionalOnClass did not find required class 'org.springframework.web.reactive.config.WebFluxConfigurer' (OnClassCondition)

   ReactiveOAuth2ClientAutoConfiguration:
      Did not match:
         - @ConditionalOnClass did not find required class 'reactor.core.publisher.Flux' (OnClassCondition)

   ReactiveOAuth2ResourceServerAutoConfiguration:
      Did not match:
         - @ConditionalOnClass did not find required class 'org.springframework.security.config.annotation.web.reactive.EnableWebFluxSecurity' (OnClassCondition)

   ReactiveSecurityAutoConfiguration:
      Did not match:
         - @ConditionalOnClass did not find required class 'reactor.core.publisher.Flux' (OnClassCondition)

   ReactiveUserDetailsServiceAutoConfiguration:
      Did not match:
         - @ConditionalOnClass did not find required class 'org.springframework.security.authentication.ReactiveAuthenticationManager' (OnClassCondition)

   ReactiveWebServerFactoryAutoConfiguration:
      Did not match:
         - @ConditionalOnWebApplication did not find reactive web application classes (OnWebApplicationCondition)

   RedisAutoConfiguration:
      Did not match:
         - @ConditionalOnClass did not find required class 'org.springframework.data.redis.core.RedisOperations' (OnClassCondition)

   RedisCacheConfiguration:
      Did not match:
         - @ConditionalOnClass did not find required class 'org.springframework.data.redis.connection.RedisConnectionFactory' (OnClassCondition)

   RedisReactiveAutoConfiguration:
      Did not match:
         - @ConditionalOnClass did not find required class 'reactor.core.publisher.Flux' (OnClassCondition)

   RedisRepositoriesAutoConfiguration:
      Did not match:
         - @ConditionalOnClass did not find required class 'org.springframework.data.redis.repository.configuration.EnableRedisRepositories' (OnClassCondition)

   RemoteDevToolsAutoConfiguration:
      Did not match:
         - @ConditionalOnProperty (spring.devtools.remote.secret) did not find property 'secret' (OnPropertyCondition)
      Matched:
         - @ConditionalOnClass found required classes 'jakarta.servlet.Filter', 'org.springframework.http.server.ServerHttpRequest' (OnClassCondition)

   RepositoryRestMvcAutoConfiguration:
      Did not match:
         - @ConditionalOnClass did not find required class 'org.springframework.data.rest.webmvc.config.RepositoryRestMvcConfiguration' (OnClassCondition)

   Saml2RelyingPartyAutoConfiguration:
      Did not match:
         - @ConditionalOnClass did not find required class 'org.springframework.security.saml2.provider.service.registration.RelyingPartyRegistrationRepository' (OnClassCondition)

   SecurityAutoConfiguration:
      Did not match:
         - @ConditionalOnClass did not find required class 'org.springframework.security.authentication.DefaultAuthenticationEventPublisher' (OnClassCondition)

   SecurityFilterAutoConfiguration:
      Did not match:
         - @ConditionalOnClass did not find required class 'org.springframework.security.config.http.SessionCreationPolicy' (OnClassCondition)

   SendGridAutoConfiguration:
      Did not match:
         - @ConditionalOnClass did not find required class 'com.sendgrid.SendGrid' (OnClassCondition)

   ServletWebServerFactoryAutoConfiguration.ForwardedHeaderFilterConfiguration:
      Did not match:
         - @ConditionalOnProperty (server.forward-headers-strategy=framework) did not find property 'server.forward-headers-strategy' (OnPropertyCondition)

   ServletWebServerFactoryConfiguration.EmbeddedJetty:
      Did not match:
         - @ConditionalOnClass did not find required classes 'org.eclipse.jetty.server.Server', 'org.eclipse.jetty.util.Loader', 'org.eclipse.jetty.webapp.WebAppContext' (OnClassCondition)

   ServletWebServerFactoryConfiguration.EmbeddedUndertow:
      Did not match:
         - @ConditionalOnClass did not find required classes 'io.undertow.Undertow', 'org.xnio.SslClientAuthMode' (OnClassCondition)

   SessionAutoConfiguration:
      Did not match:
         - @ConditionalOnClass did not find required class 'org.springframework.session.Session' (OnClassCondition)

   SpringApplicationAdminJmxAutoConfiguration:
      Did not match:
         - @ConditionalOnProperty (spring.application.admin.enabled=true) did not find property 'enabled' (OnPropertyCondition)

   TaskSchedulingAutoConfiguration#scheduledBeanLazyInitializationExcludeFilter:
      Did not match:
         - @ConditionalOnBean (names: org.springframework.context.annotation.internalScheduledAnnotationProcessor; SearchStrategy: all) did not find any beans named org.springframework.context.annotation.internalScheduledAnnotationProcessor (OnBeanCondition)

   TaskSchedulingAutoConfiguration#taskScheduler:
      Did not match:
         - @ConditionalOnBean (names: org.springframework.context.annotation.internalScheduledAnnotationProcessor; SearchStrategy: all) did not find any beans named org.springframework.context.annotation.internalScheduledAnnotationProcessor (OnBeanCondition)

   ThymeleafAutoConfiguration:
      Did not match:
         - @ConditionalOnClass did not find required class 'org.thymeleaf.spring6.SpringTemplateEngine' (OnClassCondition)

   TransactionAutoConfiguration#transactionalOperator:
      Did not match:
         - @ConditionalOnSingleCandidate (types: org.springframework.transaction.ReactiveTransactionManager; SearchStrategy: all) did not find any beans (OnBeanCondition)

   TransactionAutoConfiguration.EnableTransactionManagementConfiguration.JdkDynamicAutoProxyConfiguration:
      Did not match:
         - @ConditionalOnProperty (spring.aop.proxy-target-class=false) did not find property 'proxy-target-class' (OnPropertyCondition)

   UserDetailsServiceAutoConfiguration:
      Did not match:
         - @ConditionalOnClass did not find required class 'org.springframework.security.authentication.AuthenticationManager' (OnClassCondition)

   WebClientAutoConfiguration:
      Did not match:
         - @ConditionalOnClass did not find required class 'org.springframework.web.reactive.function.client.WebClient' (OnClassCondition)

   WebFluxAutoConfiguration:
      Did not match:
         - @ConditionalOnClass did not find required class 'org.springframework.web.reactive.config.WebFluxConfigurer' (OnClassCondition)

   WebMvcAutoConfiguration#hiddenHttpMethodFilter:
      Did not match:
         - @ConditionalOnProperty (spring.mvc.hiddenmethod.filter.enabled) did not find property 'enabled' (OnPropertyCondition)

   WebMvcAutoConfiguration.ProblemDetailsErrorHandlingConfiguration:
      Did not match:
         - @ConditionalOnProperty (spring.mvc.problemdetails.enabled=true) did not find property 'enabled' (OnPropertyCondition)

   WebMvcAutoConfiguration.ResourceChainCustomizerConfiguration:
      Did not match:
         - @ConditionalOnEnabledResourceChain did not find class org.webjars.WebJarAssetLocator (OnEnabledResourceChainCondition)

   WebMvcAutoConfiguration.WebMvcAutoConfigurationAdapter#beanNameViewResolver:
      Did not match:
         - @ConditionalOnMissingBean (types: org.springframework.web.servlet.view.BeanNameViewResolver; SearchStrategy: all) found beans of type 'org.springframework.web.servlet.view.BeanNameViewResolver' beanNameViewResolver (OnBeanCondition)

   WebServicesAutoConfiguration#wsdlDefinitionBeanFactoryPostProcessor:
      Did not match:
         - WSDL locations did not find property spring.webservices.wsdl-locations (OnWsdlLocationsCondition)

   WebSessionIdResolverAutoConfiguration:
      Did not match:
         - @ConditionalOnClass did not find required class 'reactor.core.publisher.Mono' (OnClassCondition)

   WebSocketMessagingAutoConfiguration:
      Did not match:
         - @ConditionalOnClass did not find required class 'org.springframework.web.socket.config.annotation.WebSocketMessageBrokerConfigurer' (OnClassCondition)

   WebSocketReactiveAutoConfiguration:
      Did not match:
         - @ConditionalOnWebApplication did not find reactive web application classes (OnWebApplicationCondition)

   WebSocketServletAutoConfiguration.JettyWebSocketConfiguration:
      Did not match:
         - @ConditionalOnClass did not find required class 'org.eclipse.jetty.websocket.jakarta.server.config.JakartaWebSocketServletContainerInitializer' (OnClassCondition)

   WebSocketServletAutoConfiguration.UndertowWebSocketConfiguration:
      Did not match:
         - @ConditionalOnClass did not find required class 'io.undertow.websockets.jsr.Bootstrap' (OnClassCondition)

   XADataSourceAutoConfiguration:
      Did not match:
         - @ConditionalOnBean (types: org.springframework.boot.jdbc.XADataSourceWrapper; SearchStrategy: all) did not find any beans of type org.springframework.boot.jdbc.XADataSourceWrapper (OnBeanCondition)
      Matched:
         - @ConditionalOnClass found required classes 'javax.sql.DataSource', 'jakarta.transaction.TransactionManager', 'org.springframework.jdbc.datasource.embedded.EmbeddedDatabaseType' (OnClassCondition)


Exclusions:
-----------

    None


Unconditional classes:
----------------------

    org.springframework.boot.autoconfigure.context.ConfigurationPropertiesAutoConfiguration

    org.springframework.boot.autoconfigure.ssl.SslAutoConfiguration

    org.springframework.boot.autoconfigure.context.LifecycleAutoConfiguration

    org.springframework.boot.autoconfigure.context.PropertyPlaceholderAutoConfiguration

    org.springframework.boot.autoconfigure.availability.ApplicationAvailabilityAutoConfiguration

    org.springframework.boot.autoconfigure.info.ProjectInfoAutoConfiguration



2023-07-24T16:46:33.005+01:00  INFO 45596 --- [           main] c.e.blogapp.BlogAppApplicationTests      : Started BlogAppApplicationTests in 3.464 seconds (process running for 27.139)
2023-07-24T16:46:33.005+01:00 DEBUG 45596 --- [           main] o.s.b.a.ApplicationAvailabilityBean      : Application availability state LivenessState changed to CORRECT
2023-07-24T16:46:33.006+01:00 DEBUG 45596 --- [           main] o.s.b.a.ApplicationAvailabilityBean      : Application availability state ReadinessState changed to ACCEPTING_TRAFFIC
2023-07-24T16:46:33.007+01:00 DEBUG 45596 --- [           main] org.springframework.test.context.cache   : Spring test ApplicationContext cache statistics: [DefaultContextCache@44ba9f25 size = 4, maxSize = 32, parentContextCount = 0, hitCount = 123, missCount = 4]
2023-07-24T16:46:33.007+01:00 DEBUG 45596 --- [           main] o.s.t.c.w.ServletTestExecutionListener   : Setting up MockHttpServletRequest, MockHttpServletResponse, ServletWebRequest, and RequestContextHolder for test class com.example.blogapp.BlogAppApplicationTests
2023-07-24T16:46:33.007+01:00 DEBUG 45596 --- [           main] DependencyInjectionTestExecutionListener : Performing dependency injection for test class com.example.blogapp.BlogAppApplicationTests
2023-07-24T16:46:33.007+01:00 DEBUG 45596 --- [           main] org.springframework.test.context.cache   : Spring test ApplicationContext cache statistics: [DefaultContextCache@44ba9f25 size = 4, maxSize = 32, parentContextCount = 0, hitCount = 124, missCount = 4]
2023-07-24T16:46:33.008+01:00 DEBUG 45596 --- [           main] org.springframework.test.context.cache   : Spring test ApplicationContext cache statistics: [DefaultContextCache@44ba9f25 size = 4, maxSize = 32, parentContextCount = 0, hitCount = 125, missCount = 4]
2023-07-24T16:46:33.010+01:00 DEBUG 45596 --- [           main] sContextBeforeModesTestExecutionListener : Before test method: class [BlogAppApplicationTests], method [contextLoads], class annotated with @DirtiesContext [false] with mode [null], method annotated with @DirtiesContext [false] with mode [null]
2023-07-24T16:46:33.012+01:00 DEBUG 45596 --- [           main] org.springframework.test.context.cache   : Spring test ApplicationContext cache statistics: [DefaultContextCache@44ba9f25 size = 4, maxSize = 32, parentContextCount = 0, hitCount = 126, missCount = 4]
2023-07-24T16:46:33.012+01:00 DEBUG 45596 --- [           main] org.springframework.test.context.cache   : Spring test ApplicationContext cache statistics: [DefaultContextCache@44ba9f25 size = 4, maxSize = 32, parentContextCount = 0, hitCount = 127, missCount = 4]
2023-07-24T16:46:33.014+01:00 DEBUG 45596 --- [           main] org.springframework.test.context.cache   : Spring test ApplicationContext cache statistics: [DefaultContextCache@44ba9f25 size = 4, maxSize = 32, parentContextCount = 0, hitCount = 128, missCount = 4]
2023-07-24T16:46:33.016+01:00 DEBUG 45596 --- [           main] org.springframework.test.context.cache   : Spring test ApplicationContext cache statistics: [DefaultContextCache@44ba9f25 size = 4, maxSize = 32, parentContextCount = 0, hitCount = 129, missCount = 4]
2023-07-24T16:46:33.016+01:00 DEBUG 45596 --- [           main] org.springframework.test.context.cache   : Spring test ApplicationContext cache statistics: [DefaultContextCache@44ba9f25 size = 4, maxSize = 32, parentContextCount = 0, hitCount = 130, missCount = 4]
2023-07-24T16:46:33.017+01:00 DEBUG 45596 --- [           main] org.springframework.test.context.cache   : Spring test ApplicationContext cache statistics: [DefaultContextCache@44ba9f25 size = 4, maxSize = 32, parentContextCount = 0, hitCount = 131, missCount = 4]
2023-07-24T16:46:33.017+01:00 DEBUG 45596 --- [           main] org.springframework.test.context.cache   : Spring test ApplicationContext cache statistics: [DefaultContextCache@44ba9f25 size = 4, maxSize = 32, parentContextCount = 0, hitCount = 132, missCount = 4]
2023-07-24T16:46:33.017+01:00 DEBUG 45596 --- [           main] org.springframework.test.context.cache   : Spring test ApplicationContext cache statistics: [DefaultContextCache@44ba9f25 size = 4, maxSize = 32, parentContextCount = 0, hitCount = 133, missCount = 4]
2023-07-24T16:46:33.019+01:00 DEBUG 45596 --- [           main] org.springframework.test.context.cache   : Spring test ApplicationContext cache statistics: [DefaultContextCache@44ba9f25 size = 4, maxSize = 32, parentContextCount = 0, hitCount = 134, missCount = 4]
2023-07-24T16:46:33.019+01:00 DEBUG 45596 --- [           main] .c.s.DirtiesContextTestExecutionListener : After test method: class [BlogAppApplicationTests], method [contextLoads], class annotated with @DirtiesContext [false] with mode [null], method annotated with @DirtiesContext [false] with mode [null]
2023-07-24T16:46:33.019+01:00 DEBUG 45596 --- [           main] o.s.t.c.w.ServletTestExecutionListener   : Resetting RequestContextHolder for test class com.example.blogapp.BlogAppApplicationTests
]]></system-out>
  </testcase>
</testsuite>