<?xml version="1.0" encoding="UTF-8"?>
<testsuite xmlns:xsi="http://www.w3.org/2001/XMLSchema-instance" xsi:noNamespaceSchemaLocation="https://maven.apache.org/surefire/maven-surefire-plugin/xsd/surefire-test-report-3.0.xsd" version="3.0" name="com.example.blogapp.repository.CommentRepositoryTest" time="1.842" tests="3" errors="0" skipped="0" failures="0">
  <properties>
[...]
</properties>
  <testcase name="GivenBloguserandpost_WhenfindByBloguserandPost_returnobject" classname="com.example.blogapp.repository.CommentRepositoryTest" time="0.022">
    <system-out><![CDATA[2023-07-24T16:46:27.629+01:00 DEBUG 45596 --- [           main] b.t.a.o.j.DataJpaTestContextBootstrapper : Neither @ContextConfiguration nor @ContextHierarchy found for test class [CommentRepositoryTest]: using SpringBootContextLoader
2023-07-24T16:46:27.636+01:00 DEBUG 45596 --- [           main] o.s.t.c.support.AbstractContextLoader    : Could not detect default resource locations for test class [com.example.blogapp.repository.CommentRepositoryTest]: no resource found for suffixes {-context.xml, Context.groovy}.
2023-07-24T16:46:27.636+01:00  INFO 45596 --- [           main] t.c.s.AnnotationConfigContextLoaderUtils : Could not detect default configuration classes for test class [com.example.blogapp.repository.CommentRepositoryTest]: CommentRepositoryTest does not declare any static, non-private, non-final, nested classes annotated with @Configuration.
2023-07-24T16:46:27.676+01:00 DEBUG 45596 --- [           main] b.t.a.o.j.DataJpaTestContextBootstrapper : Using ContextCustomizers for test class [CommentRepositoryTest]: [ImportsContextCustomizer, ExcludeFilterContextCustomizer, DuplicateJsonObjectContextCustomizer, MockitoContextCustomizer, DisableAutoConfigurationContextCustomizer, DisableObservabilityContextCustomizer, TypeExcludeFiltersContextCustomizer, PropertyMappingContextCustomizer, Customizer]
2023-07-24T16:46:27.677+01:00  INFO 45596 --- [           main] .b.t.c.SpringBootTestContextBootstrapper : Found @SpringBootConfiguration com.example.blogapp.BlogAppApplication for test class com.example.blogapp.repository.CommentRepositoryTest
2023-07-24T16:46:27.678+01:00 DEBUG 45596 --- [           main] .s.t.c.u.TestContextSpringFactoriesUtils : Skipping candidate TestExecutionListener [org.springframework.test.context.observation.MicrometerObservationRegistryTestExecutionListener] due to a missing dependency. Specify custom TestExecutionListener classes or make the default TestExecutionListener classes and their required dependencies available. Offending class: [Could not initialize class org.springframework.test.context.observation.MicrometerObservationRegistryTestExecutionListener]
2023-07-24T16:46:27.679+01:00 DEBUG 45596 --- [           main] b.t.a.o.j.DataJpaTestContextBootstrapper : Using TestExecutionListeners for test class [CommentRepositoryTest]: [ServletTestExecutionListener, DirtiesContextBeforeModesTestExecutionListener, ApplicationEventsTestExecutionListener, MockitoTestExecutionListener, DependencyInjectionTestExecutionListener, DirtiesContextTestExecutionListener, TransactionalTestExecutionListener, SqlScriptsTestExecutionListener, EventPublishingTestExecutionListener, ResetMocksTestExecutionListener, RestDocsTestExecutionListener, MockRestServiceServerResetTestExecutionListener, MockMvcPrintOnlyOnFailureTestExecutionListener, WebDriverTestExecutionListener, MockWebServiceServerTestExecutionListener]
2023-07-24T16:46:27.679+01:00 DEBUG 45596 --- [           main] sContextBeforeModesTestExecutionListener : Before test class: class [CommentRepositoryTest], class annotated with @DirtiesContext [false] with mode [null]
2023-07-24T16:46:27.691+01:00 DEBUG 45596 --- [           main] DependencyInjectionTestExecutionListener : Performing dependency injection for test class com.example.blogapp.repository.CommentRepositoryTest
2023-07-24T16:46:27.797+01:00 DEBUG 45596 --- [           main] o.s.boot.ApplicationEnvironment          : Activating profiles [dev]

  .   ____          _            __ _ _
 /\\ / ___'_ __ _ _(_)_ __  __ _ \ \ \ \
( ( )\___ | '_ | '_| | '_ \/ _` | \ \ \ \
 \\/  ___)| |_)| | | | | || (_| |  ) ) ) )
  '  |____| .__|_| |_|_| |_\__, | / / / /
 =========|_|==============|___/=/_/_/_/
 :: Spring Boot ::                (v3.1.1)

2023-07-24T16:46:27.819+01:00  INFO 45596 --- [           main] c.e.b.repository.CommentRepositoryTest   : Starting CommentRepositoryTest using Java 20.0.1 with PID 45596 (started by decagon in /Users/decagon/Desktop/BlogApi)
2023-07-24T16:46:27.819+01:00 DEBUG 45596 --- [           main] c.e.b.repository.CommentRepositoryTest   : Running with Spring Boot v3.1.1, Spring v6.0.10
2023-07-24T16:46:27.819+01:00  INFO 45596 --- [           main] c.e.b.repository.CommentRepositoryTest   : The following 1 profile is active: "dev"
2023-07-24T16:46:27.820+01:00 DEBUG 45596 --- [           main] o.s.boot.SpringApplication               : Loading source class com.example.blogapp.BlogAppApplication
2023-07-24T16:46:27.822+01:00 DEBUG 45596 --- [           main] s.c.a.AnnotationConfigApplicationContext : Refreshing org.springframework.context.annotation.AnnotationConfigApplicationContext@f4e235e
2023-07-24T16:46:27.823+01:00 DEBUG 45596 --- [           main] o.s.b.f.s.DefaultListableBeanFactory     : Creating shared instance of singleton bean 'org.springframework.context.annotation.internalConfigurationAnnotationProcessor'
2023-07-24T16:46:27.823+01:00 DEBUG 45596 --- [           main] o.s.b.f.s.DefaultListableBeanFactory     : Creating shared instance of singleton bean 'org.springframework.boot.autoconfigure.internalCachingMetadataReaderFactory'
2023-07-24T16:46:28.075+01:00  INFO 45596 --- [           main] .s.d.r.c.RepositoryConfigurationDelegate : Bootstrapping Spring Data JPA repositories in DEFAULT mode.
2023-07-24T16:46:28.076+01:00 DEBUG 45596 --- [           main] o.s.b.f.s.DefaultListableBeanFactory     : Creating shared instance of singleton bean 'org.springframework.boot.autoconfigure.AutoConfigurationPackages'
2023-07-24T16:46:28.077+01:00 DEBUG 45596 --- [           main] o.s.b.a.AutoConfigurationPackages        : @EnableAutoConfiguration was declared on a class in the package 'com.example.blogapp'. Automatic @Repository and @Entity scanning is enabled.
2023-07-24T16:46:28.077+01:00 DEBUG 45596 --- [           main] .s.d.r.c.RepositoryConfigurationDelegate : Scanning for JPA repositories in packages com.example.blogapp.
2023-07-24T16:46:28.086+01:00 DEBUG 45596 --- [           main] o.s.d.r.c.RepositoryComponentProvider    : Identified candidate component class: file [/Users/decagon/Desktop/BlogApi/target/classes/com/example/blogapp/repository/BlogUserRepository.class]
2023-07-24T16:46:28.087+01:00 DEBUG 45596 --- [           main] o.s.d.r.c.RepositoryComponentProvider    : Identified candidate component class: file [/Users/decagon/Desktop/BlogApi/target/classes/com/example/blogapp/repository/CommentRepository.class]
2023-07-24T16:46:28.087+01:00 DEBUG 45596 --- [           main] o.s.d.r.c.RepositoryComponentProvider    : Identified candidate component class: file [/Users/decagon/Desktop/BlogApi/target/classes/com/example/blogapp/repository/LikeRepository.class]
2023-07-24T16:46:28.087+01:00 DEBUG 45596 --- [           main] o.s.d.r.c.RepositoryComponentProvider    : Identified candidate component class: file [/Users/decagon/Desktop/BlogApi/target/classes/com/example/blogapp/repository/PostRepository.class]
2023-07-24T16:46:28.087+01:00 DEBUG 45596 --- [           main] o.s.d.r.c.RepositoryComponentProvider    : Identified candidate component class: file [/Users/decagon/Desktop/BlogApi/target/classes/com/example/blogapp/repository/SuperUserRepository.class]
2023-07-24T16:46:28.107+01:00  INFO 45596 --- [           main] .s.d.r.c.RepositoryConfigurationDelegate : Finished Spring Data repository scanning in 30 ms. Found 5 JPA repository interfaces.
2023-07-24T16:46:28.134+01:00 DEBUG 45596 --- [           main] o.s.b.f.s.DefaultListableBeanFactory     : Creating shared instance of singleton bean 'org.springframework.boot.test.context.ImportsContextCustomizer$ImportsCleanupPostProcessor'
2023-07-24T16:46:28.135+01:00 DEBUG 45596 --- [           main] o.s.b.f.s.DefaultListableBeanFactory     : Creating shared instance of singleton bean 'embeddedDataSourceBeanFactoryPostProcessor'
2023-07-24T16:46:28.140+01:00  INFO 45596 --- [           main] beddedDataSourceBeanFactoryPostProcessor : Replacing 'dataSource' DataSource bean with embedded version
2023-07-24T16:46:28.142+01:00 DEBUG 45596 --- [           main] o.s.b.f.s.DefaultListableBeanFactory     : Creating shared instance of singleton bean 'org.springframework.boot.test.mock.mockito.MockitoPostProcessor'
2023-07-24T16:46:28.142+01:00 DEBUG 45596 --- [           main] o.s.b.f.s.DefaultListableBeanFactory     : Creating shared instance of singleton bean 'emBeanDefinitionRegistrarPostProcessor'
2023-07-24T16:46:28.143+01:00 DEBUG 45596 --- [           main] o.s.b.f.s.DefaultListableBeanFactory     : Creating shared instance of singleton bean 'org.springframework.boot.sql.init.dependency.DatabaseInitializationDependencyConfigurer$DependsOnDatabaseInitializationPostProcessor'
2023-07-24T16:46:28.150+01:00 DEBUG 45596 --- [           main] o.s.b.f.s.DefaultListableBeanFactory     : Creating shared instance of singleton bean 'org.springframework.context.event.internalEventListenerProcessor'
2023-07-24T16:46:28.152+01:00 DEBUG 45596 --- [           main] o.s.b.f.s.DefaultListableBeanFactory     : Creating shared instance of singleton bean 'org.springframework.context.event.internalEventListenerFactory'
2023-07-24T16:46:28.152+01:00 DEBUG 45596 --- [           main] o.s.b.f.s.DefaultListableBeanFactory     : Creating shared instance of singleton bean 'org.springframework.transaction.config.internalTransactionalEventListenerFactory'
2023-07-24T16:46:28.154+01:00 DEBUG 45596 --- [           main] o.s.b.f.s.DefaultListableBeanFactory     : Creating shared instance of singleton bean 'org.springframework.context.annotation.internalAutowiredAnnotationProcessor'
2023-07-24T16:46:28.154+01:00 DEBUG 45596 --- [           main] o.s.b.f.s.DefaultListableBeanFactory     : Creating shared instance of singleton bean 'org.springframework.context.annotation.internalCommonAnnotationProcessor'
2023-07-24T16:46:28.155+01:00 DEBUG 45596 --- [           main] o.s.b.f.s.DefaultListableBeanFactory     : Creating shared instance of singleton bean 'org.springframework.context.annotation.internalPersistenceAnnotationProcessor'
2023-07-24T16:46:28.155+01:00 DEBUG 45596 --- [           main] o.s.b.f.s.DefaultListableBeanFactory     : Creating shared instance of singleton bean 'org.springframework.boot.test.mock.mockito.MockitoPostProcessor$SpyPostProcessor'
2023-07-24T16:46:28.155+01:00 DEBUG 45596 --- [           main] o.s.b.f.s.DefaultListableBeanFactory     : Creating shared instance of singleton bean 'jdbcConnectionDetailsHikariBeanPostProcessor'
2023-07-24T16:46:28.155+01:00 DEBUG 45596 --- [           main] o.s.b.f.s.DefaultListableBeanFactory     : Creating shared instance of singleton bean 'org.springframework.boot.context.properties.ConfigurationPropertiesBindingPostProcessor'
2023-07-24T16:46:28.156+01:00 DEBUG 45596 --- [           main] o.s.b.f.s.DefaultListableBeanFactory     : Creating shared instance of singleton bean 'org.springframework.boot.context.internalConfigurationPropertiesBinder'
2023-07-24T16:46:28.157+01:00 DEBUG 45596 --- [           main] o.s.b.f.s.DefaultListableBeanFactory     : Creating shared instance of singleton bean 'org.springframework.aop.config.internalAutoProxyCreator'
2023-07-24T16:46:28.161+01:00 DEBUG 45596 --- [           main] o.s.b.f.s.DefaultListableBeanFactory     : Creating shared instance of singleton bean 'dataSourceScriptDatabaseInitializer'
2023-07-24T16:46:28.161+01:00 DEBUG 45596 --- [           main] o.s.b.f.s.DefaultListableBeanFactory     : Creating shared instance of singleton bean 'org.springframework.boot.autoconfigure.sql.init.DataSourceInitializationConfiguration'
2023-07-24T16:46:28.162+01:00 DEBUG 45596 --- [           main] o.s.b.f.s.DefaultListableBeanFactory     : Creating shared instance of singleton bean 'org.springframework.transaction.config.internalTransactionAdvisor'
2023-07-24T16:46:28.163+01:00 DEBUG 45596 --- [           main] o.s.b.f.s.DefaultListableBeanFactory     : Creating shared instance of singleton bean 'org.springframework.transaction.annotation.ProxyTransactionManagementConfiguration'
2023-07-24T16:46:28.169+01:00 DEBUG 45596 --- [           main] o.s.b.f.s.DefaultListableBeanFactory     : Creating shared instance of singleton bean 'transactionAttributeSource'
2023-07-24T16:46:28.171+01:00 DEBUG 45596 --- [           main] o.s.b.f.s.DefaultListableBeanFactory     : Creating shared instance of singleton bean 'transactionInterceptor'
2023-07-24T16:46:28.171+01:00 DEBUG 45596 --- [           main] o.s.b.f.s.DefaultListableBeanFactory     : Autowiring by type from bean name 'transactionInterceptor' via factory method to bean named 'transactionAttributeSource'
2023-07-24T16:46:28.172+01:00 DEBUG 45596 --- [           main] o.s.b.f.s.DefaultListableBeanFactory     : Autowiring by type from bean name 'org.springframework.transaction.config.internalTransactionAdvisor' via factory method to bean named 'transactionAttributeSource'
2023-07-24T16:46:28.172+01:00 DEBUG 45596 --- [           main] o.s.b.f.s.DefaultListableBeanFactory     : Autowiring by type from bean name 'org.springframework.transaction.config.internalTransactionAdvisor' via factory method to bean named 'transactionInterceptor'
2023-07-24T16:46:28.174+01:00 DEBUG 45596 --- [           main] o.s.b.f.s.DefaultListableBeanFactory     : Creating shared instance of singleton bean 'dataSource'
2023-07-24T16:46:28.175+01:00  INFO 45596 --- [           main] o.s.j.d.e.EmbeddedDatabaseFactory        : Starting embedded database: url='jdbc:h2:mem:e14a978e-96e4-4e8a-89ea-9d209a0577b2;DB_CLOSE_DELAY=-1;DB_CLOSE_ON_EXIT=false', username='sa'
2023-07-24T16:46:28.175+01:00 DEBUG 45596 --- [           main] o.s.jdbc.datasource.DataSourceUtils      : Fetching JDBC Connection from DataSource
2023-07-24T16:46:28.175+01:00 DEBUG 45596 --- [           main] o.s.j.datasource.SimpleDriverDataSource  : Creating new JDBC Driver Connection to [jdbc:h2:mem:e14a978e-96e4-4e8a-89ea-9d209a0577b2;DB_CLOSE_DELAY=-1;DB_CLOSE_ON_EXIT=false]
2023-07-24T16:46:28.181+01:00 DEBUG 45596 --- [           main] o.s.b.f.s.DefaultListableBeanFactory     : Creating shared instance of singleton bean 'spring.sql.init-org.springframework.boot.autoconfigure.sql.init.SqlInitializationProperties'
2023-07-24T16:46:28.181+01:00 DEBUG 45596 --- [           main] o.s.b.f.s.DefaultListableBeanFactory     : Creating shared instance of singleton bean 'org.springframework.boot.context.properties.BoundConfigurationProperties'
2023-07-24T16:46:28.188+01:00 DEBUG 45596 --- [           main] o.s.b.f.s.DefaultListableBeanFactory     : Autowiring by type from bean name 'dataSourceScriptDatabaseInitializer' via factory method to bean named 'dataSource'
2023-07-24T16:46:28.188+01:00 DEBUG 45596 --- [           main] o.s.b.f.s.DefaultListableBeanFactory     : Autowiring by type from bean name 'dataSourceScriptDatabaseInitializer' via factory method to bean named 'spring.sql.init-org.springframework.boot.autoconfigure.sql.init.SqlInitializationProperties'
2023-07-24T16:46:28.190+01:00 DEBUG 45596 --- [           main] o.s.b.f.s.DefaultListableBeanFactory     : Creating shared instance of singleton bean 'entityManagerFactory'
2023-07-24T16:46:28.190+01:00 DEBUG 45596 --- [           main] o.s.b.f.s.DefaultListableBeanFactory     : Creating shared instance of singleton bean 'org.springframework.boot.autoconfigure.orm.jpa.HibernateJpaConfiguration'
2023-07-24T16:46:28.192+01:00 DEBUG 45596 --- [           main] o.s.b.f.s.DefaultListableBeanFactory     : Creating shared instance of singleton bean 'spring.jpa-org.springframework.boot.autoconfigure.orm.jpa.JpaProperties'
2023-07-24T16:46:28.203+01:00 DEBUG 45596 --- [           main] o.s.b.f.s.DefaultListableBeanFactory     : Creating shared instance of singleton bean 'spring.jpa.hibernate-org.springframework.boot.autoconfigure.orm.jpa.HibernateProperties'
2023-07-24T16:46:28.206+01:00 DEBUG 45596 --- [           main] o.s.b.f.s.DefaultListableBeanFactory     : Autowiring by type from bean name 'org.springframework.boot.autoconfigure.orm.jpa.HibernateJpaConfiguration' via constructor to bean named 'dataSource'
2023-07-24T16:46:28.206+01:00 DEBUG 45596 --- [           main] o.s.b.f.s.DefaultListableBeanFactory     : Autowiring by type from bean name 'org.springframework.boot.autoconfigure.orm.jpa.HibernateJpaConfiguration' via constructor to bean named 'spring.jpa-org.springframework.boot.autoconfigure.orm.jpa.JpaProperties'
2023-07-24T16:46:28.206+01:00 DEBUG 45596 --- [           main] o.s.b.f.s.DefaultListableBeanFactory     : Autowiring by type from bean name 'org.springframework.boot.autoconfigure.orm.jpa.HibernateJpaConfiguration' via constructor to bean named 'org.springframework.beans.factory.support.DefaultListableBeanFactory@50c9b080'
2023-07-24T16:46:28.206+01:00 DEBUG 45596 --- [           main] o.s.b.f.s.DefaultListableBeanFactory     : Autowiring by type from bean name 'org.springframework.boot.autoconfigure.orm.jpa.HibernateJpaConfiguration' via constructor to bean named 'spring.jpa.hibernate-org.springframework.boot.autoconfigure.orm.jpa.HibernateProperties'
2023-07-24T16:46:28.209+01:00 DEBUG 45596 --- [           main] o.s.b.f.s.DefaultListableBeanFactory     : Creating shared instance of singleton bean 'hikariPoolDataSourceMetadataProvider'
2023-07-24T16:46:28.209+01:00 DEBUG 45596 --- [           main] o.s.b.f.s.DefaultListableBeanFactory     : Creating shared instance of singleton bean 'org.springframework.boot.autoconfigure.jdbc.metadata.DataSourcePoolMetadataProvidersConfiguration$HikariPoolDataSourceMetadataProviderConfiguration'
2023-07-24T16:46:28.215+01:00 DEBUG 45596 --- [           main] o.s.b.f.s.DefaultListableBeanFactory     : Creating shared instance of singleton bean 'entityManagerFactoryBuilder'
2023-07-24T16:46:28.215+01:00 DEBUG 45596 --- [           main] o.s.b.f.s.DefaultListableBeanFactory     : Creating shared instance of singleton bean 'jpaVendorAdapter'
2023-07-24T16:46:28.216+01:00 DEBUG 45596 --- [           main] o.s.b.f.s.DefaultListableBeanFactory     : Autowiring by type from bean name 'entityManagerFactoryBuilder' via factory method to bean named 'jpaVendorAdapter'
2023-07-24T16:46:28.217+01:00 DEBUG 45596 --- [           main] o.s.b.f.s.DefaultListableBeanFactory     : Creating shared instance of singleton bean 'persistenceManagedTypes'
2023-07-24T16:46:28.218+01:00 DEBUG 45596 --- [           main] o.s.b.f.s.DefaultListableBeanFactory     : Autowiring by type from bean name 'persistenceManagedTypes' via factory method to bean named 'org.springframework.beans.factory.support.DefaultListableBeanFactory@50c9b080'
2023-07-24T16:46:28.218+01:00 DEBUG 45596 --- [           main] o.s.b.f.s.DefaultListableBeanFactory     : Autowiring by type from bean name 'persistenceManagedTypes' via factory method to bean named 'org.springframework.context.annotation.AnnotationConfigApplicationContext@f4e235e'
2023-07-24T16:46:28.225+01:00 DEBUG 45596 --- [           main] o.s.b.f.s.DefaultListableBeanFactory     : Autowiring by type from bean name 'entityManagerFactory' via factory method to bean named 'entityManagerFactoryBuilder'
2023-07-24T16:46:28.225+01:00 DEBUG 45596 --- [           main] o.s.b.f.s.DefaultListableBeanFactory     : Autowiring by type from bean name 'entityManagerFactory' via factory method to bean named 'persistenceManagedTypes'
2023-07-24T16:46:28.226+01:00 DEBUG 45596 --- [           main] j.LocalContainerEntityManagerFactoryBean : Building JPA container EntityManagerFactory for persistence unit 'default'
2023-07-24T16:46:28.226+01:00 DEBUG 45596 --- [           main] o.hibernate.jpa.internal.util.LogHelper  : PersistenceUnitInfo [
	name: default
	persistence provider classname: null
	classloader: jdk.internal.loader.ClassLoaders$AppClassLoader@7e32c033
	excludeUnlistedClasses: true
	JTA datasource: null
	Non JTA datasource: org.springframework.jdbc.datasource.embedded.EmbeddedDatabaseFactory$EmbeddedDataSourceProxy@2d492d46
	Transaction type: RESOURCE_LOCAL
	PU root URL: file:/Users/decagon/Desktop/BlogApi/target/test-classes/
	Shared Cache Mode: UNSPECIFIED
	Validation Mode: AUTO
	Jar files URLs []
	Managed classes names [
		com.example.blogapp.entities.BlogUser
		com.example.blogapp.entities.Comment
		com.example.blogapp.entities.Likes
		com.example.blogapp.entities.Post
		com.example.blogapp.entities.SuperUser]
	Mapping files names []
	Properties []
2023-07-24T16:46:28.226+01:00 DEBUG 45596 --- [           main] o.h.i.internal.IntegratorServiceImpl     : Adding Integrator [org.hibernate.boot.beanvalidation.BeanValidationIntegrator].
2023-07-24T16:46:28.226+01:00 DEBUG 45596 --- [           main] o.h.i.internal.IntegratorServiceImpl     : Adding Integrator [org.hibernate.cache.internal.CollectionCacheInvalidator].
2023-07-24T16:46:28.229+01:00 DEBUG 45596 --- [           main] org.hibernate.orm.idgen.factory          : Registering IdentifierGenerator strategy [uuid2] -> [org.hibernate.id.UUIDGenerator]
2023-07-24T16:46:28.229+01:00 DEBUG 45596 --- [           main] org.hibernate.orm.idgen.factory          : Registering IdentifierGenerator strategy [guid] -> [org.hibernate.id.GUIDGenerator]
2023-07-24T16:46:28.229+01:00 DEBUG 45596 --- [           main] org.hibernate.orm.idgen.factory          : Registering IdentifierGenerator strategy [uuid] -> [org.hibernate.id.UUIDHexGenerator]
2023-07-24T16:46:28.230+01:00 DEBUG 45596 --- [           main] org.hibernate.orm.idgen.factory          : Registering IdentifierGenerator strategy [uuid.hex] -> [org.hibernate.id.UUIDHexGenerator]
2023-07-24T16:46:28.230+01:00 DEBUG 45596 --- [           main] org.hibernate.orm.idgen.factory          : Registering IdentifierGenerator strategy [assigned] -> [org.hibernate.id.Assigned]
2023-07-24T16:46:28.230+01:00 DEBUG 45596 --- [           main] org.hibernate.orm.idgen.factory          : Registering IdentifierGenerator strategy [identity] -> [org.hibernate.id.IdentityGenerator]
2023-07-24T16:46:28.230+01:00 DEBUG 45596 --- [           main] org.hibernate.orm.idgen.factory          : Registering IdentifierGenerator strategy [select] -> [org.hibernate.id.SelectGenerator]
2023-07-24T16:46:28.230+01:00 DEBUG 45596 --- [           main] org.hibernate.orm.idgen.factory          : Registering IdentifierGenerator strategy [sequence] -> [org.hibernate.id.enhanced.SequenceStyleGenerator]
2023-07-24T16:46:28.230+01:00 DEBUG 45596 --- [           main] org.hibernate.orm.idgen.factory          : Registering IdentifierGenerator strategy [increment] -> [org.hibernate.id.IncrementGenerator]
2023-07-24T16:46:28.230+01:00 DEBUG 45596 --- [           main] org.hibernate.orm.idgen.factory          : Registering IdentifierGenerator strategy [foreign] -> [org.hibernate.id.ForeignGenerator]
2023-07-24T16:46:28.230+01:00 DEBUG 45596 --- [           main] org.hibernate.orm.idgen.factory          : Registering IdentifierGenerator strategy [enhanced-sequence] -> [org.hibernate.id.enhanced.SequenceStyleGenerator]
2023-07-24T16:46:28.230+01:00 DEBUG 45596 --- [           main] org.hibernate.orm.idgen.factory          : Registering IdentifierGenerator strategy [enhanced-table] -> [org.hibernate.id.enhanced.TableGenerator]
2023-07-24T16:46:28.230+01:00 DEBUG 45596 --- [           main] o.h.c.internal.RegionFactoryInitiator    : Cannot default RegionFactory based on registered strategies as `[]` RegionFactory strategies were registered
2023-07-24T16:46:28.230+01:00 DEBUG 45596 --- [           main] o.h.c.internal.RegionFactoryInitiator    : Cache region factory : org.hibernate.cache.internal.NoCachingRegionFactory
2023-07-24T16:46:28.231+01:00 DEBUG 45596 --- [           main] org.hibernate.type.BasicTypeRegistry     : Adding type registration boolean -> org.hibernate.type.BasicTypeReference@5e905f2c
2023-07-24T16:46:28.231+01:00 DEBUG 45596 --- [           main] org.hibernate.type.BasicTypeRegistry     : Adding type registration boolean -> org.hibernate.type.BasicTypeReference@5e905f2c
2023-07-24T16:46:28.231+01:00 DEBUG 45596 --- [           main] org.hibernate.type.BasicTypeRegistry     : Adding type registration java.lang.Boolean -> org.hibernate.type.BasicTypeReference@5e905f2c
2023-07-24T16:46:28.231+01:00 DEBUG 45596 --- [           main] org.hibernate.type.BasicTypeRegistry     : Adding type registration numeric_boolean -> org.hibernate.type.BasicTypeReference@fddd7ae
2023-07-24T16:46:28.231+01:00 DEBUG 45596 --- [           main] org.hibernate.type.BasicTypeRegistry     : Adding type registration org.hibernate.type.NumericBooleanConverter -> org.hibernate.type.BasicTypeReference@fddd7ae
2023-07-24T16:46:28.231+01:00 DEBUG 45596 --- [           main] org.hibernate.type.BasicTypeRegistry     : Adding type registration true_false -> org.hibernate.type.BasicTypeReference@3f6cce7f
2023-07-24T16:46:28.231+01:00 DEBUG 45596 --- [           main] org.hibernate.type.BasicTypeRegistry     : Adding type registration org.hibernate.type.TrueFalseConverter -> org.hibernate.type.BasicTypeReference@3f6cce7f
2023-07-24T16:46:28.231+01:00 DEBUG 45596 --- [           main] org.hibernate.type.BasicTypeRegistry     : Adding type registration yes_no -> org.hibernate.type.BasicTypeReference@2725ca05
2023-07-24T16:46:28.231+01:00 DEBUG 45596 --- [           main] org.hibernate.type.BasicTypeRegistry     : Adding type registration org.hibernate.type.YesNoConverter -> org.hibernate.type.BasicTypeReference@2725ca05
2023-07-24T16:46:28.231+01:00 DEBUG 45596 --- [           main] org.hibernate.type.BasicTypeRegistry     : Adding type registration byte -> org.hibernate.type.BasicTypeReference@7b9088f2
2023-07-24T16:46:28.232+01:00 DEBUG 45596 --- [           main] org.hibernate.type.BasicTypeRegistry     : Adding type registration byte -> org.hibernate.type.BasicTypeReference@7b9088f2
2023-07-24T16:46:28.232+01:00 DEBUG 45596 --- [           main] org.hibernate.type.BasicTypeRegistry     : Adding type registration java.lang.Byte -> org.hibernate.type.BasicTypeReference@7b9088f2
2023-07-24T16:46:28.232+01:00 DEBUG 45596 --- [           main] org.hibernate.type.BasicTypeRegistry     : Adding type registration binary -> org.hibernate.type.BasicTypeReference@1a914089
2023-07-24T16:46:28.232+01:00 DEBUG 45596 --- [           main] org.hibernate.type.BasicTypeRegistry     : Adding type registration byte[] -> org.hibernate.type.BasicTypeReference@1a914089
2023-07-24T16:46:28.232+01:00 DEBUG 45596 --- [           main] org.hibernate.type.BasicTypeRegistry     : Adding type registration [B -> org.hibernate.type.BasicTypeReference@1a914089
2023-07-24T16:46:28.232+01:00 DEBUG 45596 --- [           main] org.hibernate.type.BasicTypeRegistry     : Adding type registration binary_wrapper -> org.hibernate.type.BasicTypeReference@43d76a92
2023-07-24T16:46:28.232+01:00 DEBUG 45596 --- [           main] org.hibernate.type.BasicTypeRegistry     : Adding type registration wrapper-binary -> org.hibernate.type.BasicTypeReference@43d76a92
2023-07-24T16:46:28.232+01:00 DEBUG 45596 --- [           main] org.hibernate.type.BasicTypeRegistry     : Adding type registration image -> org.hibernate.type.BasicTypeReference@4a2bf50f
2023-07-24T16:46:28.232+01:00 DEBUG 45596 --- [           main] org.hibernate.type.BasicTypeRegistry     : Adding type registration blob -> org.hibernate.type.BasicTypeReference@350323a0
2023-07-24T16:46:28.232+01:00 DEBUG 45596 --- [           main] org.hibernate.type.BasicTypeRegistry     : Adding type registration java.sql.Blob -> org.hibernate.type.BasicTypeReference@350323a0
2023-07-24T16:46:28.232+01:00 DEBUG 45596 --- [           main] org.hibernate.type.BasicTypeRegistry     : Adding type registration materialized_blob -> org.hibernate.type.BasicTypeReference@2506b881
2023-07-24T16:46:28.232+01:00 DEBUG 45596 --- [           main] org.hibernate.type.BasicTypeRegistry     : Adding type registration materialized_blob_wrapper -> org.hibernate.type.BasicTypeReference@5d7dd549
2023-07-24T16:46:28.232+01:00 DEBUG 45596 --- [           main] org.hibernate.type.BasicTypeRegistry     : Adding type registration short -> org.hibernate.type.BasicTypeReference@486bd064
2023-07-24T16:46:28.232+01:00 DEBUG 45596 --- [           main] org.hibernate.type.BasicTypeRegistry     : Adding type registration short -> org.hibernate.type.BasicTypeReference@486bd064
2023-07-24T16:46:28.232+01:00 DEBUG 45596 --- [           main] org.hibernate.type.BasicTypeRegistry     : Adding type registration java.lang.Short -> org.hibernate.type.BasicTypeReference@486bd064
2023-07-24T16:46:28.232+01:00 DEBUG 45596 --- [           main] org.hibernate.type.BasicTypeRegistry     : Adding type registration integer -> org.hibernate.type.BasicTypeReference@6459f4ea
2023-07-24T16:46:28.232+01:00 DEBUG 45596 --- [           main] org.hibernate.type.BasicTypeRegistry     : Adding type registration int -> org.hibernate.type.BasicTypeReference@6459f4ea
2023-07-24T16:46:28.232+01:00 DEBUG 45596 --- [           main] org.hibernate.type.BasicTypeRegistry     : Adding type registration java.lang.Integer -> org.hibernate.type.BasicTypeReference@6459f4ea
2023-07-24T16:46:28.232+01:00 DEBUG 45596 --- [           main] org.hibernate.type.BasicTypeRegistry     : Adding type registration long -> org.hibernate.type.BasicTypeReference@740b9a50
2023-07-24T16:46:28.232+01:00 DEBUG 45596 --- [           main] org.hibernate.type.BasicTypeRegistry     : Adding type registration long -> org.hibernate.type.BasicTypeReference@740b9a50
2023-07-24T16:46:28.232+01:00 DEBUG 45596 --- [           main] org.hibernate.type.BasicTypeRegistry     : Adding type registration java.lang.Long -> org.hibernate.type.BasicTypeReference@740b9a50
2023-07-24T16:46:28.232+01:00 DEBUG 45596 --- [           main] org.hibernate.type.BasicTypeRegistry     : Adding type registration float -> org.hibernate.type.BasicTypeReference@476fde05
2023-07-24T16:46:28.232+01:00 DEBUG 45596 --- [           main] org.hibernate.type.BasicTypeRegistry     : Adding type registration float -> org.hibernate.type.BasicTypeReference@476fde05
2023-07-24T16:46:28.232+01:00 DEBUG 45596 --- [           main] org.hibernate.type.BasicTypeRegistry     : Adding type registration java.lang.Float -> org.hibernate.type.BasicTypeReference@476fde05
2023-07-24T16:46:28.232+01:00 DEBUG 45596 --- [           main] org.hibernate.type.BasicTypeRegistry     : Adding type registration double -> org.hibernate.type.BasicTypeReference@5111de7c
2023-07-24T16:46:28.232+01:00 DEBUG 45596 --- [           main] org.hibernate.type.BasicTypeRegistry     : Adding type registration double -> org.hibernate.type.BasicTypeReference@5111de7c
2023-07-24T16:46:28.232+01:00 DEBUG 45596 --- [           main] org.hibernate.type.BasicTypeRegistry     : Adding type registration java.lang.Double -> org.hibernate.type.BasicTypeReference@5111de7c
2023-07-24T16:46:28.232+01:00 DEBUG 45596 --- [           main] org.hibernate.type.BasicTypeRegistry     : Adding type registration big_integer -> org.hibernate.type.BasicTypeReference@7ac48e10
2023-07-24T16:46:28.232+01:00 DEBUG 45596 --- [           main] org.hibernate.type.BasicTypeRegistry     : Adding type registration java.math.BigInteger -> org.hibernate.type.BasicTypeReference@7ac48e10
2023-07-24T16:46:28.233+01:00 DEBUG 45596 --- [           main] org.hibernate.type.BasicTypeRegistry     : Adding type registration big_decimal -> org.hibernate.type.BasicTypeReference@52354202
2023-07-24T16:46:28.233+01:00 DEBUG 45596 --- [           main] org.hibernate.type.BasicTypeRegistry     : Adding type registration java.math.BigDecimal -> org.hibernate.type.BasicTypeReference@52354202
2023-07-24T16:46:28.233+01:00 DEBUG 45596 --- [           main] org.hibernate.type.BasicTypeRegistry     : Adding type registration character -> org.hibernate.type.BasicTypeReference@6b1321b7
2023-07-24T16:46:28.233+01:00 DEBUG 45596 --- [           main] org.hibernate.type.BasicTypeRegistry     : Adding type registration char -> org.hibernate.type.BasicTypeReference@6b1321b7
2023-07-24T16:46:28.233+01:00 DEBUG 45596 --- [           main] org.hibernate.type.BasicTypeRegistry     : Adding type registration java.lang.Character -> org.hibernate.type.BasicTypeReference@6b1321b7
2023-07-24T16:46:28.233+01:00 DEBUG 45596 --- [           main] org.hibernate.type.BasicTypeRegistry     : Adding type registration character_nchar -> org.hibernate.type.BasicTypeReference@342ee097
2023-07-24T16:46:28.233+01:00 DEBUG 45596 --- [           main] org.hibernate.type.BasicTypeRegistry     : Adding type registration string -> org.hibernate.type.BasicTypeReference@6ac45c0c
2023-07-24T16:46:28.233+01:00 DEBUG 45596 --- [           main] org.hibernate.type.BasicTypeRegistry     : Adding type registration java.lang.String -> org.hibernate.type.BasicTypeReference@6ac45c0c
2023-07-24T16:46:28.233+01:00 DEBUG 45596 --- [           main] org.hibernate.type.BasicTypeRegistry     : Adding type registration nstring -> org.hibernate.type.BasicTypeReference@12192604
2023-07-24T16:46:28.233+01:00 DEBUG 45596 --- [           main] org.hibernate.type.BasicTypeRegistry     : Adding type registration characters -> org.hibernate.type.BasicTypeReference@6075b369
2023-07-24T16:46:28.233+01:00 DEBUG 45596 --- [           main] org.hibernate.type.BasicTypeRegistry     : Adding type registration char[] -> org.hibernate.type.BasicTypeReference@6075b369
2023-07-24T16:46:28.233+01:00 DEBUG 45596 --- [           main] org.hibernate.type.BasicTypeRegistry     : Adding type registration [C -> org.hibernate.type.BasicTypeReference@6075b369
2023-07-24T16:46:28.233+01:00 DEBUG 45596 --- [           main] org.hibernate.type.BasicTypeRegistry     : Adding type registration wrapper-characters -> org.hibernate.type.BasicTypeReference@231cdda8
2023-07-24T16:46:28.233+01:00 DEBUG 45596 --- [           main] org.hibernate.type.BasicTypeRegistry     : Adding type registration text -> org.hibernate.type.BasicTypeReference@6b70d1fb
2023-07-24T16:46:28.233+01:00 DEBUG 45596 --- [           main] org.hibernate.type.BasicTypeRegistry     : Adding type registration ntext -> org.hibernate.type.BasicTypeReference@3002e397
2023-07-24T16:46:28.233+01:00 DEBUG 45596 --- [           main] org.hibernate.type.BasicTypeRegistry     : Adding type registration clob -> org.hibernate.type.BasicTypeReference@7da1e005
2023-07-24T16:46:28.233+01:00 DEBUG 45596 --- [           main] org.hibernate.type.BasicTypeRegistry     : Adding type registration java.sql.Clob -> org.hibernate.type.BasicTypeReference@7da1e005
2023-07-24T16:46:28.233+01:00 DEBUG 45596 --- [           main] org.hibernate.type.BasicTypeRegistry     : Adding type registration nclob -> org.hibernate.type.BasicTypeReference@38159384
2023-07-24T16:46:28.233+01:00 DEBUG 45596 --- [           main] org.hibernate.type.BasicTypeRegistry     : Adding type registration java.sql.NClob -> org.hibernate.type.BasicTypeReference@38159384
2023-07-24T16:46:28.233+01:00 DEBUG 45596 --- [           main] org.hibernate.type.BasicTypeRegistry     : Adding type registration materialized_clob -> org.hibernate.type.BasicTypeReference@55877274
2023-07-24T16:46:28.233+01:00 DEBUG 45596 --- [           main] org.hibernate.type.BasicTypeRegistry     : Adding type registration materialized_clob_char_array -> org.hibernate.type.BasicTypeReference@723e2d08
2023-07-24T16:46:28.233+01:00 DEBUG 45596 --- [           main] org.hibernate.type.BasicTypeRegistry     : Adding type registration materialized_clob_character_array -> org.hibernate.type.BasicTypeReference@6d4a82
2023-07-24T16:46:28.233+01:00 DEBUG 45596 --- [           main] org.hibernate.type.BasicTypeRegistry     : Adding type registration materialized_nclob -> org.hibernate.type.BasicTypeReference@14f060b8
2023-07-24T16:46:28.233+01:00 DEBUG 45596 --- [           main] org.hibernate.type.BasicTypeRegistry     : Adding type registration materialized_nclob_character_array -> org.hibernate.type.BasicTypeReference@7a0ab480
2023-07-24T16:46:28.233+01:00 DEBUG 45596 --- [           main] org.hibernate.type.BasicTypeRegistry     : Adding type registration materialized_nclob_char_array -> org.hibernate.type.BasicTypeReference@79df80a4
2023-07-24T16:46:28.233+01:00 DEBUG 45596 --- [           main] org.hibernate.type.BasicTypeRegistry     : Adding type registration Duration -> org.hibernate.type.BasicTypeReference@130cfc47
2023-07-24T16:46:28.233+01:00 DEBUG 45596 --- [           main] org.hibernate.type.BasicTypeRegistry     : Adding type registration java.time.Duration -> org.hibernate.type.BasicTypeReference@130cfc47
2023-07-24T16:46:28.233+01:00 DEBUG 45596 --- [           main] org.hibernate.type.BasicTypeRegistry     : Adding type registration LocalDateTime -> org.hibernate.type.BasicTypeReference@4eeab3e
2023-07-24T16:46:28.233+01:00 DEBUG 45596 --- [           main] org.hibernate.type.BasicTypeRegistry     : Adding type registration java.time.LocalDateTime -> org.hibernate.type.BasicTypeReference@4eeab3e
2023-07-24T16:46:28.233+01:00 DEBUG 45596 --- [           main] org.hibernate.type.BasicTypeRegistry     : Adding type registration LocalDate -> org.hibernate.type.BasicTypeReference@2b6fb197
2023-07-24T16:46:28.233+01:00 DEBUG 45596 --- [           main] org.hibernate.type.BasicTypeRegistry     : Adding type registration java.time.LocalDate -> org.hibernate.type.BasicTypeReference@2b6fb197
2023-07-24T16:46:28.233+01:00 DEBUG 45596 --- [           main] org.hibernate.type.BasicTypeRegistry     : Adding type registration LocalTime -> org.hibernate.type.BasicTypeReference@2eb0cefe
2023-07-24T16:46:28.233+01:00 DEBUG 45596 --- [           main] org.hibernate.type.BasicTypeRegistry     : Adding type registration java.time.LocalTime -> org.hibernate.type.BasicTypeReference@2eb0cefe
2023-07-24T16:46:28.233+01:00 DEBUG 45596 --- [           main] org.hibernate.type.BasicTypeRegistry     : Adding type registration OffsetDateTime -> org.hibernate.type.BasicTypeReference@5a2ae1ab
2023-07-24T16:46:28.233+01:00 DEBUG 45596 --- [           main] org.hibernate.type.BasicTypeRegistry     : Adding type registration java.time.OffsetDateTime -> org.hibernate.type.BasicTypeReference@5a2ae1ab
2023-07-24T16:46:28.233+01:00 DEBUG 45596 --- [           main] org.hibernate.type.BasicTypeRegistry     : Adding type registration OffsetDateTimeWithTimezone -> org.hibernate.type.BasicTypeReference@2bec068b
2023-07-24T16:46:28.233+01:00 DEBUG 45596 --- [           main] org.hibernate.type.BasicTypeRegistry     : Adding type registration OffsetDateTimeWithoutTimezone -> org.hibernate.type.BasicTypeReference@7d59e968
2023-07-24T16:46:28.233+01:00 DEBUG 45596 --- [           main] org.hibernate.type.BasicTypeRegistry     : Adding type registration OffsetTime -> org.hibernate.type.BasicTypeReference@55361f03
2023-07-24T16:46:28.233+01:00 DEBUG 45596 --- [           main] org.hibernate.type.BasicTypeRegistry     : Adding type registration java.time.OffsetTime -> org.hibernate.type.BasicTypeReference@55361f03
2023-07-24T16:46:28.233+01:00 DEBUG 45596 --- [           main] org.hibernate.type.BasicTypeRegistry     : Adding type registration OffsetTimeUtc -> org.hibernate.type.BasicTypeReference@581c9bb7
2023-07-24T16:46:28.233+01:00 DEBUG 45596 --- [           main] org.hibernate.type.BasicTypeRegistry     : Adding type registration OffsetTimeWithTimezone -> org.hibernate.type.BasicTypeReference@138f0661
2023-07-24T16:46:28.233+01:00 DEBUG 45596 --- [           main] org.hibernate.type.BasicTypeRegistry     : Adding type registration OffsetTimeWithoutTimezone -> org.hibernate.type.BasicTypeReference@212fafd1
2023-07-24T16:46:28.233+01:00 DEBUG 45596 --- [           main] org.hibernate.type.BasicTypeRegistry     : Adding type registration ZonedDateTime -> org.hibernate.type.BasicTypeReference@448462f0
2023-07-24T16:46:28.234+01:00 DEBUG 45596 --- [           main] org.hibernate.type.BasicTypeRegistry     : Adding type registration java.time.ZonedDateTime -> org.hibernate.type.BasicTypeReference@448462f0
2023-07-24T16:46:28.234+01:00 DEBUG 45596 --- [           main] org.hibernate.type.BasicTypeRegistry     : Adding type registration ZonedDateTimeWithTimezone -> org.hibernate.type.BasicTypeReference@787988f4
2023-07-24T16:46:28.234+01:00 DEBUG 45596 --- [           main] org.hibernate.type.BasicTypeRegistry     : Adding type registration ZonedDateTimeWithoutTimezone -> org.hibernate.type.BasicTypeReference@132e3594
2023-07-24T16:46:28.234+01:00 DEBUG 45596 --- [           main] org.hibernate.type.BasicTypeRegistry     : Adding type registration date -> org.hibernate.type.BasicTypeReference@4f235107
2023-07-24T16:46:28.234+01:00 DEBUG 45596 --- [           main] org.hibernate.type.BasicTypeRegistry     : Adding type registration java.sql.Date -> org.hibernate.type.BasicTypeReference@4f235107
2023-07-24T16:46:28.234+01:00 DEBUG 45596 --- [           main] org.hibernate.type.BasicTypeRegistry     : Adding type registration time -> org.hibernate.type.BasicTypeReference@28d739f1
2023-07-24T16:46:28.234+01:00 DEBUG 45596 --- [           main] org.hibernate.type.BasicTypeRegistry     : Adding type registration java.sql.Time -> org.hibernate.type.BasicTypeReference@28d739f1
2023-07-24T16:46:28.234+01:00 DEBUG 45596 --- [           main] org.hibernate.type.BasicTypeRegistry     : Adding type registration timestamp -> org.hibernate.type.BasicTypeReference@1c5d3a37
2023-07-24T16:46:28.234+01:00 DEBUG 45596 --- [           main] org.hibernate.type.BasicTypeRegistry     : Adding type registration java.sql.Timestamp -> org.hibernate.type.BasicTypeReference@1c5d3a37
2023-07-24T16:46:28.234+01:00 DEBUG 45596 --- [           main] org.hibernate.type.BasicTypeRegistry     : Adding type registration java.util.Date -> org.hibernate.type.BasicTypeReference@1c5d3a37
2023-07-24T16:46:28.234+01:00 DEBUG 45596 --- [           main] org.hibernate.type.BasicTypeRegistry     : Adding type registration calendar -> org.hibernate.type.BasicTypeReference@7e3d2ebd
2023-07-24T16:46:28.234+01:00 DEBUG 45596 --- [           main] org.hibernate.type.BasicTypeRegistry     : Adding type registration java.util.Calendar -> org.hibernate.type.BasicTypeReference@7e3d2ebd
2023-07-24T16:46:28.234+01:00 DEBUG 45596 --- [           main] org.hibernate.type.BasicTypeRegistry     : Adding type registration java.util.GregorianCalendar -> org.hibernate.type.BasicTypeReference@7e3d2ebd
2023-07-24T16:46:28.234+01:00 DEBUG 45596 --- [           main] org.hibernate.type.BasicTypeRegistry     : Adding type registration calendar_date -> org.hibernate.type.BasicTypeReference@3a4a5f3c
2023-07-24T16:46:28.234+01:00 DEBUG 45596 --- [           main] org.hibernate.type.BasicTypeRegistry     : Adding type registration calendar_time -> org.hibernate.type.BasicTypeReference@4f3356c0
2023-07-24T16:46:28.234+01:00 DEBUG 45596 --- [           main] org.hibernate.type.BasicTypeRegistry     : Adding type registration instant -> org.hibernate.type.BasicTypeReference@586cc15d
2023-07-24T16:46:28.234+01:00 DEBUG 45596 --- [           main] org.hibernate.type.BasicTypeRegistry     : Adding type registration java.time.Instant -> org.hibernate.type.BasicTypeReference@586cc15d
2023-07-24T16:46:28.234+01:00 DEBUG 45596 --- [           main] org.hibernate.type.BasicTypeRegistry     : Adding type registration uuid -> org.hibernate.type.BasicTypeReference@6c835217
2023-07-24T16:46:28.234+01:00 DEBUG 45596 --- [           main] org.hibernate.type.BasicTypeRegistry     : Adding type registration java.util.UUID -> org.hibernate.type.BasicTypeReference@6c835217
2023-07-24T16:46:28.234+01:00 DEBUG 45596 --- [           main] org.hibernate.type.BasicTypeRegistry     : Adding type registration pg-uuid -> org.hibernate.type.BasicTypeReference@6c835217
2023-07-24T16:46:28.234+01:00 DEBUG 45596 --- [           main] org.hibernate.type.BasicTypeRegistry     : Adding type registration uuid-binary -> org.hibernate.type.BasicTypeReference@4584304
2023-07-24T16:46:28.234+01:00 DEBUG 45596 --- [           main] org.hibernate.type.BasicTypeRegistry     : Adding type registration uuid-char -> org.hibernate.type.BasicTypeReference@51888019
2023-07-24T16:46:28.234+01:00 DEBUG 45596 --- [           main] org.hibernate.type.BasicTypeRegistry     : Adding type registration class -> org.hibernate.type.BasicTypeReference@6f50d55c
2023-07-24T16:46:28.234+01:00 DEBUG 45596 --- [           main] org.hibernate.type.BasicTypeRegistry     : Adding type registration java.lang.Class -> org.hibernate.type.BasicTypeReference@6f50d55c
2023-07-24T16:46:28.234+01:00 DEBUG 45596 --- [           main] org.hibernate.type.BasicTypeRegistry     : Adding type registration currency -> org.hibernate.type.BasicTypeReference@19b5214b
2023-07-24T16:46:28.234+01:00 DEBUG 45596 --- [           main] org.hibernate.type.BasicTypeRegistry     : Adding type registration Currency -> org.hibernate.type.BasicTypeReference@19b5214b
2023-07-24T16:46:28.234+01:00 DEBUG 45596 --- [           main] org.hibernate.type.BasicTypeRegistry     : Adding type registration java.util.Currency -> org.hibernate.type.BasicTypeReference@19b5214b
2023-07-24T16:46:28.234+01:00 DEBUG 45596 --- [           main] org.hibernate.type.BasicTypeRegistry     : Adding type registration locale -> org.hibernate.type.BasicTypeReference@5fb3111a
2023-07-24T16:46:28.234+01:00 DEBUG 45596 --- [           main] org.hibernate.type.BasicTypeRegistry     : Adding type registration java.util.Locale -> org.hibernate.type.BasicTypeReference@5fb3111a
2023-07-24T16:46:28.234+01:00 DEBUG 45596 --- [           main] org.hibernate.type.BasicTypeRegistry     : Adding type registration serializable -> org.hibernate.type.BasicTypeReference@4aaecabd
2023-07-24T16:46:28.234+01:00 DEBUG 45596 --- [           main] org.hibernate.type.BasicTypeRegistry     : Adding type registration java.io.Serializable -> org.hibernate.type.BasicTypeReference@4aaecabd
2023-07-24T16:46:28.234+01:00 DEBUG 45596 --- [           main] org.hibernate.type.BasicTypeRegistry     : Adding type registration timezone -> org.hibernate.type.BasicTypeReference@23bd0c81
2023-07-24T16:46:28.234+01:00 DEBUG 45596 --- [           main] org.hibernate.type.BasicTypeRegistry     : Adding type registration java.util.TimeZone -> org.hibernate.type.BasicTypeReference@23bd0c81
2023-07-24T16:46:28.235+01:00 DEBUG 45596 --- [           main] org.hibernate.type.BasicTypeRegistry     : Adding type registration ZoneOffset -> org.hibernate.type.BasicTypeReference@1332dec4
2023-07-24T16:46:28.235+01:00 DEBUG 45596 --- [           main] org.hibernate.type.BasicTypeRegistry     : Adding type registration java.time.ZoneOffset -> org.hibernate.type.BasicTypeReference@1332dec4
2023-07-24T16:46:28.235+01:00 DEBUG 45596 --- [           main] org.hibernate.type.BasicTypeRegistry     : Adding type registration url -> org.hibernate.type.BasicTypeReference@544e3679
2023-07-24T16:46:28.235+01:00 DEBUG 45596 --- [           main] org.hibernate.type.BasicTypeRegistry     : Adding type registration java.net.URL -> org.hibernate.type.BasicTypeReference@544e3679
2023-07-24T16:46:28.235+01:00 DEBUG 45596 --- [           main] org.hibernate.type.BasicTypeRegistry     : Adding type registration row_version -> org.hibernate.type.BasicTypeReference@6889f56f
2023-07-24T16:46:28.235+01:00 DEBUG 45596 --- [           main] org.hibernate.type.BasicTypeRegistry     : Adding type registration object -> org.hibernate.type.JavaObjectType@27ec8754
2023-07-24T16:46:28.235+01:00 DEBUG 45596 --- [           main] org.hibernate.type.BasicTypeRegistry     : Adding type registration java.lang.Object -> org.hibernate.type.JavaObjectType@27ec8754
2023-07-24T16:46:28.235+01:00 DEBUG 45596 --- [           main] org.hibernate.type.BasicTypeRegistry     : Adding type registration null -> org.hibernate.type.NullType@7a606260
2023-07-24T16:46:28.235+01:00 DEBUG 45596 --- [           main] org.hibernate.type.BasicTypeRegistry     : Adding type registration imm_date -> org.hibernate.type.BasicTypeReference@76614fd1
2023-07-24T16:46:28.235+01:00 DEBUG 45596 --- [           main] org.hibernate.type.BasicTypeRegistry     : Adding type registration imm_time -> org.hibernate.type.BasicTypeReference@1a2b23f2
2023-07-24T16:46:28.235+01:00 DEBUG 45596 --- [           main] org.hibernate.type.BasicTypeRegistry     : Adding type registration imm_timestamp -> org.hibernate.type.BasicTypeReference@1d8e9f22
2023-07-24T16:46:28.235+01:00 DEBUG 45596 --- [           main] org.hibernate.type.BasicTypeRegistry     : Adding type registration imm_calendar -> org.hibernate.type.BasicTypeReference@47166740
2023-07-24T16:46:28.235+01:00 DEBUG 45596 --- [           main] org.hibernate.type.BasicTypeRegistry     : Adding type registration imm_calendar_date -> org.hibernate.type.BasicTypeReference@3b75b7b4
2023-07-24T16:46:28.235+01:00 DEBUG 45596 --- [           main] org.hibernate.type.BasicTypeRegistry     : Adding type registration imm_calendar_time -> org.hibernate.type.BasicTypeReference@7882379b
2023-07-24T16:46:28.235+01:00 DEBUG 45596 --- [           main] org.hibernate.type.BasicTypeRegistry     : Adding type registration imm_binary -> org.hibernate.type.BasicTypeReference@119cd026
2023-07-24T16:46:28.235+01:00 DEBUG 45596 --- [           main] org.hibernate.type.BasicTypeRegistry     : Adding type registration imm_serializable -> org.hibernate.type.BasicTypeReference@65448932
2023-07-24T16:46:28.236+01:00 DEBUG 45596 --- [           main] o.h.boot.internal.BootstrapContextImpl   : Injecting JPA temp ClassLoader [org.springframework.instrument.classloading.SimpleThrowawayClassLoader@1acd952e] into BootstrapContext; was [null]
2023-07-24T16:46:28.237+01:00 DEBUG 45596 --- [           main] o.h.boot.internal.ClassLoaderAccessImpl  : ClassLoaderAccessImpl#injectTempClassLoader(org.springframework.instrument.classloading.SimpleThrowawayClassLoader@1acd952e) [was null]
2023-07-24T16:46:28.237+01:00 DEBUG 45596 --- [           main] o.h.boot.internal.BootstrapContextImpl   : Injecting ScanEnvironment [org.hibernate.jpa.boot.internal.StandardJpaScanEnvironmentImpl@6da76bb1] into BootstrapContext; was [null]
2023-07-24T16:46:28.237+01:00 DEBUG 45596 --- [           main] o.h.boot.internal.BootstrapContextImpl   : Injecting ScanOptions [org.hibernate.boot.archive.scan.internal.StandardScanOptions@2ceb722e] into BootstrapContext; was [org.hibernate.boot.archive.scan.internal.StandardScanOptions@d012e18]
2023-07-24T16:46:28.240+01:00  INFO 45596 --- [           main] o.h.b.i.BytecodeProviderInitiator        : HHH000021: Bytecode provider name : bytebuddy
2023-07-24T16:46:28.240+01:00  INFO 45596 --- [           main] o.s.o.j.p.SpringPersistenceUnitInfo      : No LoadTimeWeaver setup: ignoring JPA class transformer
2023-07-24T16:46:28.240+01:00 DEBUG 45596 --- [           main] o.h.boot.internal.BootstrapContextImpl   : Injecting JPA temp ClassLoader [null] into BootstrapContext; was [org.springframework.instrument.classloading.SimpleThrowawayClassLoader@1acd952e]
2023-07-24T16:46:28.240+01:00 DEBUG 45596 --- [           main] o.h.boot.internal.ClassLoaderAccessImpl  : ClassLoaderAccessImpl#injectTempClassLoader(null) [was org.springframework.instrument.classloading.SimpleThrowawayClassLoader@1acd952e]
2023-07-24T16:46:28.241+01:00 DEBUG 45596 --- [           main] o.s.j.datasource.SimpleDriverDataSource  : Creating new JDBC Driver Connection to [jdbc:h2:mem:e14a978e-96e4-4e8a-89ea-9d209a0577b2;DB_CLOSE_DELAY=-1;DB_CLOSE_ON_EXIT=false]
2023-07-24T16:46:28.242+01:00 DEBUG 45596 --- [           main] o.h.e.j.e.i.JdbcEnvironmentInitiator     : Database ->
       name : H2
    version : 2.1.214 (2022-06-13)
      major : 2
      minor : 1
2023-07-24T16:46:28.242+01:00 DEBUG 45596 --- [           main] o.h.e.j.e.i.JdbcEnvironmentInitiator     : Driver ->
       name : H2 JDBC Driver
    version : 2.1.214 (2022-06-13)
      major : 2
      minor : 1
2023-07-24T16:46:28.243+01:00 DEBUG 45596 --- [           main] o.h.e.j.e.i.JdbcEnvironmentInitiator     : JDBC version : 4.2
2023-07-24T16:46:28.243+01:00 DEBUG 45596 --- [           main] org.hibernate.orm.dialect                : HHH035001: Using dialect: org.hibernate.dialect.H2Dialect, version: 2.1.214
2023-07-24T16:46:28.243+01:00 DEBUG 45596 --- [           main] o.h.e.j.env.spi.IdentifierHelperBuilder  : JDBC driver metadata reported database stores quoted identifiers in neither upper, lower nor mixed case
2023-07-24T16:46:28.244+01:00 DEBUG 45596 --- [           main] o.h.t.d.jdbc.spi.JdbcTypeRegistry        : addDescriptor(NCharTypeDescriptor) replaced previous registration(CharTypeDescriptor)
2023-07-24T16:46:28.244+01:00 DEBUG 45596 --- [           main] o.h.t.d.jdbc.spi.JdbcTypeRegistry        : addDescriptor(NVarcharTypeDescriptor) replaced previous registration(VarcharTypeDescriptor)
2023-07-24T16:46:28.244+01:00 DEBUG 45596 --- [           main] o.h.t.d.jdbc.spi.JdbcTypeRegistry        : addDescriptor(LongNVarcharTypeDescriptor) replaced previous registration(LongVarcharTypeDescriptor)
2023-07-24T16:46:28.244+01:00 DEBUG 45596 --- [           main] o.h.t.d.jdbc.spi.JdbcTypeRegistry        : addDescriptor(NClobTypeDescriptor(DEFAULT)) replaced previous registration(ClobTypeDescriptor(DEFAULT))
2023-07-24T16:46:28.245+01:00 DEBUG 45596 --- [           main] o.h.t.d.jdbc.spi.JdbcTypeRegistry        : addDescriptor(2005, ClobTypeDescriptor(STREAM_BINDING)) replaced previous registration(ClobTypeDescriptor(DEFAULT))
2023-07-24T16:46:28.245+01:00 DEBUG 45596 --- [           main] o.h.t.d.jdbc.spi.JdbcTypeRegistry        : addDescriptor(TimestampUtcDescriptor) replaced previous registration(TimestampUtcDescriptor)
2023-07-24T16:46:28.245+01:00 DEBUG 45596 --- [           main] o.h.t.d.jdbc.spi.JdbcTypeRegistry        : addDescriptor(3100, NumericTypeDescriptor) replaced previous registration(org.hibernate.dialect.H2DurationIntervalSecondJdbcType@76a1146d)
2023-07-24T16:46:28.245+01:00 DEBUG 45596 --- [           main] o.h.type.spi.TypeConfiguration$Scope     : Scoping TypeConfiguration [org.hibernate.type.spi.TypeConfiguration@2dbfb843] to MetadataBuildingContext [org.hibernate.boot.internal.MetadataBuildingContextRootImpl@5ab2c5d8]
2023-07-24T16:46:28.245+01:00 DEBUG 45596 --- [           main] o.h.boot.model.relational.Namespace      : Created database namespace [logicalName=Name{catalog=null, schema=null}, physicalName=Name{catalog=null, schema=null}]
2023-07-24T16:46:28.246+01:00 DEBUG 45596 --- [           main] o.h.boot.model.internal.EntityBinder     : Binding entity from annotated class: com.example.blogapp.entities.BlogUser
2023-07-24T16:46:28.246+01:00 DEBUG 45596 --- [           main] o.h.boot.model.internal.EntityBinder     : Import with entity name BlogUser
2023-07-24T16:46:28.246+01:00 DEBUG 45596 --- [           main] o.h.boot.model.internal.EntityBinder     : Bind entity com.example.blogapp.entities.BlogUser on table blog_user
2023-07-24T16:46:28.247+01:00 DEBUG 45596 --- [           main] o.h.boot.model.internal.AnnotatedColumn  : Binding column: AnnotatedDiscriminatorColumn(column='DTYPE')
2023-07-24T16:46:28.249+01:00 DEBUG 45596 --- [           main] o.h.boot.model.internal.AnnotatedColumn  : Binding column: AnnotatedColumn()
2023-07-24T16:46:28.249+01:00 DEBUG 45596 --- [           main] o.h.boot.internal.ClassLoaderAccessImpl  : Not known whether passed class name [com.example.blogapp.entities.BlogUser] is safe
2023-07-24T16:46:28.249+01:00 DEBUG 45596 --- [           main] o.h.boot.internal.ClassLoaderAccessImpl  : No temp ClassLoader provided; using live ClassLoader for loading potentially unsafe class : com.example.blogapp.entities.BlogUser
2023-07-24T16:46:28.249+01:00 DEBUG 45596 --- [           main] o.h.boot.model.internal.PropertyBinder   : MetadataSourceProcessor property id with lazy=false
2023-07-24T16:46:28.249+01:00 DEBUG 45596 --- [           main] o.h.b.m.internal.AbstractPropertyHolder  : Attempting to locate auto-apply AttributeConverter for property [com.example.blogapp.entities.BlogUser:id]
2023-07-24T16:46:28.249+01:00 DEBUG 45596 --- [           main] o.h.b.model.internal.BasicValueBinder    : building BasicValue for id
2023-07-24T16:46:28.250+01:00 DEBUG 45596 --- [           main] org.hibernate.mapping.BasicValue         : Skipping column re-registration: blog_user.id
2023-07-24T16:46:28.250+01:00 DEBUG 45596 --- [           main] o.h.boot.model.internal.PropertyBinder   : Building property id
2023-07-24T16:46:28.250+01:00 DEBUG 45596 --- [           main] o.h.boot.model.internal.BinderHelper     : #makeIdGenerator(BasicValue([Column(id)]), id, org.hibernate.id.enhanced.SequenceStyleGenerator, , ...)
2023-07-24T16:46:28.251+01:00 DEBUG 45596 --- [           main] o.h.boot.model.internal.AnnotatedColumn  : Binding column: AnnotatedJoinColumn()
2023-07-24T16:46:28.251+01:00 DEBUG 45596 --- [           main] o.h.boot.model.internal.AnnotatedColumn  : Binding column: AnnotatedColumn()
2023-07-24T16:46:28.252+01:00 DEBUG 45596 --- [           main] o.h.boot.model.internal.AnnotatedColumn  : Binding column: IndexColumn(column='comments_ORDER')
2023-07-24T16:46:28.253+01:00 DEBUG 45596 --- [           main] o.h.boot.model.internal.AnnotatedColumn  : Binding column: AnnotatedColumn()
2023-07-24T16:46:28.253+01:00 DEBUG 45596 --- [           main] o.h.boot.model.internal.AnnotatedColumn  : Binding column: AnnotatedColumn(column='comments_KEY')
2023-07-24T16:46:28.254+01:00 DEBUG 45596 --- [           main] o.h.boot.model.internal.AnnotatedColumn  : Binding column: AnnotatedJoinColumn(column='comments_KEY')
2023-07-24T16:46:28.254+01:00 DEBUG 45596 --- [           main] o.h.boot.model.internal.AnnotatedColumn  : Binding column: AnnotatedJoinColumn()
2023-07-24T16:46:28.254+01:00 DEBUG 45596 --- [           main] o.h.boot.model.internal.AnnotatedColumn  : Binding column: AnnotatedJoinColumn()
2023-07-24T16:46:28.254+01:00 DEBUG 45596 --- [           main] o.h.b.model.internal.CollectionBinder    : Collection role: com.example.blogapp.entities.BlogUser.comments
2023-07-24T16:46:28.254+01:00 DEBUG 45596 --- [           main] o.h.boot.model.internal.PropertyBinder   : Building property comments
2023-07-24T16:46:28.254+01:00 DEBUG 45596 --- [           main] o.h.boot.model.internal.AnnotatedColumn  : Binding column: AnnotatedJoinColumn()
2023-07-24T16:46:28.255+01:00 DEBUG 45596 --- [           main] o.h.boot.model.internal.AnnotatedColumn  : Binding column: AnnotatedColumn()
2023-07-24T16:46:28.255+01:00 DEBUG 45596 --- [           main] o.h.boot.model.internal.AnnotatedColumn  : Binding column: IndexColumn(column='likes_ORDER')
2023-07-24T16:46:28.256+01:00 DEBUG 45596 --- [           main] o.h.boot.model.internal.AnnotatedColumn  : Binding column: AnnotatedColumn()
2023-07-24T16:46:28.257+01:00 DEBUG 45596 --- [           main] o.h.boot.model.internal.AnnotatedColumn  : Binding column: AnnotatedColumn(column='likes_KEY')
2023-07-24T16:46:28.257+01:00 DEBUG 45596 --- [           main] o.h.boot.model.internal.AnnotatedColumn  : Binding column: AnnotatedJoinColumn(column='likes_KEY')
2023-07-24T16:46:28.257+01:00 DEBUG 45596 --- [           main] o.h.boot.model.internal.AnnotatedColumn  : Binding column: AnnotatedJoinColumn()
2023-07-24T16:46:28.257+01:00 DEBUG 45596 --- [           main] o.h.boot.model.internal.AnnotatedColumn  : Binding column: AnnotatedJoinColumn()
2023-07-24T16:46:28.257+01:00 DEBUG 45596 --- [           main] o.h.b.model.internal.CollectionBinder    : Collection role: com.example.blogapp.entities.BlogUser.likes
2023-07-24T16:46:28.257+01:00 DEBUG 45596 --- [           main] o.h.boot.model.internal.PropertyBinder   : Building property likes
2023-07-24T16:46:28.258+01:00 DEBUG 45596 --- [           main] o.h.boot.model.internal.AnnotatedColumn  : Binding column: AnnotatedColumn(column='password')
2023-07-24T16:46:28.259+01:00 DEBUG 45596 --- [           main] o.h.boot.model.internal.PropertyBinder   : MetadataSourceProcessor property password with lazy=false
2023-07-24T16:46:28.259+01:00 DEBUG 45596 --- [           main] o.h.b.m.internal.AbstractPropertyHolder  : Attempting to locate auto-apply AttributeConverter for property [com.example.blogapp.entities.BlogUser:password]
2023-07-24T16:46:28.259+01:00 DEBUG 45596 --- [           main] o.h.b.model.internal.BasicValueBinder    : building BasicValue for password
2023-07-24T16:46:28.259+01:00 DEBUG 45596 --- [           main] org.hibernate.mapping.BasicValue         : Skipping column re-registration: blog_user.password
2023-07-24T16:46:28.259+01:00 DEBUG 45596 --- [           main] o.h.boot.model.internal.PropertyBinder   : Building property password
2023-07-24T16:46:28.260+01:00 DEBUG 45596 --- [           main] o.h.boot.model.internal.AnnotatedColumn  : Binding column: AnnotatedColumn(column='username')
2023-07-24T16:46:28.260+01:00 DEBUG 45596 --- [           main] o.h.boot.model.internal.PropertyBinder   : MetadataSourceProcessor property username with lazy=false
2023-07-24T16:46:28.260+01:00 DEBUG 45596 --- [           main] o.h.b.m.internal.AbstractPropertyHolder  : Attempting to locate auto-apply AttributeConverter for property [com.example.blogapp.entities.BlogUser:username]
2023-07-24T16:46:28.260+01:00 DEBUG 45596 --- [           main] o.h.b.model.internal.BasicValueBinder    : building BasicValue for username
2023-07-24T16:46:28.260+01:00 DEBUG 45596 --- [           main] org.hibernate.mapping.BasicValue         : Skipping column re-registration: blog_user.username
2023-07-24T16:46:28.260+01:00 DEBUG 45596 --- [           main] o.h.boot.model.internal.PropertyBinder   : Building property username
2023-07-24T16:46:28.265+01:00 DEBUG 45596 --- [           main] o.h.boot.model.internal.EntityBinder     : Binding entity from annotated class: com.example.blogapp.entities.Comment
2023-07-24T16:46:28.265+01:00 DEBUG 45596 --- [           main] o.h.boot.model.internal.EntityBinder     : Import with entity name Comment
2023-07-24T16:46:28.265+01:00 DEBUG 45596 --- [           main] o.h.boot.model.internal.EntityBinder     : Bind entity com.example.blogapp.entities.Comment on table comment
2023-07-24T16:46:28.266+01:00 DEBUG 45596 --- [           main] o.h.boot.model.internal.AnnotatedColumn  : Binding column: AnnotatedDiscriminatorColumn(column='DTYPE')
2023-07-24T16:46:28.267+01:00 DEBUG 45596 --- [           main] o.h.boot.model.internal.AnnotatedColumn  : Binding column: AnnotatedColumn()
2023-07-24T16:46:28.267+01:00 DEBUG 45596 --- [           main] o.h.boot.internal.ClassLoaderAccessImpl  : Not known whether passed class name [com.example.blogapp.entities.Comment] is safe
2023-07-24T16:46:28.267+01:00 DEBUG 45596 --- [           main] o.h.boot.internal.ClassLoaderAccessImpl  : No temp ClassLoader provided; using live ClassLoader for loading potentially unsafe class : com.example.blogapp.entities.Comment
2023-07-24T16:46:28.267+01:00 DEBUG 45596 --- [           main] o.h.boot.model.internal.PropertyBinder   : MetadataSourceProcessor property comment_Id with lazy=false
2023-07-24T16:46:28.267+01:00 DEBUG 45596 --- [           main] o.h.b.m.internal.AbstractPropertyHolder  : Attempting to locate auto-apply AttributeConverter for property [com.example.blogapp.entities.Comment:comment_Id]
2023-07-24T16:46:28.267+01:00 DEBUG 45596 --- [           main] o.h.b.model.internal.BasicValueBinder    : building BasicValue for comment_Id
2023-07-24T16:46:28.267+01:00 DEBUG 45596 --- [           main] org.hibernate.mapping.BasicValue         : Skipping column re-registration: comment.comment_id
2023-07-24T16:46:28.270+01:00 DEBUG 45596 --- [           main] o.h.boot.model.internal.PropertyBinder   : Building property comment_Id
2023-07-24T16:46:28.270+01:00 DEBUG 45596 --- [           main] o.h.boot.model.internal.BinderHelper     : #makeIdGenerator(BasicValue([Column(comment_id)]), comment_Id, org.hibernate.id.enhanced.SequenceStyleGenerator, , ...)
2023-07-24T16:46:28.270+01:00 DEBUG 45596 --- [           main] o.h.boot.model.internal.AnnotatedColumn  : Binding column: AnnotatedJoinColumn(column='bloguserId')
2023-07-24T16:46:28.272+01:00 DEBUG 45596 --- [           main] o.h.boot.model.internal.AnnotatedColumn  : Binding column: AnnotatedColumn()
2023-07-24T16:46:28.272+01:00 DEBUG 45596 --- [           main] o.h.boot.model.internal.PropertyBinder   : Building property blogUser
2023-07-24T16:46:28.273+01:00 DEBUG 45596 --- [           main] o.h.boot.model.internal.AnnotatedColumn  : Binding column: AnnotatedColumn(column='createdAt')
2023-07-24T16:46:28.273+01:00 DEBUG 45596 --- [           main] o.h.boot.model.internal.PropertyBinder   : MetadataSourceProcessor property createdAt with lazy=false
2023-07-24T16:46:28.273+01:00 DEBUG 45596 --- [           main] o.h.b.m.internal.AbstractPropertyHolder  : Attempting to locate auto-apply AttributeConverter for property [com.example.blogapp.entities.Comment:createdAt]
2023-07-24T16:46:28.273+01:00 DEBUG 45596 --- [           main] o.h.b.model.internal.BasicValueBinder    : building BasicValue for createdAt
2023-07-24T16:46:28.273+01:00 DEBUG 45596 --- [           main] org.hibernate.mapping.BasicValue         : Skipping column re-registration: comment.created_at
2023-07-24T16:46:28.273+01:00 DEBUG 45596 --- [           main] o.h.boot.model.internal.PropertyBinder   : Building property createdAt
2023-07-24T16:46:28.274+01:00 DEBUG 45596 --- [           main] o.h.boot.model.internal.AnnotatedColumn  : Binding column: AnnotatedColumn(column='description')
2023-07-24T16:46:28.274+01:00 DEBUG 45596 --- [           main] o.h.boot.model.internal.PropertyBinder   : MetadataSourceProcessor property description with lazy=false
2023-07-24T16:46:28.274+01:00 DEBUG 45596 --- [           main] o.h.b.m.internal.AbstractPropertyHolder  : Attempting to locate auto-apply AttributeConverter for property [com.example.blogapp.entities.Comment:description]
2023-07-24T16:46:28.274+01:00 DEBUG 45596 --- [           main] o.h.b.model.internal.BasicValueBinder    : building BasicValue for description
2023-07-24T16:46:28.274+01:00 DEBUG 45596 --- [           main] org.hibernate.mapping.BasicValue         : Skipping column re-registration: comment.description
2023-07-24T16:46:28.274+01:00 DEBUG 45596 --- [           main] o.h.boot.model.internal.PropertyBinder   : Building property description
2023-07-24T16:46:28.275+01:00 DEBUG 45596 --- [           main] o.h.boot.model.internal.AnnotatedColumn  : Binding column: AnnotatedColumn(column='likes')
2023-07-24T16:46:28.275+01:00 DEBUG 45596 --- [           main] o.h.boot.model.internal.AnnotatedColumn  : Binding column: AnnotatedJoinColumn()
2023-07-24T16:46:28.275+01:00 DEBUG 45596 --- [           main] o.h.boot.model.internal.AnnotatedColumn  : Binding column: IndexColumn(column='likes_ORDER')
2023-07-24T16:46:28.276+01:00 DEBUG 45596 --- [           main] o.h.boot.model.internal.AnnotatedColumn  : Binding column: AnnotatedColumn(column='likes')
2023-07-24T16:46:28.276+01:00 DEBUG 45596 --- [           main] o.h.boot.model.internal.AnnotatedColumn  : Binding column: AnnotatedColumn(column='likes_KEY')
2023-07-24T16:46:28.277+01:00 DEBUG 45596 --- [           main] o.h.boot.model.internal.AnnotatedColumn  : Binding column: AnnotatedJoinColumn(column='likes_KEY')
2023-07-24T16:46:28.277+01:00 DEBUG 45596 --- [           main] o.h.boot.model.internal.AnnotatedColumn  : Binding column: AnnotatedJoinColumn()
2023-07-24T16:46:28.277+01:00 DEBUG 45596 --- [           main] o.h.boot.model.internal.AnnotatedColumn  : Binding column: AnnotatedJoinColumn()
2023-07-24T16:46:28.277+01:00 DEBUG 45596 --- [           main] o.h.b.model.internal.CollectionBinder    : Collection role: com.example.blogapp.entities.Comment.likes
2023-07-24T16:46:28.277+01:00 DEBUG 45596 --- [           main] o.h.boot.model.internal.PropertyBinder   : Building property likes
2023-07-24T16:46:28.277+01:00 DEBUG 45596 --- [           main] o.h.boot.model.internal.AnnotatedColumn  : Binding column: AnnotatedJoinColumn(column='postId')
2023-07-24T16:46:28.278+01:00 DEBUG 45596 --- [           main] o.h.boot.model.internal.AnnotatedColumn  : Binding column: AnnotatedColumn()
2023-07-24T16:46:28.278+01:00 DEBUG 45596 --- [           main] o.h.boot.model.internal.PropertyBinder   : Building property post
2023-07-24T16:46:28.278+01:00 DEBUG 45596 --- [           main] o.h.boot.model.internal.AnnotatedColumn  : Binding column: AnnotatedColumn(column='updatedAt')
2023-07-24T16:46:28.279+01:00 DEBUG 45596 --- [           main] o.h.boot.model.internal.PropertyBinder   : MetadataSourceProcessor property updatedAt with lazy=false
2023-07-24T16:46:28.279+01:00 DEBUG 45596 --- [           main] o.h.b.m.internal.AbstractPropertyHolder  : Attempting to locate auto-apply AttributeConverter for property [com.example.blogapp.entities.Comment:updatedAt]
2023-07-24T16:46:28.279+01:00 DEBUG 45596 --- [           main] o.h.b.model.internal.BasicValueBinder    : building BasicValue for updatedAt
2023-07-24T16:46:28.279+01:00 DEBUG 45596 --- [           main] org.hibernate.mapping.BasicValue         : Skipping column re-registration: comment.updated_at
2023-07-24T16:46:28.279+01:00 DEBUG 45596 --- [           main] o.h.boot.model.internal.PropertyBinder   : Building property updatedAt
2023-07-24T16:46:28.282+01:00 DEBUG 45596 --- [           main] o.h.boot.model.internal.EntityBinder     : Binding entity from annotated class: com.example.blogapp.entities.Likes
2023-07-24T16:46:28.284+01:00 DEBUG 45596 --- [           main] o.h.boot.model.internal.EntityBinder     : Import with entity name Likes
2023-07-24T16:46:28.284+01:00 DEBUG 45596 --- [           main] o.h.boot.model.internal.EntityBinder     : Bind entity com.example.blogapp.entities.Likes on table likes
2023-07-24T16:46:28.286+01:00 DEBUG 45596 --- [           main] o.h.boot.model.internal.AnnotatedColumn  : Binding column: AnnotatedDiscriminatorColumn(column='DTYPE')
2023-07-24T16:46:28.290+01:00 DEBUG 45596 --- [           main] o.h.boot.model.internal.AnnotatedColumn  : Binding column: AnnotatedColumn()
2023-07-24T16:46:28.290+01:00 DEBUG 45596 --- [           main] o.h.boot.internal.ClassLoaderAccessImpl  : Not known whether passed class name [com.example.blogapp.entities.Likes] is safe
2023-07-24T16:46:28.290+01:00 DEBUG 45596 --- [           main] o.h.boot.internal.ClassLoaderAccessImpl  : No temp ClassLoader provided; using live ClassLoader for loading potentially unsafe class : com.example.blogapp.entities.Likes
2023-07-24T16:46:28.291+01:00 DEBUG 45596 --- [           main] o.h.boot.model.internal.PropertyBinder   : MetadataSourceProcessor property like_id with lazy=false
2023-07-24T16:46:28.291+01:00 DEBUG 45596 --- [           main] o.h.b.m.internal.AbstractPropertyHolder  : Attempting to locate auto-apply AttributeConverter for property [com.example.blogapp.entities.Likes:like_id]
2023-07-24T16:46:28.291+01:00 DEBUG 45596 --- [           main] o.h.b.model.internal.BasicValueBinder    : building BasicValue for like_id
2023-07-24T16:46:28.291+01:00 DEBUG 45596 --- [           main] org.hibernate.mapping.BasicValue         : Skipping column re-registration: likes.like_id
2023-07-24T16:46:28.291+01:00 DEBUG 45596 --- [           main] o.h.boot.model.internal.PropertyBinder   : Building property like_id
2023-07-24T16:46:28.291+01:00 DEBUG 45596 --- [           main] o.h.boot.model.internal.BinderHelper     : #makeIdGenerator(BasicValue([Column(like_id)]), like_id, org.hibernate.id.enhanced.SequenceStyleGenerator, , ...)
2023-07-24T16:46:28.291+01:00 DEBUG 45596 --- [           main] o.h.boot.model.internal.AnnotatedColumn  : Binding column: AnnotatedJoinColumn(column='comment_id')
2023-07-24T16:46:28.292+01:00 DEBUG 45596 --- [           main] o.h.boot.model.internal.AnnotatedColumn  : Binding column: AnnotatedColumn()
2023-07-24T16:46:28.292+01:00 DEBUG 45596 --- [           main] o.h.boot.model.internal.PropertyBinder   : Building property comment
2023-07-24T16:46:28.293+01:00 DEBUG 45596 --- [           main] o.h.boot.model.internal.AnnotatedColumn  : Binding column: AnnotatedJoinColumn(column='post_id')
2023-07-24T16:46:28.293+01:00 DEBUG 45596 --- [           main] o.h.boot.model.internal.AnnotatedColumn  : Binding column: AnnotatedColumn()
2023-07-24T16:46:28.294+01:00 DEBUG 45596 --- [           main] o.h.boot.model.internal.PropertyBinder   : Building property post
2023-07-24T16:46:28.295+01:00 DEBUG 45596 --- [           main] o.h.boot.model.internal.AnnotatedColumn  : Binding column: AnnotatedJoinColumn(column='user_id')
2023-07-24T16:46:28.296+01:00 DEBUG 45596 --- [           main] o.h.boot.model.internal.AnnotatedColumn  : Binding column: AnnotatedColumn()
2023-07-24T16:46:28.296+01:00 DEBUG 45596 --- [           main] o.h.boot.model.internal.PropertyBinder   : Building property user
2023-07-24T16:46:28.297+01:00 DEBUG 45596 --- [           main] o.h.boot.model.internal.EntityBinder     : Binding entity from annotated class: com.example.blogapp.entities.Post
2023-07-24T16:46:28.297+01:00 DEBUG 45596 --- [           main] o.h.boot.model.internal.EntityBinder     : Import with entity name Post
2023-07-24T16:46:28.298+01:00 DEBUG 45596 --- [           main] o.h.boot.model.internal.EntityBinder     : Bind entity com.example.blogapp.entities.Post on table post
2023-07-24T16:46:28.298+01:00 DEBUG 45596 --- [           main] o.h.boot.model.internal.AnnotatedColumn  : Binding column: AnnotatedDiscriminatorColumn(column='DTYPE')
2023-07-24T16:46:28.299+01:00 DEBUG 45596 --- [           main] o.h.boot.model.internal.AnnotatedColumn  : Binding column: AnnotatedColumn()
2023-07-24T16:46:28.299+01:00 DEBUG 45596 --- [           main] o.h.boot.internal.ClassLoaderAccessImpl  : Not known whether passed class name [com.example.blogapp.entities.Post] is safe
2023-07-24T16:46:28.299+01:00 DEBUG 45596 --- [           main] o.h.boot.internal.ClassLoaderAccessImpl  : No temp ClassLoader provided; using live ClassLoader for loading potentially unsafe class : com.example.blogapp.entities.Post
2023-07-24T16:46:28.299+01:00 DEBUG 45596 --- [           main] o.h.boot.model.internal.PropertyBinder   : MetadataSourceProcessor property post_id with lazy=false
2023-07-24T16:46:28.300+01:00 DEBUG 45596 --- [           main] o.h.b.m.internal.AbstractPropertyHolder  : Attempting to locate auto-apply AttributeConverter for property [com.example.blogapp.entities.Post:post_id]
2023-07-24T16:46:28.300+01:00 DEBUG 45596 --- [           main] o.h.b.model.internal.BasicValueBinder    : building BasicValue for post_id
2023-07-24T16:46:28.300+01:00 DEBUG 45596 --- [           main] org.hibernate.mapping.BasicValue         : Skipping column re-registration: post.post_id
2023-07-24T16:46:28.300+01:00 DEBUG 45596 --- [           main] o.h.boot.model.internal.PropertyBinder   : Building property post_id
2023-07-24T16:46:28.300+01:00 DEBUG 45596 --- [           main] o.h.boot.model.internal.BinderHelper     : #makeIdGenerator(BasicValue([Column(post_id)]), post_id, org.hibernate.id.enhanced.SequenceStyleGenerator, , ...)
2023-07-24T16:46:28.300+01:00 DEBUG 45596 --- [           main] o.h.boot.model.internal.AnnotatedColumn  : Binding column: AnnotatedColumn()
2023-07-24T16:46:28.300+01:00 DEBUG 45596 --- [           main] o.h.boot.model.internal.PropertyBinder   : MetadataSourceProcessor property category with lazy=false
2023-07-24T16:46:28.300+01:00 DEBUG 45596 --- [           main] o.h.b.m.internal.AbstractPropertyHolder  : Attempting to locate auto-apply AttributeConverter for property [com.example.blogapp.entities.Post:category]
2023-07-24T16:46:28.300+01:00 DEBUG 45596 --- [           main] o.h.b.model.internal.BasicValueBinder    : building BasicValue for category
2023-07-24T16:46:28.301+01:00 DEBUG 45596 --- [           main] org.hibernate.mapping.BasicValue         : Skipping column re-registration: post.category
2023-07-24T16:46:28.301+01:00 DEBUG 45596 --- [           main] o.h.boot.model.internal.PropertyBinder   : Building property category
2023-07-24T16:46:28.302+01:00 DEBUG 45596 --- [           main] o.h.boot.model.internal.AnnotatedColumn  : Binding column: AnnotatedColumn(column='comment')
2023-07-24T16:46:28.303+01:00 DEBUG 45596 --- [           main] o.h.boot.model.internal.AnnotatedColumn  : Binding column: AnnotatedJoinColumn()
2023-07-24T16:46:28.304+01:00 DEBUG 45596 --- [           main] o.h.boot.model.internal.AnnotatedColumn  : Binding column: IndexColumn(column='comments_ORDER')
2023-07-24T16:46:28.305+01:00 DEBUG 45596 --- [           main] o.h.boot.model.internal.AnnotatedColumn  : Binding column: AnnotatedColumn(column='comment')
2023-07-24T16:46:28.306+01:00 DEBUG 45596 --- [           main] o.h.boot.model.internal.AnnotatedColumn  : Binding column: AnnotatedColumn(column='comments_KEY')
2023-07-24T16:46:28.306+01:00 DEBUG 45596 --- [           main] o.h.boot.model.internal.AnnotatedColumn  : Binding column: AnnotatedJoinColumn(column='comments_KEY')
2023-07-24T16:46:28.306+01:00 DEBUG 45596 --- [           main] o.h.boot.model.internal.AnnotatedColumn  : Binding column: AnnotatedJoinColumn()
2023-07-24T16:46:28.306+01:00 DEBUG 45596 --- [           main] o.h.boot.model.internal.AnnotatedColumn  : Binding column: AnnotatedJoinColumn()
2023-07-24T16:46:28.306+01:00 DEBUG 45596 --- [           main] o.h.b.model.internal.CollectionBinder    : Collection role: com.example.blogapp.entities.Post.comments
2023-07-24T16:46:28.306+01:00 DEBUG 45596 --- [           main] o.h.boot.model.internal.PropertyBinder   : Building property comments
2023-07-24T16:46:28.307+01:00 DEBUG 45596 --- [           main] o.h.boot.model.internal.AnnotatedColumn  : Binding column: AnnotatedColumn(column='content')
2023-07-24T16:46:28.307+01:00 DEBUG 45596 --- [           main] o.h.boot.model.internal.PropertyBinder   : MetadataSourceProcessor property content with lazy=false
2023-07-24T16:46:28.307+01:00 DEBUG 45596 --- [           main] o.h.b.m.internal.AbstractPropertyHolder  : Attempting to locate auto-apply AttributeConverter for property [com.example.blogapp.entities.Post:content]
2023-07-24T16:46:28.307+01:00 DEBUG 45596 --- [           main] o.h.b.model.internal.BasicValueBinder    : building BasicValue for content
2023-07-24T16:46:28.308+01:00 DEBUG 45596 --- [           main] org.hibernate.mapping.BasicValue         : Skipping column re-registration: post.content
2023-07-24T16:46:28.308+01:00 DEBUG 45596 --- [           main] o.h.boot.model.internal.PropertyBinder   : Building property content
2023-07-24T16:46:28.308+01:00 DEBUG 45596 --- [           main] o.h.boot.model.internal.AnnotatedColumn  : Binding column: AnnotatedColumn(column='createdAt')
2023-07-24T16:46:28.308+01:00 DEBUG 45596 --- [           main] o.h.boot.model.internal.PropertyBinder   : MetadataSourceProcessor property createdAt with lazy=false
2023-07-24T16:46:28.308+01:00 DEBUG 45596 --- [           main] o.h.b.m.internal.AbstractPropertyHolder  : Attempting to locate auto-apply AttributeConverter for property [com.example.blogapp.entities.Post:createdAt]
2023-07-24T16:46:28.308+01:00 DEBUG 45596 --- [           main] o.h.b.model.internal.BasicValueBinder    : building BasicValue for createdAt
2023-07-24T16:46:28.309+01:00 DEBUG 45596 --- [           main] org.hibernate.mapping.BasicValue         : Skipping column re-registration: post.created_at
2023-07-24T16:46:28.309+01:00 DEBUG 45596 --- [           main] o.h.boot.model.internal.PropertyBinder   : Building property createdAt
2023-07-24T16:46:28.309+01:00 DEBUG 45596 --- [           main] o.h.boot.model.internal.AnnotatedColumn  : Binding column: AnnotatedColumn(column='likes')
[...]
2023-07-24T16:46:29.447+01:00 DEBUG 45596 --- [           main] t.c.t.TransactionalTestExecutionListener : No method-level @Rollback override: using default rollback [true] for test method [public void com.example.blogapp.repository.CommentRepositoryTest.GivenComment_WhenSave_ReturnObject()]
2023-07-24T16:46:29.448+01:00 DEBUG 45596 --- [           main] o.s.orm.jpa.JpaTransactionManager        : Creating new transaction with name [com.example.blogapp.repository.CommentRepositoryTest.GivenComment_WhenSave_ReturnObject]: PROPAGATION_REQUIRED,ISOLATION_DEFAULT
2023-07-24T16:46:29.448+01:00 DEBUG 45596 --- [           main] o.s.orm.jpa.JpaTransactionManager        : Opened new EntityManager [SessionImpl(979672986<open>)] for JPA transaction
2023-07-24T16:46:29.448+01:00 DEBUG 45596 --- [           main] o.h.e.t.internal.TransactionImpl         : On TransactionImpl creation, JpaCompliance#isJpaTransactionComplianceEnabled == false
2023-07-24T16:46:29.448+01:00 DEBUG 45596 --- [           main] o.h.e.t.internal.TransactionImpl         : begin
2023-07-24T16:46:29.448+01:00 DEBUG 45596 --- [           main] o.s.j.datasource.SimpleDriverDataSource  : Creating new JDBC Driver Connection to [jdbc:h2:mem:e14a978e-96e4-4e8a-89ea-9d209a0577b2;DB_CLOSE_DELAY=-1;DB_CLOSE_ON_EXIT=false]
2023-07-24T16:46:29.449+01:00 DEBUG 45596 --- [           main] o.s.orm.jpa.JpaTransactionManager        : Exposing JPA transaction as JDBC [org.springframework.orm.jpa.vendor.HibernateJpaDialect$HibernateConnectionHandle@628fa8ea]
2023-07-24T16:46:29.449+01:00 DEBUG 45596 --- [           main] o.s.t.c.transaction.TransactionContext   : Began transaction (1) for test class [com.example.blogapp.repository.CommentRepositoryTest]; test method [GivenComment_WhenSave_ReturnObject]; transaction manager [org.springframework.orm.jpa.JpaTransactionManager@5d6d6533]; rollback [true]
2023-07-24T16:46:29.449+01:00 DEBUG 45596 --- [           main] org.springframework.test.context.cache   : Spring test ApplicationContext cache statistics: [DefaultContextCache@44ba9f25 size = 3, maxSize = 32, parentContextCount = 0, hitCount = 111, missCount = 3]
2023-07-24T16:46:29.449+01:00 DEBUG 45596 --- [           main] org.springframework.test.context.cache   : Spring test ApplicationContext cache statistics: [DefaultContextCache@44ba9f25 size = 3, maxSize = 32, parentContextCount = 0, hitCount = 112, missCount = 3]
2023-07-24T16:46:29.451+01:00 DEBUG 45596 --- [           main] org.springframework.test.context.cache   : Spring test ApplicationContext cache statistics: [DefaultContextCache@44ba9f25 size = 3, maxSize = 32, parentContextCount = 0, hitCount = 113, missCount = 3]
2023-07-24T16:46:29.451+01:00 DEBUG 45596 --- [           main] o.s.orm.jpa.JpaTransactionManager        : Found thread-bound EntityManager [SessionImpl(979672986<open>)] for JPA transaction
2023-07-24T16:46:29.451+01:00 DEBUG 45596 --- [           main] o.s.orm.jpa.JpaTransactionManager        : Participating in existing transaction
2023-07-24T16:46:29.452+01:00 DEBUG 45596 --- [           main] o.h.j.internal.PersistenceUnitUtilImpl   : jakarta.persistence.PersistenceUnitUtil.getIdentifier is only intended to work with enhanced entities (although Hibernate also adapts this support to its proxies); however the passed entity was not enhanced (nor a proxy).. may not be able to read identifier
2023-07-24T16:46:29.452+01:00 DEBUG 45596 --- [           main] org.hibernate.orm.sql.exec               : Skipping reading Query result cache data: cache-enabled = false, cache-mode = IGNORE
2023-07-24T16:46:29.452+01:00 DEBUG 45596 --- [           main] org.hibernate.orm.results                : Initializer list
2023-07-24T16:46:29.453+01:00 DEBUG 45596 --- [           main] org.hibernate.orm.results                :     com.example.blogapp.entities.Comment.blogUser.comments -> SelectEagerCollectionInitializer(com.example.blogapp.entities.Comment.blogUser.comments)@481135566 (PluralAttribute(com.example.blogapp.entities.BlogUser.comments))
2023-07-24T16:46:29.453+01:00 DEBUG 45596 --- [           main] org.hibernate.orm.results                :     com.example.blogapp.entities.Comment.blogUser.likes.{element}.comment.blogUser -> EntitySelectFetchInitializer(com.example.blogapp.entities.Comment.blogUser.likes.{element}.comment.blogUser)@195526086 (ToOneAttributeMapping(NavigableRole[com.example.blogapp.entities.Comment.blogUser])@1389405694)
2023-07-24T16:46:29.453+01:00 DEBUG 45596 --- [           main] org.hibernate.orm.results                :     com.example.blogapp.entities.Comment.blogUser.likes.{element}.comment.likes -> SelectEagerCollectionInitializer(com.example.blogapp.entities.Comment.blogUser.likes.{element}.comment.likes)@351296672 (PluralAttribute(com.example.blogapp.entities.Comment.likes))
2023-07-24T16:46:29.453+01:00 DEBUG 45596 --- [           main] org.hibernate.orm.results                :     com.example.blogapp.entities.Comment.blogUser.likes.{element}.comment.post.comments -> SelectEagerCollectionInitializer(com.example.blogapp.entities.Comment.blogUser.likes.{element}.comment.post.comments)@1289857868 (PluralAttribute(com.example.blogapp.entities.Post.comments))
2023-07-24T16:46:29.453+01:00 DEBUG 45596 --- [           main] org.hibernate.orm.results                :     com.example.blogapp.entities.Comment.blogUser.likes.{element}.comment.post.likes -> SelectEagerCollectionInitializer(com.example.blogapp.entities.Comment.blogUser.likes.{element}.comment.post.likes)@1013103333 (PluralAttribute(com.example.blogapp.entities.Post.likes))
2023-07-24T16:46:29.453+01:00 DEBUG 45596 --- [           main] org.hibernate.orm.results                :     com.example.blogapp.entities.Comment.blogUser.likes.{element}.comment.post.superUser.posts -> SelectEagerCollectionInitializer(com.example.blogapp.entities.Comment.blogUser.likes.{element}.comment.post.superUser.posts)@211528162 (PluralAttribute(com.example.blogapp.entities.SuperUser.posts))
2023-07-24T16:46:29.453+01:00 DEBUG 45596 --- [           main] org.hibernate.orm.results                :     com.example.blogapp.entities.Comment.blogUser.likes.{element}.comment.post.superUser -> EntityJoinedFetchInitializer(com.example.blogapp.entities.Comment.blogUser.likes.{element}.comment.post.superUser)@437838221 (ToOneAttributeMapping(NavigableRole[com.example.blogapp.entities.Post.superUser])@1160440440)
2023-07-24T16:46:29.453+01:00 DEBUG 45596 --- [           main] org.hibernate.orm.results                :     com.example.blogapp.entities.Comment.blogUser.likes.{element}.comment.post -> EntityJoinedFetchInitializer(com.example.blogapp.entities.Comment.blogUser.likes.{element}.comment.post)@1533182537 (ToOneAttributeMapping(NavigableRole[com.example.blogapp.entities.Comment.post])@1466180946)
2023-07-24T16:46:29.453+01:00 DEBUG 45596 --- [           main] org.hibernate.orm.results                :     com.example.blogapp.entities.Comment.blogUser.likes.{element}.comment -> EntityJoinedFetchInitializer(com.example.blogapp.entities.Comment.blogUser.likes.{element}.comment)@1920904786 (ToOneAttributeMapping(NavigableRole[com.example.blogapp.entities.Likes.comment])@543096316)
2023-07-24T16:46:29.453+01:00 DEBUG 45596 --- [           main] org.hibernate.orm.results                :     com.example.blogapp.entities.Comment.blogUser.likes.{element}.post.comments -> SelectEagerCollectionInitializer(com.example.blogapp.entities.Comment.blogUser.likes.{element}.post.comments)@595320134 (PluralAttribute(com.example.blogapp.entities.Post.comments))
2023-07-24T16:46:29.453+01:00 DEBUG 45596 --- [           main] org.hibernate.orm.results                :     com.example.blogapp.entities.Comment.blogUser.likes.{element}.post.likes -> SelectEagerCollectionInitializer(com.example.blogapp.entities.Comment.blogUser.likes.{element}.post.likes)@2117223469 (PluralAttribute(com.example.blogapp.entities.Post.likes))
2023-07-24T16:46:29.453+01:00 DEBUG 45596 --- [           main] org.hibernate.orm.results                :     com.example.blogapp.entities.Comment.blogUser.likes.{element}.post.superUser.posts -> SelectEagerCollectionInitializer(com.example.blogapp.entities.Comment.blogUser.likes.{element}.post.superUser.posts)@822997352 (PluralAttribute(com.example.blogapp.entities.SuperUser.posts))
2023-07-24T16:46:29.453+01:00 DEBUG 45596 --- [           main] org.hibernate.orm.results                :     com.example.blogapp.entities.Comment.blogUser.likes.{element}.post.superUser -> EntityJoinedFetchInitializer(com.example.blogapp.entities.Comment.blogUser.likes.{element}.post.superUser)@906413349 (ToOneAttributeMapping(NavigableRole[com.example.blogapp.entities.Post.superUser])@1160440440)
2023-07-24T16:46:29.453+01:00 DEBUG 45596 --- [           main] org.hibernate.orm.results                :     com.example.blogapp.entities.Comment.blogUser.likes.{element}.post -> EntityJoinedFetchInitializer(com.example.blogapp.entities.Comment.blogUser.likes.{element}.post)@1265286990 (ToOneAttributeMapping(NavigableRole[com.example.blogapp.entities.Likes.post])@1277188038)
2023-07-24T16:46:29.453+01:00 DEBUG 45596 --- [           main] org.hibernate.orm.results                :     com.example.blogapp.entities.Comment.blogUser.likes.{element}.user -> EntitySelectFetchInitializer(com.example.blogapp.entities.Comment.blogUser.likes.{element}.user)@664115490 (ToOneAttributeMapping(NavigableRole[com.example.blogapp.entities.Likes.user])@787028959)
2023-07-24T16:46:29.453+01:00 DEBUG 45596 --- [           main] org.hibernate.orm.results                :     com.example.blogapp.entities.Comment.blogUser.likes.{element} -> EntityJoinedFetchInitializer(com.example.blogapp.entities.Comment.blogUser.likes.{element})@2035132937 (EntityCollectionPart(com.example.blogapp.entities.BlogUser.likes#{element})@1414771037)
2023-07-24T16:46:29.454+01:00 DEBUG 45596 --- [           main] org.hibernate.orm.results                :     com.example.blogapp.entities.Comment.blogUser.likes -> BagInitializer(com.example.blogapp.entities.Comment.blogUser.likes)@2036492264 (PluralAttribute(com.example.blogapp.entities.BlogUser.likes))
2023-07-24T16:46:29.454+01:00 DEBUG 45596 --- [           main] org.hibernate.orm.results                :     com.example.blogapp.entities.Comment.blogUser -> EntityJoinedFetchInitializer(com.example.blogapp.entities.Comment.blogUser)@1735145285 (ToOneAttributeMapping(NavigableRole[com.example.blogapp.entities.Comment.blogUser])@1389405694)
2023-07-24T16:46:29.454+01:00 DEBUG 45596 --- [           main] org.hibernate.orm.results                :     com.example.blogapp.entities.Comment.likes -> SelectEagerCollectionInitializer(com.example.blogapp.entities.Comment.likes)@1824259587 (PluralAttribute(com.example.blogapp.entities.Comment.likes))
2023-07-24T16:46:29.454+01:00 DEBUG 45596 --- [           main] org.hibernate.orm.results                :     com.example.blogapp.entities.Comment.post.comments -> SelectEagerCollectionInitializer(com.example.blogapp.entities.Comment.post.comments)@2024934527 (PluralAttribute(com.example.blogapp.entities.Post.comments))
2023-07-24T16:46:29.454+01:00 DEBUG 45596 --- [           main] org.hibernate.orm.results                :     com.example.blogapp.entities.Comment.post.likes -> SelectEagerCollectionInitializer(com.example.blogapp.entities.Comment.post.likes)@310737318 (PluralAttribute(com.example.blogapp.entities.Post.likes))
2023-07-24T16:46:29.454+01:00 DEBUG 45596 --- [           main] org.hibernate.orm.results                :     com.example.blogapp.entities.Comment.post.superUser.posts -> SelectEagerCollectionInitializer(com.example.blogapp.entities.Comment.post.superUser.posts)@349549228 (PluralAttribute(com.example.blogapp.entities.SuperUser.posts))
2023-07-24T16:46:29.454+01:00 DEBUG 45596 --- [           main] org.hibernate.orm.results                :     com.example.blogapp.entities.Comment.post.superUser -> EntityJoinedFetchInitializer(com.example.blogapp.entities.Comment.post.superUser)@657264083 (ToOneAttributeMapping(NavigableRole[com.example.blogapp.entities.Post.superUser])@1160440440)
2023-07-24T16:46:29.454+01:00 DEBUG 45596 --- [           main] org.hibernate.orm.results                :     com.example.blogapp.entities.Comment.post -> EntityJoinedFetchInitializer(com.example.blogapp.entities.Comment.post)@1326722237 (ToOneAttributeMapping(NavigableRole[com.example.blogapp.entities.Comment.post])@1466180946)
2023-07-24T16:46:29.454+01:00 DEBUG 45596 --- [           main] org.hibernate.orm.results                :     com.example.blogapp.entities.Comment -> EntityResultInitializer(com.example.blogapp.entities.Comment)@1986344112 (SingleTableEntityPersister(com.example.blogapp.entities.Comment))
2023-07-24T16:46:29.454+01:00 DEBUG 45596 --- [           main] org.hibernate.SQL                        : 
    select
        c1_0.comment_id,
        b1_0.id,
        b1_0.password,
        b1_0.username,
        l1_0.user_id,
        l1_0.like_id,
        c2_0.comment_id,
        c2_0.bloguser_id,
        c2_0.created_at,
        c2_0.description,
        p1_0.post_id,
        p1_0.category,
        p1_0.content,
        p1_0.created_at,
        s1_0.admin_id,
        s1_0.password,
        s1_0.username,
        p1_0.title,
        p1_0.updated_at,
        c2_0.updated_at,
        p2_0.post_id,
        p2_0.category,
        p2_0.content,
        p2_0.created_at,
        s2_0.admin_id,
        s2_0.password,
        s2_0.username,
        p2_0.title,
        p2_0.updated_at,
        c1_0.created_at,
        c1_0.description,
        p3_0.post_id,
        p3_0.category,
        p3_0.content,
        p3_0.created_at,
        s3_0.admin_id,
        s3_0.password,
        s3_0.username,
        p3_0.title,
        p3_0.updated_at,
        c1_0.updated_at 
    from
        comment c1_0 
    left join
        blog_user b1_0 
            on b1_0.id=c1_0.bloguser_id 
    left join
        likes l1_0 
            on b1_0.id=l1_0.user_id 
    left join
        comment c2_0 
            on c2_0.comment_id=l1_0.comment_id 
    left join
        post p1_0 
            on p1_0.post_id=c2_0.post_id 
    left join
        super_user s1_0 
            on s1_0.admin_id=p1_0.superuser_id 
    left join
        post p2_0 
            on p2_0.post_id=l1_0.post_id 
    left join
        super_user s2_0 
            on s2_0.admin_id=p2_0.superuser_id 
    left join
        post p3_0 
            on p3_0.post_id=c1_0.post_id 
    left join
        super_user s3_0 
            on s3_0.admin_id=p3_0.superuser_id 
    where
        c1_0.comment_id=?
Hibernate: 
    select
        c1_0.comment_id,
        b1_0.id,
        b1_0.password,
        b1_0.username,
        l1_0.user_id,
        l1_0.like_id,
        c2_0.comment_id,
        c2_0.bloguser_id,
        c2_0.created_at,
        c2_0.description,
        p1_0.post_id,
        p1_0.category,
        p1_0.content,
        p1_0.created_at,
        s1_0.admin_id,
        s1_0.password,
        s1_0.username,
        p1_0.title,
        p1_0.updated_at,
        c2_0.updated_at,
        p2_0.post_id,
        p2_0.category,
        p2_0.content,
        p2_0.created_at,
        s2_0.admin_id,
        s2_0.password,
        s2_0.username,
        p2_0.title,
        p2_0.updated_at,
        c1_0.created_at,
        c1_0.description,
        p3_0.post_id,
        p3_0.category,
        p3_0.content,
        p3_0.created_at,
        s3_0.admin_id,
        s3_0.password,
        s3_0.username,
        p3_0.title,
        p3_0.updated_at,
        c1_0.updated_at 
    from
        comment c1_0 
    left join
        blog_user b1_0 
            on b1_0.id=c1_0.bloguser_id 
    left join
        likes l1_0 
            on b1_0.id=l1_0.user_id 
    left join
        comment c2_0 
            on c2_0.comment_id=l1_0.comment_id 
    left join
        post p1_0 
            on p1_0.post_id=c2_0.post_id 
    left join
        super_user s1_0 
            on s1_0.admin_id=p1_0.superuser_id 
    left join
        post p2_0 
            on p2_0.post_id=l1_0.post_id 
    left join
        super_user s2_0 
            on s2_0.admin_id=p2_0.superuser_id 
    left join
        post p3_0 
            on p3_0.post_id=c1_0.post_id 
    left join
        super_user s3_0 
            on s3_0.admin_id=p3_0.superuser_id 
    where
        c1_0.comment_id=?
2023-07-24T16:46:29.462+01:00 DEBUG 45596 --- [           main] org.hibernate.SQL                        : 
    select
        next value for comment_seq
Hibernate: 
    select
        next value for comment_seq
2023-07-24T16:46:29.463+01:00 DEBUG 45596 --- [           main] o.h.id.enhanced.SequenceStructure        : Sequence value obtained: 51
2023-07-24T16:46:29.463+01:00 DEBUG 45596 --- [           main] o.h.e.i.AbstractSaveEventListener        : Generated identifier: 2, using strategy: org.hibernate.id.enhanced.SequenceStyleGenerator
2023-07-24T16:46:29.464+01:00 DEBUG 45596 --- [           main] org.springframework.test.context.cache   : Spring test ApplicationContext cache statistics: [DefaultContextCache@44ba9f25 size = 3, maxSize = 32, parentContextCount = 0, hitCount = 114, missCount = 3]
2023-07-24T16:46:29.464+01:00 DEBUG 45596 --- [           main] org.springframework.test.context.cache   : Spring test ApplicationContext cache statistics: [DefaultContextCache@44ba9f25 size = 3, maxSize = 32, parentContextCount = 0, hitCount = 115, missCount = 3]
2023-07-24T16:46:29.464+01:00 DEBUG 45596 --- [           main] org.springframework.test.context.cache   : Spring test ApplicationContext cache statistics: [DefaultContextCache@44ba9f25 size = 3, maxSize = 32, parentContextCount = 0, hitCount = 116, missCount = 3]
2023-07-24T16:46:29.464+01:00 DEBUG 45596 --- [           main] org.springframework.test.context.cache   : Spring test ApplicationContext cache statistics: [DefaultContextCache@44ba9f25 size = 3, maxSize = 32, parentContextCount = 0, hitCount = 117, missCount = 3]
2023-07-24T16:46:29.465+01:00 DEBUG 45596 --- [           main] org.springframework.test.context.cache   : Spring test ApplicationContext cache statistics: [DefaultContextCache@44ba9f25 size = 3, maxSize = 32, parentContextCount = 0, hitCount = 118, missCount = 3]
2023-07-24T16:46:29.465+01:00 DEBUG 45596 --- [           main] org.springframework.test.context.cache   : Spring test ApplicationContext cache statistics: [DefaultContextCache@44ba9f25 size = 3, maxSize = 32, parentContextCount = 0, hitCount = 119, missCount = 3]
2023-07-24T16:46:29.466+01:00 DEBUG 45596 --- [           main] o.s.orm.jpa.JpaTransactionManager        : Initiating transaction rollback
2023-07-24T16:46:29.466+01:00 DEBUG 45596 --- [           main] o.s.orm.jpa.JpaTransactionManager        : Rolling back JPA transaction on EntityManager [SessionImpl(979672986<open>)]
2023-07-24T16:46:29.466+01:00 DEBUG 45596 --- [           main] o.h.e.t.internal.TransactionImpl         : rolling back
2023-07-24T16:46:29.466+01:00 DEBUG 45596 --- [           main] o.s.orm.jpa.JpaTransactionManager        : Closing JPA EntityManager [SessionImpl(979672986<open>)] after transaction
2023-07-24T16:46:29.466+01:00 DEBUG 45596 --- [           main] o.s.t.c.transaction.TransactionContext   : Rolled back transaction (1) for test class [com.example.blogapp.repository.CommentRepositoryTest]; test method [GivenComment_WhenSave_ReturnObject]
2023-07-24T16:46:29.467+01:00 DEBUG 45596 --- [           main] .c.s.DirtiesContextTestExecutionListener : After test method: class [CommentRepositoryTest], method [GivenComment_WhenSave_ReturnObject], class annotated with @DirtiesContext [false] with mode [null], method annotated with @DirtiesContext [false] with mode [null]
]]></system-out>
  </testcase>
</testsuite>